2025-04-04 15:38:18,656 - analyze_results - INFO - Logs will be saved to: logs/20250404_151259/analyze_results.log
2025-04-04 15:38:18,657 - analyze_results - INFO - Analysis started at: 2025-04-04 15:38:18
2025-04-04 15:38:18,657 - analyze_results - INFO - Command line arguments: ['/Users/minhan6559/Desktop/COS30019---Intro-to-AI/Assignment_1/src/experiment/analyze_results.py', '--log-scale', '--metrics', 'path_cost', 'path_length', 'nodes_expanded', 'runtime_ms', '--log-dir', 'logs', '--timestamp', '20250404_151259']
2025-04-04 15:38:18,657 - analyze_results - INFO - Analysis base directory: /Users/minhan6559/Desktop/COS30019---Intro-to-AI/Assignment_1/data/analysis
2025-04-04 15:38:18,657 - analyze_results - INFO - Created analysis checkpoint directory: /Users/minhan6559/Desktop/COS30019---Intro-to-AI/Assignment_1/data/analysis/20250404_151259
2025-04-04 15:38:18,657 - analyze_results - INFO - Updated latest analysis checkpoint pointer to: 20250404_151259
2025-04-04 15:38:18,657 - analyze_results - INFO - Results base directory: /Users/minhan6559/Desktop/COS30019---Intro-to-AI/Assignment_1/data/results
2025-04-04 15:38:18,657 - analyze_results - INFO - Found most recent checkpoint directory: 20250404_151259
2025-04-04 15:38:18,658 - analyze_results - INFO - Using results checkpoint: 20250404_151259
2025-04-04 15:38:18,658 - analyze_results - INFO - Found results files: ['/Users/minhan6559/Desktop/COS30019---Intro-to-AI/Assignment_1/data/results/20250404_151259/search_results.json']
2025-04-04 15:38:18,658 - analyze_results - INFO - Analysis results will be saved to checkpoint: 20250404_151259
2025-04-04 15:38:18,658 - analyze_results - INFO - Analyzing results file: /Users/minhan6559/Desktop/COS30019---Intro-to-AI/Assignment_1/data/results/20250404_151259/search_results.json
2025-04-04 15:38:18,658 - analyze_results - INFO - Successfully loaded results from /Users/minhan6559/Desktop/COS30019---Intro-to-AI/Assignment_1/data/results/20250404_151259/search_results.json
2025-04-04 15:38:18,658 - analyze_results - INFO - Results metadata: {'timestamp': '20250404_151259', 'graphs_checkpoint': '20250404_151259', 'node_counts': [1000, 3000, 5000, 8000, 10000], 'graphs_per_size': 5, 'timeout': 300}
2025-04-04 15:38:18,658 - analyze_results - INFO - Calculating means across graphs of the same size
2025-04-04 15:38:18,658 - analyze_results - INFO - Processing node count: 1000
2025-04-04 15:38:18,659 - analyze_results - INFO - Processing node count: 3000
2025-04-04 15:38:18,659 - analyze_results - INFO - Processing node count: 5000
2025-04-04 15:38:18,659 - analyze_results - INFO - Processing node count: 8000
2025-04-04 15:38:18,659 - analyze_results - INFO - Processing node count: 10000
2025-04-04 15:38:18,660 - analyze_results - INFO - Generating charts for metrics: ['path_cost', 'path_length', 'nodes_expanded', 'runtime_ms']
2025-04-04 15:38:18,660 - analyze_results - INFO - Using log scale: True
2025-04-04 15:38:18,660 - analyze_results - INFO - Generating chart for metric: path_cost
2025-04-04 15:38:19,387 - analyze_results - INFO - Saved chart: /Users/minhan6559/Desktop/COS30019---Intro-to-AI/Assignment_1/data/analysis/20250404_151259/chart_path_cost.png
2025-04-04 15:38:19,387 - analyze_results - INFO - Generating chart for metric: path_length
2025-04-04 15:38:19,807 - analyze_results - INFO - Saved chart: /Users/minhan6559/Desktop/COS30019---Intro-to-AI/Assignment_1/data/analysis/20250404_151259/chart_path_length.png
2025-04-04 15:38:19,807 - analyze_results - INFO - Generating chart for metric: nodes_expanded
2025-04-04 15:38:20,289 - analyze_results - INFO - Saved chart: /Users/minhan6559/Desktop/COS30019---Intro-to-AI/Assignment_1/data/analysis/20250404_151259/chart_nodes_expanded.png
2025-04-04 15:38:20,289 - analyze_results - INFO - Generating chart for metric: runtime_ms
2025-04-04 15:38:20,788 - analyze_results - INFO - Saved chart: /Users/minhan6559/Desktop/COS30019---Intro-to-AI/Assignment_1/data/analysis/20250404_151259/chart_runtime_ms.png
2025-04-04 15:38:20,788 - analyze_results - INFO - Generating success rate chart
2025-04-04 15:38:21,095 - analyze_results - INFO - Saved chart: /Users/minhan6559/Desktop/COS30019---Intro-to-AI/Assignment_1/data/analysis/20250404_151259/chart_success_rate.png
2025-04-04 15:38:21,096 - analyze_results - INFO - Saved means to: /Users/minhan6559/Desktop/COS30019---Intro-to-AI/Assignment_1/data/analysis/20250404_151259/means.json
2025-04-04 15:38:21,097 - analyze_results - INFO - Saved source info to: /Users/minhan6559/Desktop/COS30019---Intro-to-AI/Assignment_1/data/analysis/20250404_151259/source_info.json
2025-04-04 15:38:21,097 - analyze_results - INFO - 
Analysis completed successfully!
2025-04-04 15:38:21,097 - analyze_results - INFO - Analysis checkpoint created: 20250404_151259
