2025-04-04 15:12:59,813 - experiment - INFO - Logs will be saved to: logs/20250404_151259/experiment.log
2025-04-04 15:12:59,813 - experiment - INFO - Experiment started at: 2025-04-04 15:12:59
2025-04-04 15:12:59,813 - experiment - INFO - Command line arguments: ['run_search_experiments.py', '--all', '--graphs-per-size', '5']
2025-04-04 15:12:59,813 - experiment - INFO - Working directory: /Users/minhan6559/Desktop/COS30019---Intro-to-AI/Assignment_1
2025-04-04 15:12:59,813 - experiment - INFO - ==================================================
2025-04-04 15:12:59,813 - experiment - INFO - STEP 1: Generating test graphs
2025-04-04 15:12:59,813 - experiment - INFO - ==================================================
2025-04-04 15:12:59,813 - experiment - INFO - Running command: /Users/minhan6559/anaconda3/envs/ita/bin/python /Users/minhan6559/Desktop/COS30019---Intro-to-AI/Assignment_1/src/experiment/generate_graphs.py --node-counts 1000 3000 5000 8000 10000 --graphs-per-size 5 --min-edges 10 --max-edges 20 --log-dir logs --timestamp 20250404_151259
2025-04-04 15:37:06,343 - experiment - INFO - Command completed successfully with return code 0
2025-04-04 15:37:06,343 - experiment - INFO - ==================================================
2025-04-04 15:37:06,343 - experiment - INFO - STEP 2: Running experiments
2025-04-04 15:37:06,343 - experiment - INFO - ==================================================
2025-04-04 15:37:06,344 - experiment - INFO - Running command: /Users/minhan6559/anaconda3/envs/ita/bin/python /Users/minhan6559/Desktop/COS30019---Intro-to-AI/Assignment_1/src/experiment/run_experiments.py --timeout 300 --node-counts 1000 3000 5000 8000 10000 --graphs-per-size 5 --log-dir logs --timestamp 20250404_151259
2025-04-04 15:38:17,894 - experiment - INFO - Command completed successfully with return code 0
2025-04-04 15:38:17,894 - experiment - INFO - ==================================================
2025-04-04 15:38:17,894 - experiment - INFO - STEP 3: Analyzing results
2025-04-04 15:38:17,894 - experiment - INFO - ==================================================
2025-04-04 15:38:17,894 - experiment - INFO - Running command: /Users/minhan6559/anaconda3/envs/ita/bin/python /Users/minhan6559/Desktop/COS30019---Intro-to-AI/Assignment_1/src/experiment/analyze_results.py --log-scale --metrics path_cost path_length nodes_expanded runtime_ms --log-dir logs --timestamp 20250404_151259
2025-04-04 15:38:21,160 - experiment - INFO - Command completed successfully with return code 0
2025-04-04 15:38:21,160 - experiment - INFO - ==================================================
2025-04-04 15:38:21,160 - experiment - INFO - Experiment completed in 1521.35 seconds
2025-04-04 15:38:21,160 - experiment - INFO - ==================================================
