2025-04-04 15:12:59,858 - generate_graphs - INFO - Logs will be saved to: logs/20250404_151259/generate_graphs.log
2025-04-04 15:12:59,858 - generate_graphs - INFO - Graph generation started at: 2025-04-04 15:12:59
2025-04-04 15:12:59,858 - generate_graphs - INFO - Command line arguments: ['/Users/minhan6559/Desktop/COS30019---Intro-to-AI/Assignment_1/src/experiment/generate_graphs.py', '--node-counts', '1000', '3000', '5000', '8000', '10000', '--graphs-per-size', '5', '--min-edges', '10', '--max-edges', '20', '--log-dir', 'logs', '--timestamp', '20250404_151259']
2025-04-04 15:12:59,859 - generate_graphs - INFO - Created checkpoint directory: /Users/minhan6559/Desktop/COS30019---Intro-to-AI/Assignment_1/data/graphs/20250404_151259
2025-04-04 15:12:59,859 - generate_graphs - INFO - Generating graphs with parameters:
2025-04-04 15:12:59,859 - generate_graphs - INFO -   Node counts: [1000, 3000, 5000, 8000, 10000]
2025-04-04 15:12:59,859 - generate_graphs - INFO -   Graphs per size: 5
2025-04-04 15:12:59,859 - generate_graphs - INFO -   Edge range: 10-20 per node
2025-04-04 15:12:59,859 - generate_graphs - INFO -   Output directory: /Users/minhan6559/Desktop/COS30019---Intro-to-AI/Assignment_1/data/graphs/20250404_151259
2025-04-04 15:12:59,859 - generate_graphs - INFO -   Checkpoint timestamp: 20250404_151259
2025-04-04 15:12:59,859 - generate_graphs - INFO - Processing node count: 1000
2025-04-04 15:12:59,859 - generate_graphs - INFO -   Generating graph 1/5 with seed None
2025-04-04 15:12:59,859 - generate_graphs - INFO - Generating graph with 1000 nodes, 10-20 edges per node...
2025-04-04 15:13:01,157 - generate_graphs - INFO -   Generation completed in 1.30 seconds
2025-04-04 15:13:01,158 - generate_graphs - INFO -   Saving graph to /Users/minhan6559/Desktop/COS30019---Intro-to-AI/Assignment_1/data/graphs/20250404_151259/nodes_1000/graph_1000_1.txt
2025-04-04 15:13:01,176 - generate_graphs - INFO -   Graph saved successfully
2025-04-04 15:13:01,177 - generate_graphs - INFO -   Generating graph 2/5 with seed None
2025-04-04 15:13:01,177 - generate_graphs - INFO - Generating graph with 1000 nodes, 10-20 edges per node...
2025-04-04 15:13:02,473 - generate_graphs - INFO -   Generation completed in 1.30 seconds
2025-04-04 15:13:02,474 - generate_graphs - INFO -   Saving graph to /Users/minhan6559/Desktop/COS30019---Intro-to-AI/Assignment_1/data/graphs/20250404_151259/nodes_1000/graph_1000_2.txt
2025-04-04 15:13:02,492 - generate_graphs - INFO -   Graph saved successfully
2025-04-04 15:13:02,492 - generate_graphs - INFO -   Generating graph 3/5 with seed None
2025-04-04 15:13:02,492 - generate_graphs - INFO - Generating graph with 1000 nodes, 10-20 edges per node...
2025-04-04 15:13:03,851 - generate_graphs - INFO -   Generation completed in 1.36 seconds
2025-04-04 15:13:03,852 - generate_graphs - INFO -   Saving graph to /Users/minhan6559/Desktop/COS30019---Intro-to-AI/Assignment_1/data/graphs/20250404_151259/nodes_1000/graph_1000_3.txt
2025-04-04 15:13:03,870 - generate_graphs - INFO -   Graph saved successfully
2025-04-04 15:13:03,870 - generate_graphs - INFO -   Generating graph 4/5 with seed None
2025-04-04 15:13:03,870 - generate_graphs - INFO - Generating graph with 1000 nodes, 10-20 edges per node...
2025-04-04 15:13:05,177 - generate_graphs - INFO -   Generation completed in 1.31 seconds
2025-04-04 15:13:05,178 - generate_graphs - INFO -   Saving graph to /Users/minhan6559/Desktop/COS30019---Intro-to-AI/Assignment_1/data/graphs/20250404_151259/nodes_1000/graph_1000_4.txt
2025-04-04 15:13:05,196 - generate_graphs - INFO -   Graph saved successfully
2025-04-04 15:13:05,196 - generate_graphs - INFO -   Generating graph 5/5 with seed None
2025-04-04 15:13:05,197 - generate_graphs - INFO - Generating graph with 1000 nodes, 10-20 edges per node...
2025-04-04 15:13:06,562 - generate_graphs - INFO -   Generation completed in 1.37 seconds
2025-04-04 15:13:06,564 - generate_graphs - INFO -   Saving graph to /Users/minhan6559/Desktop/COS30019---Intro-to-AI/Assignment_1/data/graphs/20250404_151259/nodes_1000/graph_1000_5.txt
2025-04-04 15:13:06,584 - generate_graphs - INFO -   Graph saved successfully
2025-04-04 15:13:06,585 - generate_graphs - INFO - Processing node count: 3000
2025-04-04 15:13:06,585 - generate_graphs - INFO -   Generating graph 1/5 with seed None
2025-04-04 15:13:06,585 - generate_graphs - INFO - Generating graph with 3000 nodes, 10-20 edges per node...
2025-04-04 15:13:18,489 - generate_graphs - INFO -   Generation completed in 11.90 seconds
2025-04-04 15:13:18,492 - generate_graphs - INFO -   Saving graph to /Users/minhan6559/Desktop/COS30019---Intro-to-AI/Assignment_1/data/graphs/20250404_151259/nodes_3000/graph_3000_1.txt
2025-04-04 15:13:18,545 - generate_graphs - INFO -   Graph saved successfully
2025-04-04 15:13:18,545 - generate_graphs - INFO -   Generating graph 2/5 with seed None
2025-04-04 15:13:18,545 - generate_graphs - INFO - Generating graph with 3000 nodes, 10-20 edges per node...
2025-04-04 15:13:30,494 - generate_graphs - INFO -   Generation completed in 11.95 seconds
2025-04-04 15:13:30,498 - generate_graphs - INFO -   Saving graph to /Users/minhan6559/Desktop/COS30019---Intro-to-AI/Assignment_1/data/graphs/20250404_151259/nodes_3000/graph_3000_2.txt
2025-04-04 15:13:30,553 - generate_graphs - INFO -   Graph saved successfully
2025-04-04 15:13:30,553 - generate_graphs - INFO -   Generating graph 3/5 with seed None
2025-04-04 15:13:30,553 - generate_graphs - INFO - Generating graph with 3000 nodes, 10-20 edges per node...
2025-04-04 15:13:42,506 - generate_graphs - INFO -   Generation completed in 11.95 seconds
2025-04-04 15:13:42,509 - generate_graphs - INFO -   Saving graph to /Users/minhan6559/Desktop/COS30019---Intro-to-AI/Assignment_1/data/graphs/20250404_151259/nodes_3000/graph_3000_3.txt
2025-04-04 15:13:42,566 - generate_graphs - INFO -   Graph saved successfully
2025-04-04 15:13:42,566 - generate_graphs - INFO -   Generating graph 4/5 with seed None
2025-04-04 15:13:42,566 - generate_graphs - INFO - Generating graph with 3000 nodes, 10-20 edges per node...
2025-04-04 15:13:54,613 - generate_graphs - INFO -   Generation completed in 12.05 seconds
2025-04-04 15:13:54,617 - generate_graphs - INFO -   Saving graph to /Users/minhan6559/Desktop/COS30019---Intro-to-AI/Assignment_1/data/graphs/20250404_151259/nodes_3000/graph_3000_4.txt
2025-04-04 15:13:54,675 - generate_graphs - INFO -   Graph saved successfully
2025-04-04 15:13:54,675 - generate_graphs - INFO -   Generating graph 5/5 with seed None
2025-04-04 15:13:54,675 - generate_graphs - INFO - Generating graph with 3000 nodes, 10-20 edges per node...
2025-04-04 15:14:06,632 - generate_graphs - INFO -   Generation completed in 11.96 seconds
2025-04-04 15:14:06,636 - generate_graphs - INFO -   Saving graph to /Users/minhan6559/Desktop/COS30019---Intro-to-AI/Assignment_1/data/graphs/20250404_151259/nodes_3000/graph_3000_5.txt
2025-04-04 15:14:06,692 - generate_graphs - INFO -   Graph saved successfully
2025-04-04 15:14:06,692 - generate_graphs - INFO - Processing node count: 5000
2025-04-04 15:14:06,692 - generate_graphs - INFO -   Generating graph 1/5 with seed None
2025-04-04 15:14:06,692 - generate_graphs - INFO - Generating graph with 5000 nodes, 10-20 edges per node...
2025-04-04 15:14:42,117 - generate_graphs - INFO -   Generation completed in 35.43 seconds
2025-04-04 15:14:42,123 - generate_graphs - INFO -   Saving graph to /Users/minhan6559/Desktop/COS30019---Intro-to-AI/Assignment_1/data/graphs/20250404_151259/nodes_5000/graph_5000_1.txt
2025-04-04 15:14:42,214 - generate_graphs - INFO -   Graph saved successfully
2025-04-04 15:14:42,214 - generate_graphs - INFO -   Generating graph 2/5 with seed None
2025-04-04 15:14:42,214 - generate_graphs - INFO - Generating graph with 5000 nodes, 10-20 edges per node...
2025-04-04 15:15:17,605 - generate_graphs - INFO -   Generation completed in 35.39 seconds
2025-04-04 15:15:17,611 - generate_graphs - INFO -   Saving graph to /Users/minhan6559/Desktop/COS30019---Intro-to-AI/Assignment_1/data/graphs/20250404_151259/nodes_5000/graph_5000_2.txt
2025-04-04 15:15:17,709 - generate_graphs - INFO -   Graph saved successfully
2025-04-04 15:15:17,710 - generate_graphs - INFO -   Generating graph 3/5 with seed None
2025-04-04 15:15:17,710 - generate_graphs - INFO - Generating graph with 5000 nodes, 10-20 edges per node...
2025-04-04 15:15:51,106 - generate_graphs - INFO -   Generation completed in 33.40 seconds
2025-04-04 15:15:51,112 - generate_graphs - INFO -   Saving graph to /Users/minhan6559/Desktop/COS30019---Intro-to-AI/Assignment_1/data/graphs/20250404_151259/nodes_5000/graph_5000_3.txt
2025-04-04 15:15:51,204 - generate_graphs - INFO -   Graph saved successfully
2025-04-04 15:15:51,205 - generate_graphs - INFO -   Generating graph 4/5 with seed None
2025-04-04 15:15:51,205 - generate_graphs - INFO - Generating graph with 5000 nodes, 10-20 edges per node...
2025-04-04 15:16:25,455 - generate_graphs - INFO -   Generation completed in 34.25 seconds
2025-04-04 15:16:25,461 - generate_graphs - INFO -   Saving graph to /Users/minhan6559/Desktop/COS30019---Intro-to-AI/Assignment_1/data/graphs/20250404_151259/nodes_5000/graph_5000_4.txt
2025-04-04 15:16:25,558 - generate_graphs - INFO -   Graph saved successfully
2025-04-04 15:16:25,558 - generate_graphs - INFO -   Generating graph 5/5 with seed None
2025-04-04 15:16:25,558 - generate_graphs - INFO - Generating graph with 5000 nodes, 10-20 edges per node...
2025-04-04 15:16:58,996 - generate_graphs - INFO -   Generation completed in 33.44 seconds
2025-04-04 15:16:59,003 - generate_graphs - INFO -   Saving graph to /Users/minhan6559/Desktop/COS30019---Intro-to-AI/Assignment_1/data/graphs/20250404_151259/nodes_5000/graph_5000_5.txt
2025-04-04 15:16:59,092 - generate_graphs - INFO -   Graph saved successfully
2025-04-04 15:16:59,092 - generate_graphs - INFO - Processing node count: 8000
2025-04-04 15:16:59,092 - generate_graphs - INFO -   Generating graph 1/5 with seed None
2025-04-04 15:16:59,093 - generate_graphs - INFO - Generating graph with 8000 nodes, 10-20 edges per node...
2025-04-04 15:18:27,981 - generate_graphs - INFO -   Generation completed in 88.89 seconds
2025-04-04 15:18:27,990 - generate_graphs - INFO -   Saving graph to /Users/minhan6559/Desktop/COS30019---Intro-to-AI/Assignment_1/data/graphs/20250404_151259/nodes_8000/graph_8000_1.txt
2025-04-04 15:18:28,143 - generate_graphs - INFO -   Graph saved successfully
2025-04-04 15:18:28,143 - generate_graphs - INFO -   Generating graph 2/5 with seed None
2025-04-04 15:18:28,143 - generate_graphs - INFO - Generating graph with 8000 nodes, 10-20 edges per node...
2025-04-04 15:19:54,400 - generate_graphs - INFO -   Generation completed in 86.26 seconds
2025-04-04 15:19:54,410 - generate_graphs - INFO -   Saving graph to /Users/minhan6559/Desktop/COS30019---Intro-to-AI/Assignment_1/data/graphs/20250404_151259/nodes_8000/graph_8000_2.txt
2025-04-04 15:19:54,569 - generate_graphs - INFO -   Graph saved successfully
2025-04-04 15:19:54,569 - generate_graphs - INFO -   Generating graph 3/5 with seed None
2025-04-04 15:19:54,569 - generate_graphs - INFO - Generating graph with 8000 nodes, 10-20 edges per node...
2025-04-04 15:21:21,894 - generate_graphs - INFO -   Generation completed in 87.32 seconds
2025-04-04 15:21:21,904 - generate_graphs - INFO -   Saving graph to /Users/minhan6559/Desktop/COS30019---Intro-to-AI/Assignment_1/data/graphs/20250404_151259/nodes_8000/graph_8000_3.txt
2025-04-04 15:21:22,051 - generate_graphs - INFO -   Graph saved successfully
2025-04-04 15:21:22,051 - generate_graphs - INFO -   Generating graph 4/5 with seed None
2025-04-04 15:21:22,051 - generate_graphs - INFO - Generating graph with 8000 nodes, 10-20 edges per node...
2025-04-04 15:22:49,573 - generate_graphs - INFO -   Generation completed in 87.52 seconds
2025-04-04 15:22:49,583 - generate_graphs - INFO -   Saving graph to /Users/minhan6559/Desktop/COS30019---Intro-to-AI/Assignment_1/data/graphs/20250404_151259/nodes_8000/graph_8000_4.txt
2025-04-04 15:22:49,740 - generate_graphs - INFO -   Graph saved successfully
2025-04-04 15:22:49,740 - generate_graphs - INFO -   Generating graph 5/5 with seed None
2025-04-04 15:22:49,740 - generate_graphs - INFO - Generating graph with 8000 nodes, 10-20 edges per node...
2025-04-04 15:24:15,654 - generate_graphs - INFO -   Generation completed in 85.91 seconds
2025-04-04 15:24:15,664 - generate_graphs - INFO -   Saving graph to /Users/minhan6559/Desktop/COS30019---Intro-to-AI/Assignment_1/data/graphs/20250404_151259/nodes_8000/graph_8000_5.txt
2025-04-04 15:24:15,819 - generate_graphs - INFO -   Graph saved successfully
2025-04-04 15:24:15,819 - generate_graphs - INFO - Processing node count: 10000
2025-04-04 15:24:15,820 - generate_graphs - INFO -   Generating graph 1/5 with seed None
2025-04-04 15:24:15,820 - generate_graphs - INFO - Generating graph with 10000 nodes, 10-20 edges per node...
2025-04-04 15:26:29,946 - generate_graphs - INFO -   Generation completed in 134.13 seconds
2025-04-04 15:26:29,957 - generate_graphs - INFO -   Saving graph to /Users/minhan6559/Desktop/COS30019---Intro-to-AI/Assignment_1/data/graphs/20250404_151259/nodes_10000/graph_10000_1.txt
2025-04-04 15:26:30,138 - generate_graphs - INFO -   Graph saved successfully
2025-04-04 15:26:30,138 - generate_graphs - INFO -   Generating graph 2/5 with seed None
2025-04-04 15:26:30,138 - generate_graphs - INFO - Generating graph with 10000 nodes, 10-20 edges per node...
2025-04-04 15:29:59,281 - generate_graphs - INFO -   Generation completed in 209.14 seconds
2025-04-04 15:29:59,295 - generate_graphs - INFO -   Saving graph to /Users/minhan6559/Desktop/COS30019---Intro-to-AI/Assignment_1/data/graphs/20250404_151259/nodes_10000/graph_10000_2.txt
2025-04-04 15:29:59,488 - generate_graphs - INFO -   Graph saved successfully
2025-04-04 15:29:59,488 - generate_graphs - INFO -   Generating graph 3/5 with seed None
2025-04-04 15:29:59,488 - generate_graphs - INFO - Generating graph with 10000 nodes, 10-20 edges per node...
2025-04-04 15:32:15,805 - generate_graphs - INFO -   Generation completed in 136.32 seconds
2025-04-04 15:32:15,818 - generate_graphs - INFO -   Saving graph to /Users/minhan6559/Desktop/COS30019---Intro-to-AI/Assignment_1/data/graphs/20250404_151259/nodes_10000/graph_10000_3.txt
2025-04-04 15:32:16,013 - generate_graphs - INFO -   Graph saved successfully
2025-04-04 15:32:16,013 - generate_graphs - INFO -   Generating graph 4/5 with seed None
2025-04-04 15:32:16,013 - generate_graphs - INFO - Generating graph with 10000 nodes, 10-20 edges per node...
2025-04-04 15:34:48,085 - generate_graphs - INFO -   Generation completed in 152.07 seconds
2025-04-04 15:34:48,098 - generate_graphs - INFO -   Saving graph to /Users/minhan6559/Desktop/COS30019---Intro-to-AI/Assignment_1/data/graphs/20250404_151259/nodes_10000/graph_10000_4.txt
2025-04-04 15:34:48,283 - generate_graphs - INFO -   Graph saved successfully
2025-04-04 15:34:48,283 - generate_graphs - INFO -   Generating graph 5/5 with seed None
2025-04-04 15:34:48,283 - generate_graphs - INFO - Generating graph with 10000 nodes, 10-20 edges per node...
2025-04-04 15:37:06,127 - generate_graphs - INFO -   Generation completed in 137.84 seconds
2025-04-04 15:37:06,140 - generate_graphs - INFO -   Saving graph to /Users/minhan6559/Desktop/COS30019---Intro-to-AI/Assignment_1/data/graphs/20250404_151259/nodes_10000/graph_10000_5.txt
2025-04-04 15:37:06,332 - generate_graphs - INFO -   Graph saved successfully
2025-04-04 15:37:06,332 - generate_graphs - INFO - 
All graphs generated successfully!
2025-04-04 15:37:06,332 - generate_graphs - INFO - Checkpoint created: 20250404_151259
