2025-04-04 15:37:06,425 - run_experiments - INFO - Logs will be saved to: logs/20250404_151259/run_experiments.log
2025-04-04 15:37:06,425 - run_experiments - INFO - Experiment run started at: 2025-04-04 15:37:06
2025-04-04 15:37:06,425 - run_experiments - INFO - Command line arguments: ['/Users/minhan6559/Desktop/COS30019---Intro-to-AI/Assignment_1/src/experiment/run_experiments.py', '--timeout', '300', '--node-counts', '1000', '3000', '5000', '8000', '10000', '--graphs-per-size', '5', '--log-dir', 'logs', '--timestamp', '20250404_151259']
2025-04-04 15:37:06,425 - run_experiments - INFO - Results base directory: /Users/minhan6559/Desktop/COS30019---Intro-to-AI/Assignment_1/data/results
2025-04-04 15:37:06,425 - run_experiments - INFO - Created results checkpoint directory: /Users/minhan6559/Desktop/COS30019---Intro-to-AI/Assignment_1/data/results/20250404_151259
2025-04-04 15:37:06,425 - run_experiments - INFO - Graphs base directory: /Users/minhan6559/Desktop/COS30019---Intro-to-AI/Assignment_1/data/graphs
2025-04-04 15:37:06,425 - run_experiments - INFO - Found most recent checkpoint directory: 20250404_151259
2025-04-04 15:37:06,425 - run_experiments - INFO - Using graph checkpoint: 20250404_151259
2025-04-04 15:37:06,425 - run_experiments - INFO - Results will be saved to checkpoint: 20250404_151259
2025-04-04 15:37:06,425 - run_experiments - INFO - Using all node counts: [1000, 3000, 5000, 8000, 10000]
2025-04-04 15:37:06,426 - run_experiments - INFO - Using search algorithms: ['BFS', 'DFS', 'A*', 'Greedy', 'UCS', 'BULB']
2025-04-04 15:37:06,426 - run_experiments - INFO - 
Processing graphs with 1000 nodes:
2025-04-04 15:37:06,426 - run_experiments - INFO -   Found 5 graph files in /Users/minhan6559/Desktop/COS30019---Intro-to-AI/Assignment_1/data/graphs/20250404_151259/nodes_1000
2025-04-04 15:37:06,426 - run_experiments - INFO -   Processing graph: graph_1000_1.txt
2025-04-04 15:37:06,447 - run_experiments - INFO -     Initial: 174, Goals: [584, 69, 5]
2025-04-04 15:37:06,448 - run_experiments - INFO -   Running BFS...
2025-04-04 15:37:06,460 - run_experiments - INFO -     BFS: Found path of length 8 with cost 1926.43 in 12.10ms
2025-04-04 15:37:06,460 - run_experiments - INFO -   Running DFS...
2025-04-04 15:37:06,553 - run_experiments - INFO -     DFS: Found path of length 63 with cost 15240.44 in 92.62ms
2025-04-04 15:37:06,553 - run_experiments - INFO -   Running A*...
2025-04-04 15:37:06,557 - run_experiments - INFO -     A*: Found path of length 8 with cost 1456.15 in 3.56ms
2025-04-04 15:37:06,557 - run_experiments - INFO -   Running Greedy...
2025-04-04 15:37:06,557 - run_experiments - INFO -     Greedy: Found path of length 8 with cost 1805.66 in 0.48ms
2025-04-04 15:37:06,557 - run_experiments - INFO -   Running UCS...
2025-04-04 15:37:06,566 - run_experiments - INFO -     UCS: Found path of length 8 with cost 1456.15 in 8.68ms
2025-04-04 15:37:06,566 - run_experiments - INFO -   Running BULB...
2025-04-04 15:37:06,571 - run_experiments - INFO -     BULB: Found path of length 8 with cost 1456.15 in 5.18ms
2025-04-04 15:37:06,571 - run_experiments - INFO -   Processing graph: graph_1000_2.txt
2025-04-04 15:37:06,594 - run_experiments - INFO -     Initial: 38, Goals: [211, 72, 884]
2025-04-04 15:37:06,595 - run_experiments - INFO -   Running BFS...
2025-04-04 15:37:06,616 - run_experiments - INFO -     BFS: Found path of length 10 with cost 2691.41 in 21.50ms
2025-04-04 15:37:06,616 - run_experiments - INFO -   Running DFS...
2025-04-04 15:37:06,797 - run_experiments - INFO -     DFS: Found path of length 63 with cost 15578.60 in 180.43ms
2025-04-04 15:37:06,797 - run_experiments - INFO -   Running A*...
2025-04-04 15:37:06,805 - run_experiments - INFO -     A*: Found path of length 11 with cost 2121.22 in 8.44ms
2025-04-04 15:37:06,806 - run_experiments - INFO -   Running Greedy...
2025-04-04 15:37:06,806 - run_experiments - INFO -     Greedy: Found path of length 10 with cost 2628.53 in 0.59ms
2025-04-04 15:37:06,806 - run_experiments - INFO -   Running UCS...
2025-04-04 15:37:06,820 - run_experiments - INFO -     UCS: Found path of length 11 with cost 2121.22 in 14.18ms
2025-04-04 15:37:06,821 - run_experiments - INFO -   Running BULB...
2025-04-04 15:37:06,833 - run_experiments - INFO -     BULB: Found path of length 11 with cost 2121.22 in 12.63ms
2025-04-04 15:37:06,833 - run_experiments - INFO -   Processing graph: graph_1000_3.txt
2025-04-04 15:37:06,855 - run_experiments - INFO -     Initial: 174, Goals: [605, 919, 368]
2025-04-04 15:37:06,856 - run_experiments - INFO -   Running BFS...
2025-04-04 15:37:06,870 - run_experiments - INFO -     BFS: Found path of length 7 with cost 1901.60 in 14.35ms
2025-04-04 15:37:06,870 - run_experiments - INFO -   Running DFS...
2025-04-04 15:37:06,932 - run_experiments - INFO -     DFS: Found path of length 95 with cost 22417.73 in 61.76ms
2025-04-04 15:37:06,932 - run_experiments - INFO -   Running A*...
2025-04-04 15:37:06,936 - run_experiments - INFO -     A*: Found path of length 9 with cost 1393.75 in 3.39ms
2025-04-04 15:37:06,936 - run_experiments - INFO -   Running Greedy...
2025-04-04 15:37:06,936 - run_experiments - INFO -     Greedy: Found path of length 8 with cost 1682.85 in 0.49ms
2025-04-04 15:37:06,936 - run_experiments - INFO -   Running UCS...
2025-04-04 15:37:06,946 - run_experiments - INFO -     UCS: Found path of length 9 with cost 1393.75 in 9.98ms
2025-04-04 15:37:06,946 - run_experiments - INFO -   Running BULB...
2025-04-04 15:37:06,951 - run_experiments - INFO -     BULB: Found path of length 9 with cost 1393.75 in 4.82ms
2025-04-04 15:37:06,951 - run_experiments - INFO -   Processing graph: graph_1000_4.txt
2025-04-04 15:37:06,973 - run_experiments - INFO -     Initial: 807, Goals: [317, 48, 349]
2025-04-04 15:37:06,974 - run_experiments - INFO -   Running BFS...
2025-04-04 15:37:06,980 - run_experiments - INFO -     BFS: Found path of length 8 with cost 2478.75 in 6.43ms
2025-04-04 15:37:06,980 - run_experiments - INFO -   Running DFS...
2025-04-04 15:37:07,092 - run_experiments - INFO -     DFS: Found path of length 100 with cost 24740.77 in 112.34ms
2025-04-04 15:37:07,093 - run_experiments - INFO -   Running A*...
2025-04-04 15:37:07,098 - run_experiments - INFO -     A*: Found path of length 14 with cost 2025.86 in 5.42ms
2025-04-04 15:37:07,098 - run_experiments - INFO -   Running Greedy...
2025-04-04 15:37:07,099 - run_experiments - INFO -     Greedy: Found path of length 9 with cost 2421.61 in 0.57ms
2025-04-04 15:37:07,099 - run_experiments - INFO -   Running UCS...
2025-04-04 15:37:07,109 - run_experiments - INFO -     UCS: Found path of length 14 with cost 2025.86 in 10.18ms
2025-04-04 15:37:07,109 - run_experiments - INFO -   Running BULB...
2025-04-04 15:37:07,118 - run_experiments - INFO -     BULB: Found path of length 14 with cost 2025.86 in 8.62ms
2025-04-04 15:37:07,118 - run_experiments - INFO -   Processing graph: graph_1000_5.txt
2025-04-04 15:37:07,139 - run_experiments - INFO -     Initial: 207, Goals: [186, 888, 652]
2025-04-04 15:37:07,140 - run_experiments - INFO -   Running BFS...
2025-04-04 15:37:07,171 - run_experiments - INFO -     BFS: Found path of length 12 with cost 3204.76 in 30.32ms
2025-04-04 15:37:07,171 - run_experiments - INFO -   Running DFS...
2025-04-04 15:37:07,362 - run_experiments - INFO -     DFS: Found path of length 124 with cost 30785.95 in 191.26ms
2025-04-04 15:37:07,362 - run_experiments - INFO -   Running A*...
2025-04-04 15:37:07,371 - run_experiments - INFO -     A*: Found path of length 16 with cost 2368.55 in 9.00ms
2025-04-04 15:37:07,371 - run_experiments - INFO -   Running Greedy...
2025-04-04 15:37:07,372 - run_experiments - INFO -     Greedy: Found path of length 14 with cost 3148.23 in 0.81ms
2025-04-04 15:37:07,372 - run_experiments - INFO -   Running UCS...
2025-04-04 15:37:07,389 - run_experiments - INFO -     UCS: Found path of length 16 with cost 2368.55 in 17.23ms
2025-04-04 15:37:07,389 - run_experiments - INFO -   Running BULB...
2025-04-04 15:37:07,404 - run_experiments - INFO -     BULB: Found path of length 16 with cost 2368.55 in 14.22ms
2025-04-04 15:37:07,404 - run_experiments - INFO - 
Processing graphs with 3000 nodes:
2025-04-04 15:37:07,404 - run_experiments - INFO -   Found 5 graph files in /Users/minhan6559/Desktop/COS30019---Intro-to-AI/Assignment_1/data/graphs/20250404_151259/nodes_3000
2025-04-04 15:37:07,404 - run_experiments - INFO -   Processing graph: graph_3000_1.txt
2025-04-04 15:37:07,467 - run_experiments - INFO -     Initial: 1236, Goals: [161, 1166, 341]
2025-04-04 15:37:07,470 - run_experiments - INFO -   Running BFS...
2025-04-04 15:37:07,555 - run_experiments - INFO -     BFS: Found path of length 14 with cost 6658.72 in 84.77ms
2025-04-04 15:37:07,555 - run_experiments - INFO -   Running DFS...
2025-04-04 15:37:08,553 - run_experiments - INFO -     DFS: Found path of length 99 with cost 40098.43 in 998.55ms
2025-04-04 15:37:08,554 - run_experiments - INFO -   Running A*...
2025-04-04 15:37:08,566 - run_experiments - INFO -     A*: Found path of length 18 with cost 4739.74 in 12.11ms
2025-04-04 15:37:08,566 - run_experiments - INFO -   Running Greedy...
2025-04-04 15:37:08,567 - run_experiments - INFO -     Greedy: Found path of length 14 with cost 6585.86 in 0.75ms
2025-04-04 15:37:08,567 - run_experiments - INFO -   Running UCS...
2025-04-04 15:37:08,601 - run_experiments - INFO -     UCS: Found path of length 18 with cost 4739.74 in 34.08ms
2025-04-04 15:37:08,601 - run_experiments - INFO -   Running BULB...
2025-04-04 15:37:08,620 - run_experiments - INFO -     BULB: Found path of length 18 with cost 4739.74 in 19.68ms
2025-04-04 15:37:08,621 - run_experiments - INFO -   Processing graph: graph_3000_2.txt
2025-04-04 15:37:08,684 - run_experiments - INFO -     Initial: 2060, Goals: [657, 2040, 1314]
2025-04-04 15:37:08,686 - run_experiments - INFO -   Running BFS...
2025-04-04 15:37:08,754 - run_experiments - INFO -     BFS: Found path of length 16 with cost 8359.30 in 67.99ms
2025-04-04 15:37:08,754 - run_experiments - INFO -   Running DFS...
2025-04-04 15:37:09,272 - run_experiments - INFO -     DFS: Found path of length 236 with cost 100646.96 in 517.85ms
2025-04-04 15:37:09,272 - run_experiments - INFO -   Running A*...
2025-04-04 15:37:09,296 - run_experiments - INFO -     A*: Found path of length 22 with cost 6334.59 in 23.02ms
2025-04-04 15:37:09,296 - run_experiments - INFO -   Running Greedy...
2025-04-04 15:37:09,297 - run_experiments - INFO -     Greedy: Found path of length 18 with cost 8319.04 in 1.11ms
2025-04-04 15:37:09,297 - run_experiments - INFO -   Running UCS...
2025-04-04 15:37:09,333 - run_experiments - INFO -     UCS: Found path of length 22 with cost 6334.59 in 35.81ms
2025-04-04 15:37:09,333 - run_experiments - INFO -   Running BULB...
2025-04-04 15:37:09,371 - run_experiments - INFO -     BULB: Found path of length 22 with cost 6334.59 in 38.67ms
2025-04-04 15:37:09,371 - run_experiments - INFO -   Processing graph: graph_3000_3.txt
2025-04-04 15:37:09,435 - run_experiments - INFO -     Initial: 846, Goals: [1118, 721, 1578]
2025-04-04 15:37:09,438 - run_experiments - INFO -   Running BFS...
2025-04-04 15:37:09,508 - run_experiments - INFO -     BFS: Found path of length 14 with cost 7661.55 in 70.08ms
2025-04-04 15:37:09,508 - run_experiments - INFO -   Running DFS...
2025-04-04 15:37:11,194 - run_experiments - INFO -     DFS: Found path of length 208 with cost 87920.13 in 1686.14ms
2025-04-04 15:37:11,194 - run_experiments - INFO -   Running A*...
2025-04-04 15:37:11,216 - run_experiments - INFO -     A*: Found path of length 20 with cost 5764.48 in 21.30ms
2025-04-04 15:37:11,216 - run_experiments - INFO -   Running Greedy...
2025-04-04 15:37:11,217 - run_experiments - INFO -     Greedy: Found path of length 16 with cost 7034.28 in 0.88ms
2025-04-04 15:37:11,217 - run_experiments - INFO -   Running UCS...
2025-04-04 15:37:11,257 - run_experiments - INFO -     UCS: Found path of length 20 with cost 5764.48 in 40.11ms
2025-04-04 15:37:11,257 - run_experiments - INFO -   Running BULB...
2025-04-04 15:37:11,289 - run_experiments - INFO -     BULB: Found path of length 20 with cost 5764.48 in 32.07ms
2025-04-04 15:37:11,289 - run_experiments - INFO -   Processing graph: graph_3000_4.txt
2025-04-04 15:37:11,353 - run_experiments - INFO -     Initial: 2418, Goals: [2278, 2304, 2712]
2025-04-04 15:37:11,355 - run_experiments - INFO -   Running BFS...
2025-04-04 15:37:11,418 - run_experiments - INFO -     BFS: Found path of length 15 with cost 7637.01 in 62.23ms
2025-04-04 15:37:11,418 - run_experiments - INFO -   Running DFS...
2025-04-04 15:37:12,877 - run_experiments - INFO -     DFS: Found path of length 303 with cost 130672.01 in 1459.44ms
2025-04-04 15:37:12,877 - run_experiments - INFO -   Running A*...
2025-04-04 15:37:12,899 - run_experiments - INFO -     A*: Found path of length 21 with cost 5863.01 in 21.40ms
2025-04-04 15:37:12,899 - run_experiments - INFO -   Running Greedy...
2025-04-04 15:37:12,900 - run_experiments - INFO -     Greedy: Found path of length 16 with cost 7491.19 in 0.94ms
2025-04-04 15:37:12,900 - run_experiments - INFO -   Running UCS...
2025-04-04 15:37:12,936 - run_experiments - INFO -     UCS: Found path of length 21 with cost 5863.01 in 36.24ms
2025-04-04 15:37:12,936 - run_experiments - INFO -   Running BULB...
2025-04-04 15:37:12,966 - run_experiments - INFO -     BULB: Found path of length 21 with cost 5863.01 in 30.23ms
2025-04-04 15:37:12,967 - run_experiments - INFO -   Processing graph: graph_3000_5.txt
2025-04-04 15:37:13,032 - run_experiments - INFO -     Initial: 1672, Goals: [621, 213, 2718]
2025-04-04 15:37:13,034 - run_experiments - INFO -   Running BFS...
2025-04-04 15:37:13,077 - run_experiments - INFO -     BFS: Found path of length 15 with cost 7580.66 in 42.93ms
2025-04-04 15:37:13,077 - run_experiments - INFO -   Running DFS...
2025-04-04 15:37:14,348 - run_experiments - INFO -     DFS: Found path of length 320 with cost 139807.19 in 1271.05ms
2025-04-04 15:37:14,349 - run_experiments - INFO -   Running A*...
2025-04-04 15:37:14,366 - run_experiments - INFO -     A*: Found path of length 20 with cost 5711.13 in 17.53ms
2025-04-04 15:37:14,366 - run_experiments - INFO -   Running Greedy...
2025-04-04 15:37:14,367 - run_experiments - INFO -     Greedy: Found path of length 16 with cost 6559.28 in 0.98ms
2025-04-04 15:37:14,367 - run_experiments - INFO -   Running UCS...
2025-04-04 15:37:14,395 - run_experiments - INFO -     UCS: Found path of length 20 with cost 5711.13 in 27.29ms
2025-04-04 15:37:14,395 - run_experiments - INFO -   Running BULB...
2025-04-04 15:37:14,420 - run_experiments - INFO -     BULB: Found path of length 20 with cost 5711.13 in 25.61ms
2025-04-04 15:37:14,420 - run_experiments - INFO - 
Processing graphs with 5000 nodes:
2025-04-04 15:37:14,421 - run_experiments - INFO -   Found 5 graph files in /Users/minhan6559/Desktop/COS30019---Intro-to-AI/Assignment_1/data/graphs/20250404_151259/nodes_5000
2025-04-04 15:37:14,421 - run_experiments - INFO -   Processing graph: graph_5000_1.txt
2025-04-04 15:37:14,527 - run_experiments - INFO -     Initial: 4091, Goals: [2492, 4988, 441]
2025-04-04 15:37:14,531 - run_experiments - INFO -   Running BFS...
2025-04-04 15:37:14,887 - run_experiments - INFO -     BFS: Found path of length 25 with cost 17033.83 in 355.28ms
2025-04-04 15:37:14,887 - run_experiments - INFO -   Running DFS...
2025-04-04 15:37:18,189 - run_experiments - INFO -     DFS: Found path of length 490 with cost 280413.08 in 3301.90ms
2025-04-04 15:37:18,189 - run_experiments - INFO -   Running A*...
2025-04-04 15:37:18,289 - run_experiments - INFO -     A*: Found path of length 40 with cost 13576.40 in 100.17ms
2025-04-04 15:37:18,289 - run_experiments - INFO -   Running Greedy...
2025-04-04 15:37:18,291 - run_experiments - INFO -     Greedy: Found path of length 29 with cost 17887.59 in 1.92ms
2025-04-04 15:37:18,291 - run_experiments - INFO -   Running UCS...
2025-04-04 15:37:18,404 - run_experiments - INFO -     UCS: Found path of length 40 with cost 13576.40 in 112.97ms
2025-04-04 15:37:18,404 - run_experiments - INFO -   Running BULB...
2025-04-04 15:37:18,567 - run_experiments - INFO -     BULB: Found path of length 40 with cost 13576.40 in 163.13ms
2025-04-04 15:37:18,568 - run_experiments - INFO -   Processing graph: graph_5000_2.txt
2025-04-04 15:37:18,675 - run_experiments - INFO -     Initial: 2289, Goals: [3604, 2199, 1875]
2025-04-04 15:37:18,679 - run_experiments - INFO -   Running BFS...
2025-04-04 15:37:19,117 - run_experiments - INFO -     BFS: Found path of length 27 with cost 17009.54 in 437.57ms
2025-04-04 15:37:19,117 - run_experiments - INFO -   Running DFS...
2025-04-04 15:37:19,722 - run_experiments - INFO -     DFS: Found path of length 303 with cost 171276.47 in 604.74ms
2025-04-04 15:37:19,722 - run_experiments - INFO -   Running A*...
2025-04-04 15:37:19,801 - run_experiments - INFO -     A*: Found path of length 35 with cost 13660.10 in 79.28ms
2025-04-04 15:37:19,801 - run_experiments - INFO -   Running Greedy...
2025-04-04 15:37:19,803 - run_experiments - INFO -     Greedy: Found path of length 29 with cost 16738.51 in 1.81ms
2025-04-04 15:37:19,803 - run_experiments - INFO -   Running UCS...
2025-04-04 15:37:19,939 - run_experiments - INFO -     UCS: Found path of length 35 with cost 13660.10 in 135.75ms
2025-04-04 15:37:19,939 - run_experiments - INFO -   Running BULB...
2025-04-04 15:37:20,070 - run_experiments - INFO -     BULB: Found path of length 35 with cost 13660.10 in 131.21ms
2025-04-04 15:37:20,070 - run_experiments - INFO -   Processing graph: graph_5000_3.txt
2025-04-04 15:37:20,175 - run_experiments - INFO -     Initial: 515, Goals: [2673, 3920, 1130]
2025-04-04 15:37:20,180 - run_experiments - INFO -   Running BFS...
2025-04-04 15:37:20,315 - run_experiments - INFO -     BFS: Found path of length 13 with cost 8752.48 in 135.58ms
2025-04-04 15:37:20,315 - run_experiments - INFO -   Running DFS...
2025-04-04 15:37:21,030 - run_experiments - INFO -     DFS: Found path of length 288 with cost 160236.88 in 714.77ms
2025-04-04 15:37:21,030 - run_experiments - INFO -   Running A*...
2025-04-04 15:37:21,046 - run_experiments - INFO -     A*: Found path of length 18 with cost 6242.67 in 15.47ms
2025-04-04 15:37:21,046 - run_experiments - INFO -   Running Greedy...
2025-04-04 15:37:21,047 - run_experiments - INFO -     Greedy: Found path of length 15 with cost 7316.16 in 0.84ms
2025-04-04 15:37:21,047 - run_experiments - INFO -   Running UCS...
2025-04-04 15:37:21,098 - run_experiments - INFO -     UCS: Found path of length 18 with cost 6242.67 in 51.09ms
2025-04-04 15:37:21,098 - run_experiments - INFO -   Running BULB...
2025-04-04 15:37:21,121 - run_experiments - INFO -     BULB: Found path of length 18 with cost 6242.67 in 23.15ms
2025-04-04 15:37:21,121 - run_experiments - INFO -   Processing graph: graph_5000_4.txt
2025-04-04 15:37:21,228 - run_experiments - INFO -     Initial: 3667, Goals: [2535, 4918, 3769]
2025-04-04 15:37:21,232 - run_experiments - INFO -   Running BFS...
2025-04-04 15:37:21,323 - run_experiments - INFO -     BFS: Found path of length 11 with cost 7564.09 in 90.62ms
2025-04-04 15:37:21,323 - run_experiments - INFO -   Running DFS...
2025-04-04 15:37:25,029 - run_experiments - INFO -     DFS: Found path of length 203 with cost 116170.96 in 3706.14ms
2025-04-04 15:37:25,029 - run_experiments - INFO -   Running A*...
2025-04-04 15:37:25,039 - run_experiments - INFO -     A*: Found path of length 16 with cost 5607.05 in 9.76ms
2025-04-04 15:37:25,039 - run_experiments - INFO -   Running Greedy...
2025-04-04 15:37:25,040 - run_experiments - INFO -     Greedy: Found path of length 11 with cost 7319.88 in 0.68ms
2025-04-04 15:37:25,040 - run_experiments - INFO -   Running UCS...
2025-04-04 15:37:25,079 - run_experiments - INFO -     UCS: Found path of length 16 with cost 5607.05 in 39.02ms
2025-04-04 15:37:25,079 - run_experiments - INFO -   Running BULB...
2025-04-04 15:37:25,094 - run_experiments - INFO -     BULB: Found path of length 16 with cost 5607.05 in 14.60ms
2025-04-04 15:37:25,094 - run_experiments - INFO -   Processing graph: graph_5000_5.txt
2025-04-04 15:37:25,198 - run_experiments - INFO -     Initial: 4739, Goals: [4626, 2255, 3411]
2025-04-04 15:37:25,203 - run_experiments - INFO -   Running BFS...
2025-04-04 15:37:25,556 - run_experiments - INFO -     BFS: Found path of length 21 with cost 14287.49 in 352.97ms
2025-04-04 15:37:25,556 - run_experiments - INFO -   Running DFS...
2025-04-04 15:37:30,219 - run_experiments - INFO -     DFS: Found path of length 493 with cost 277963.52 in 4663.14ms
2025-04-04 15:37:30,219 - run_experiments - INFO -   Running A*...
2025-04-04 15:37:30,270 - run_experiments - INFO -     A*: Found path of length 25 with cost 9995.27 in 50.83ms
2025-04-04 15:37:30,270 - run_experiments - INFO -   Running Greedy...
2025-04-04 15:37:30,272 - run_experiments - INFO -     Greedy: Found path of length 24 with cost 13004.39 in 1.44ms
2025-04-04 15:37:30,272 - run_experiments - INFO -   Running UCS...
2025-04-04 15:37:30,368 - run_experiments - INFO -     UCS: Found path of length 25 with cost 9995.27 in 96.13ms
2025-04-04 15:37:30,368 - run_experiments - INFO -   Running BULB...
2025-04-04 15:37:30,447 - run_experiments - INFO -     BULB: Found path of length 25 with cost 9995.27 in 78.90ms
2025-04-04 15:37:30,447 - run_experiments - INFO - 
Processing graphs with 8000 nodes:
2025-04-04 15:37:30,447 - run_experiments - INFO -   Found 5 graph files in /Users/minhan6559/Desktop/COS30019---Intro-to-AI/Assignment_1/data/graphs/20250404_151259/nodes_8000
2025-04-04 15:37:30,448 - run_experiments - INFO -   Processing graph: graph_8000_1.txt
2025-04-04 15:37:30,617 - run_experiments - INFO -     Initial: 4918, Goals: [457, 1977, 57]
2025-04-04 15:37:30,624 - run_experiments - INFO -   Running BFS...
2025-04-04 15:37:30,879 - run_experiments - INFO -     BFS: Found path of length 28 with cost 23862.74 in 254.81ms
2025-04-04 15:37:30,879 - run_experiments - INFO -   Running DFS...
2025-04-04 15:37:31,027 - run_experiments - INFO -     DFS: Found path of length 167 with cost 112784.61 in 147.48ms
2025-04-04 15:37:31,027 - run_experiments - INFO -   Running A*...
2025-04-04 15:37:31,165 - run_experiments - INFO -     A*: Found path of length 40 with cost 19271.72 in 135.04ms
2025-04-04 15:37:31,165 - run_experiments - INFO -   Running Greedy...
2025-04-04 15:37:31,184 - run_experiments - INFO -     Greedy: Found path of length 30 with cost 23981.38 in 18.62ms
2025-04-04 15:37:31,185 - run_experiments - INFO -   Running UCS...
2025-04-04 15:37:31,653 - run_experiments - INFO -     UCS: Found path of length 40 with cost 19271.72 in 467.53ms
2025-04-04 15:37:31,653 - run_experiments - INFO -   Running BULB...
2025-04-04 15:37:32,009 - run_experiments - INFO -     BULB: Found path of length 40 with cost 19271.72 in 356.02ms
2025-04-04 15:37:32,010 - run_experiments - INFO -   Processing graph: graph_8000_2.txt
2025-04-04 15:37:32,278 - run_experiments - INFO -     Initial: 6667, Goals: [4211, 1811, 5430]
2025-04-04 15:37:32,288 - run_experiments - INFO -   Running BFS...
2025-04-04 15:37:32,930 - run_experiments - INFO -     BFS: Found path of length 22 with cost 18138.08 in 642.51ms
2025-04-04 15:37:32,931 - run_experiments - INFO -   Running DFS...
2025-04-04 15:37:37,386 - run_experiments - INFO -     DFS: Found path of length 667 with cost 466071.84 in 4455.43ms
2025-04-04 15:37:37,386 - run_experiments - INFO -   Running A*...
2025-04-04 15:37:37,443 - run_experiments - INFO -     A*: Found path of length 29 with cost 13711.21 in 56.21ms
2025-04-04 15:37:37,443 - run_experiments - INFO -   Running Greedy...
2025-04-04 15:37:37,444 - run_experiments - INFO -     Greedy: Found path of length 25 with cost 17506.65 in 1.59ms
2025-04-04 15:37:37,444 - run_experiments - INFO -   Running UCS...
2025-04-04 15:37:37,564 - run_experiments - INFO -     UCS: Found path of length 29 with cost 13711.21 in 119.48ms
2025-04-04 15:37:37,564 - run_experiments - INFO -   Running BULB...
2025-04-04 15:37:37,659 - run_experiments - INFO -     BULB: Found path of length 29 with cost 13711.21 in 95.06ms
2025-04-04 15:37:37,659 - run_experiments - INFO -   Processing graph: graph_8000_3.txt
2025-04-04 15:37:37,827 - run_experiments - INFO -     Initial: 637, Goals: [1093, 1541, 1181]
2025-04-04 15:37:37,834 - run_experiments - INFO -   Running BFS...
2025-04-04 15:37:38,259 - run_experiments - INFO -     BFS: Found path of length 35 with cost 34273.10 in 425.01ms
2025-04-04 15:37:38,259 - run_experiments - INFO -   Running DFS...
2025-04-04 15:37:38,800 - run_experiments - INFO -     DFS: Found path of length 306 with cost 217800.68 in 540.99ms
2025-04-04 15:37:38,800 - run_experiments - INFO -   Running A*...
2025-04-04 15:37:38,879 - run_experiments - INFO -     A*: Found path of length 54 with cost 25567.14 in 78.12ms
2025-04-04 15:37:38,879 - run_experiments - INFO -   Running Greedy...
2025-04-04 15:37:38,881 - run_experiments - INFO -     Greedy: Found path of length 39 with cost 33317.25 in 2.64ms
2025-04-04 15:37:38,881 - run_experiments - INFO -   Running UCS...
2025-04-04 15:37:39,043 - run_experiments - INFO -     UCS: Found path of length 54 with cost 25567.14 in 161.46ms
2025-04-04 15:37:39,043 - run_experiments - INFO -   Running BULB...
2025-04-04 15:37:39,183 - run_experiments - INFO -     BULB: Found path of length 54 with cost 25567.14 in 140.03ms
2025-04-04 15:37:39,183 - run_experiments - INFO -   Processing graph: graph_8000_4.txt
2025-04-04 15:37:39,351 - run_experiments - INFO -     Initial: 4085, Goals: [2997, 1436, 5264]
2025-04-04 15:37:39,359 - run_experiments - INFO -   Running BFS...
2025-04-04 15:37:39,627 - run_experiments - INFO -     BFS: Found path of length 24 with cost 22375.50 in 267.89ms
2025-04-04 15:37:39,627 - run_experiments - INFO -   Running DFS...
2025-04-04 15:37:42,882 - run_experiments - INFO -     DFS: Found path of length 582 with cost 409508.61 in 3255.31ms
2025-04-04 15:37:42,882 - run_experiments - INFO -   Running A*...
2025-04-04 15:37:42,990 - run_experiments - INFO -     A*: Found path of length 39 with cost 17641.74 in 107.44ms
2025-04-04 15:37:42,990 - run_experiments - INFO -   Running Greedy...
2025-04-04 15:37:42,994 - run_experiments - INFO -     Greedy: Found path of length 27 with cost 22660.21 in 3.15ms
2025-04-04 15:37:42,994 - run_experiments - INFO -   Running UCS...
2025-04-04 15:37:43,129 - run_experiments - INFO -     UCS: Found path of length 39 with cost 17641.74 in 134.54ms
2025-04-04 15:37:43,129 - run_experiments - INFO -   Running BULB...
2025-04-04 15:37:43,358 - run_experiments - INFO -     BULB: Found path of length 39 with cost 17641.74 in 229.43ms
2025-04-04 15:37:43,358 - run_experiments - INFO -   Processing graph: graph_8000_5.txt
2025-04-04 15:37:43,674 - run_experiments - INFO -     Initial: 7681, Goals: [5307, 4938, 5230]
2025-04-04 15:37:43,687 - run_experiments - INFO -   Running BFS...
2025-04-04 15:37:44,017 - run_experiments - INFO -     BFS: Found path of length 21 with cost 17362.03 in 329.83ms
2025-04-04 15:37:44,017 - run_experiments - INFO -   Running DFS...
2025-04-04 15:37:45,135 - run_experiments - INFO -     DFS: Found path of length 396 with cost 276008.97 in 1117.89ms
2025-04-04 15:37:45,135 - run_experiments - INFO -   Running A*...
2025-04-04 15:37:45,184 - run_experiments - INFO -     A*: Found path of length 26 with cost 14290.83 in 48.21ms
2025-04-04 15:37:45,184 - run_experiments - INFO -   Running Greedy...
2025-04-04 15:37:45,185 - run_experiments - INFO -     Greedy: Found path of length 22 with cost 18363.87 in 1.49ms
2025-04-04 15:37:45,185 - run_experiments - INFO -   Running UCS...
2025-04-04 15:37:45,277 - run_experiments - INFO -     UCS: Found path of length 26 with cost 14290.83 in 91.83ms
2025-04-04 15:37:45,277 - run_experiments - INFO -   Running BULB...
2025-04-04 15:37:45,350 - run_experiments - INFO -     BULB: Found path of length 26 with cost 14290.83 in 72.41ms
2025-04-04 15:37:45,350 - run_experiments - INFO - 
Processing graphs with 10000 nodes:
2025-04-04 15:37:45,350 - run_experiments - INFO -   Found 5 graph files in /Users/minhan6559/Desktop/COS30019---Intro-to-AI/Assignment_1/data/graphs/20250404_151259/nodes_10000
2025-04-04 15:37:45,350 - run_experiments - INFO -   Processing graph: graph_10000_1.txt
2025-04-04 15:37:45,561 - run_experiments - INFO -     Initial: 5120, Goals: [3961, 9583, 4629]
2025-04-04 15:37:45,570 - run_experiments - INFO -   Running BFS...
2025-04-04 15:37:47,005 - run_experiments - INFO -     BFS: Found path of length 31 with cost 30420.00 in 1435.14ms
2025-04-04 15:37:47,005 - run_experiments - INFO -   Running DFS...
2025-04-04 15:37:52,491 - run_experiments - INFO -     DFS: Found path of length 856 with cost 660331.82 in 5485.43ms
2025-04-04 15:37:52,491 - run_experiments - INFO -   Running A*...
2025-04-04 15:37:52,595 - run_experiments - INFO -     A*: Found path of length 42 with cost 23215.55 in 103.42ms
2025-04-04 15:37:52,595 - run_experiments - INFO -   Running Greedy...
2025-04-04 15:37:52,597 - run_experiments - INFO -     Greedy: Found path of length 34 with cost 30515.48 in 2.28ms
2025-04-04 15:37:52,597 - run_experiments - INFO -   Running UCS...
2025-04-04 15:37:52,859 - run_experiments - INFO -     UCS: Found path of length 42 with cost 23215.55 in 261.27ms
2025-04-04 15:37:52,859 - run_experiments - INFO -   Running BULB...
2025-04-04 15:37:53,030 - run_experiments - INFO -     BULB: Found path of length 42 with cost 23215.55 in 170.76ms
2025-04-04 15:37:53,030 - run_experiments - INFO -   Processing graph: graph_10000_2.txt
2025-04-04 15:37:53,241 - run_experiments - INFO -     Initial: 3408, Goals: [3845, 1536, 630]
2025-04-04 15:37:53,250 - run_experiments - INFO -   Running BFS...
2025-04-04 15:37:54,634 - run_experiments - INFO -     BFS: Found path of length 29 with cost 26619.98 in 1383.77ms
2025-04-04 15:37:54,635 - run_experiments - INFO -   Running DFS...
2025-04-04 15:37:55,894 - run_experiments - INFO -     DFS: Found path of length 384 with cost 297672.72 in 1258.71ms
2025-04-04 15:37:55,894 - run_experiments - INFO -   Running A*...
2025-04-04 15:37:55,965 - run_experiments - INFO -     A*: Found path of length 38 with cost 20656.86 in 71.23ms
2025-04-04 15:37:55,965 - run_experiments - INFO -   Running Greedy...
2025-04-04 15:37:55,967 - run_experiments - INFO -     Greedy: Found path of length 32 with cost 27495.93 in 2.04ms
2025-04-04 15:37:55,968 - run_experiments - INFO -   Running UCS...
2025-04-04 15:37:56,269 - run_experiments - INFO -     UCS: Found path of length 38 with cost 20656.86 in 301.25ms
2025-04-04 15:37:56,269 - run_experiments - INFO -   Running BULB...
2025-04-04 15:37:56,394 - run_experiments - INFO -     BULB: Found path of length 38 with cost 20656.86 in 124.47ms
2025-04-04 15:37:56,394 - run_experiments - INFO -   Processing graph: graph_10000_3.txt
2025-04-04 15:37:56,606 - run_experiments - INFO -     Initial: 2160, Goals: [7304, 2141, 898]
2025-04-04 15:37:56,616 - run_experiments - INFO -   Running BFS...
2025-04-04 15:37:57,486 - run_experiments - INFO -     BFS: Found path of length 29 with cost 25959.93 in 870.29ms
2025-04-04 15:37:57,486 - run_experiments - INFO -   Running DFS...
2025-04-04 15:38:04,878 - run_experiments - INFO -     DFS: Found path of length 825 with cost 634999.25 in 7391.62ms
2025-04-04 15:38:04,879 - run_experiments - INFO -   Running A*...
2025-04-04 15:38:04,965 - run_experiments - INFO -     A*: Found path of length 39 with cost 20942.85 in 85.96ms
2025-04-04 15:38:04,966 - run_experiments - INFO -   Running Greedy...
2025-04-04 15:38:04,968 - run_experiments - INFO -     Greedy: Found path of length 31 with cost 25778.00 in 1.98ms
2025-04-04 15:38:04,968 - run_experiments - INFO -   Running UCS...
2025-04-04 15:38:05,160 - run_experiments - INFO -     UCS: Found path of length 39 with cost 20942.85 in 192.27ms
2025-04-04 15:38:05,160 - run_experiments - INFO -   Running BULB...
2025-04-04 15:38:05,315 - run_experiments - INFO -     BULB: Found path of length 39 with cost 20942.85 in 154.55ms
2025-04-04 15:38:05,315 - run_experiments - INFO -   Processing graph: graph_10000_4.txt
2025-04-04 15:38:05,530 - run_experiments - INFO -     Initial: 3868, Goals: [2169, 2229, 9424]
2025-04-04 15:38:05,539 - run_experiments - INFO -   Running BFS...
2025-04-04 15:38:06,693 - run_experiments - INFO -     BFS: Found path of length 23 with cost 22139.22 in 1153.93ms
2025-04-04 15:38:06,693 - run_experiments - INFO -   Running DFS...
2025-04-04 15:38:09,640 - run_experiments - INFO -     DFS: Found path of length 501 with cost 392577.98 in 2946.22ms
2025-04-04 15:38:09,640 - run_experiments - INFO -   Running A*...
2025-04-04 15:38:09,689 - run_experiments - INFO -     A*: Found path of length 31 with cost 16561.91 in 48.90ms
2025-04-04 15:38:09,689 - run_experiments - INFO -   Running Greedy...
2025-04-04 15:38:09,691 - run_experiments - INFO -     Greedy: Found path of length 25 with cost 21280.08 in 1.72ms
2025-04-04 15:38:09,691 - run_experiments - INFO -   Running UCS...
2025-04-04 15:38:09,893 - run_experiments - INFO -     UCS: Found path of length 31 with cost 16561.91 in 202.21ms
2025-04-04 15:38:09,893 - run_experiments - INFO -   Running BULB...
2025-04-04 15:38:09,978 - run_experiments - INFO -     BULB: Found path of length 31 with cost 16561.91 in 84.75ms
2025-04-04 15:38:09,978 - run_experiments - INFO -   Processing graph: graph_10000_5.txt
2025-04-04 15:38:10,192 - run_experiments - INFO -     Initial: 7063, Goals: [6582, 8799, 39]
2025-04-04 15:38:10,201 - run_experiments - INFO -   Running BFS...
2025-04-04 15:38:10,526 - run_experiments - INFO -     BFS: Found path of length 17 with cost 15186.05 in 325.19ms
2025-04-04 15:38:10,526 - run_experiments - INFO -   Running DFS...
2025-04-04 15:38:17,560 - run_experiments - INFO -     DFS: Found path of length 811 with cost 655412.40 in 7033.54ms
2025-04-04 15:38:17,560 - run_experiments - INFO -   Running A*...
2025-04-04 15:38:17,587 - run_experiments - INFO -     A*: Found path of length 22 with cost 11852.18 in 26.24ms
2025-04-04 15:38:17,587 - run_experiments - INFO -   Running Greedy...
2025-04-04 15:38:17,588 - run_experiments - INFO -     Greedy: Found path of length 17 with cost 13917.30 in 1.08ms
2025-04-04 15:38:17,588 - run_experiments - INFO -   Running UCS...
2025-04-04 15:38:17,684 - run_experiments - INFO -     UCS: Found path of length 22 with cost 11852.18 in 96.42ms
2025-04-04 15:38:17,684 - run_experiments - INFO -   Running BULB...
2025-04-04 15:38:17,820 - run_experiments - INFO -     BULB: Found path of length 22 with cost 11852.18 in 135.65ms
2025-04-04 15:38:17,821 - run_experiments - INFO - 
Saving results to /Users/minhan6559/Desktop/COS30019---Intro-to-AI/Assignment_1/data/results/20250404_151259/search_results.json
2025-04-04 15:38:17,841 - run_experiments - INFO - Results saved successfully
2025-04-04 15:38:17,842 - run_experiments - INFO - 
Experiments completed successfully!
2025-04-04 15:38:17,842 - run_experiments - INFO - Results checkpoint created: 20250404_151259
