2025-04-13 17:45:11,100 - run_experiments - INFO - Logs will be saved to: logs\20250413_174510\run_experiments.log
2025-04-13 17:45:11,100 - run_experiments - INFO - Experiment run started at: 2025-04-13 17:45:11
2025-04-13 17:45:11,100 - run_experiments - INFO - Command line arguments: ['C:\\Users\\Admin\\Desktop\\COS30019---Intro-to-AI\\Assignment_1\\src\\experiment\\run_experiments.py', '--node-counts', '1000', '3000', '5000', '8000', '10000', '--graphs-per-size', '3', '--log-dir', 'logs', '--timestamp', '20250413_174510']
2025-04-13 17:45:11,100 - run_experiments - INFO - Results base directory: C:\Users\Admin\Desktop\COS30019---Intro-to-AI\Assignment_1\data\results
2025-04-13 17:45:11,101 - run_experiments - INFO - Created results checkpoint directory: C:\Users\Admin\Desktop\COS30019---Intro-to-AI\Assignment_1\data\results\20250413_174510
2025-04-13 17:45:11,101 - run_experiments - INFO - Graphs base directory: C:\Users\Admin\Desktop\COS30019---Intro-to-AI\Assignment_1\data\graphs
2025-04-13 17:45:11,101 - run_experiments - INFO - Found most recent checkpoint directory: 20250405_234841
2025-04-13 17:45:11,101 - run_experiments - INFO - Using graph checkpoint: 20250405_234841
2025-04-13 17:45:11,101 - run_experiments - INFO - Results will be saved to checkpoint: 20250413_174510
2025-04-13 17:45:11,103 - run_experiments - INFO - Using all node counts: [1000, 3000, 5000, 8000, 10000]
2025-04-13 17:45:11,103 - run_experiments - INFO - Using search algorithms: ['BFS', 'DFS', 'A*', 'Greedy', 'UCS', 'BULB']
2025-04-13 17:45:11,103 - run_experiments - INFO - 
Processing graphs with 1000 nodes:
2025-04-13 17:45:11,104 - run_experiments - INFO -   Found 3 graph files in C:\Users\Admin\Desktop\COS30019---Intro-to-AI\Assignment_1\data\graphs\20250405_234841\nodes_1000
2025-04-13 17:45:11,104 - run_experiments - INFO -   Processing graph: graph_1000_1.txt
2025-04-13 17:45:11,148 - run_experiments - INFO -     Initial: 668, Goals: [835]
2025-04-13 17:45:11,149 - run_experiments - INFO -   Testing algorithm: BFS
2025-04-13 17:45:11,151 - run_experiments - INFO -   Running BFS for runtime measurement only...
2025-04-13 17:45:11,186 - run_experiments - INFO -     BFS: Runtime measurement: 35.26ms
2025-04-13 17:45:11,186 - run_experiments - INFO -   Running BFS WITH memory tracking...
2025-04-13 17:45:11,244 - run_experiments - INFO -     BFS: Found path of length 8 with cost 1792.58 in 58.15ms
2025-04-13 17:45:11,244 - run_experiments - INFO -   Testing algorithm: DFS
2025-04-13 17:45:11,244 - run_experiments - INFO -   Running DFS for runtime measurement only...
2025-04-13 17:45:11,272 - run_experiments - INFO -     DFS: Runtime measurement: 27.94ms
2025-04-13 17:45:11,272 - run_experiments - INFO -   Running DFS WITH memory tracking...
2025-04-13 17:45:11,340 - run_experiments - INFO -     DFS: Found path of length 740 with cost 169993.01 in 66.31ms
2025-04-13 17:45:11,340 - run_experiments - INFO -   Testing algorithm: A*
2025-04-13 17:45:11,340 - run_experiments - INFO -   Running A* for runtime measurement only...
2025-04-13 17:45:11,346 - run_experiments - INFO -     A*: Runtime measurement: 6.37ms
2025-04-13 17:45:11,348 - run_experiments - INFO -   Running A* WITH memory tracking...
2025-04-13 17:45:11,366 - run_experiments - INFO -     A*: Found path of length 12 with cost 1621.95 in 18.53ms
2025-04-13 17:45:11,366 - run_experiments - INFO -   Testing algorithm: Greedy
2025-04-13 17:45:11,366 - run_experiments - INFO -   Running Greedy for runtime measurement only...
2025-04-13 17:45:11,367 - run_experiments - INFO -     Greedy: Runtime measurement: 1.01ms
2025-04-13 17:45:11,368 - run_experiments - INFO -   Running Greedy WITH memory tracking...
2025-04-13 17:45:11,370 - run_experiments - INFO -     Greedy: Found path of length 9 with cost 2338.35 in 0.99ms
2025-04-13 17:45:11,370 - run_experiments - INFO -   Testing algorithm: UCS
2025-04-13 17:45:11,370 - run_experiments - INFO -   Running UCS for runtime measurement only...
2025-04-13 17:45:11,392 - run_experiments - INFO -     UCS: Runtime measurement: 21.74ms
2025-04-13 17:45:11,394 - run_experiments - INFO -   Running UCS WITH memory tracking...
2025-04-13 17:45:11,450 - run_experiments - INFO -     UCS: Found path of length 12 with cost 1621.95 in 55.65ms
2025-04-13 17:45:11,450 - run_experiments - INFO -   Testing algorithm: BULB
2025-04-13 17:45:11,450 - run_experiments - INFO -   Running BULB for runtime measurement only...
2025-04-13 17:45:11,459 - run_experiments - INFO -     BULB: Runtime measurement: 9.62ms
2025-04-13 17:45:11,459 - run_experiments - INFO -   Running BULB WITH memory tracking...
2025-04-13 17:45:11,482 - run_experiments - INFO -     BULB: Found path of length 12 with cost 1621.95 in 23.27ms
2025-04-13 17:45:11,482 - run_experiments - INFO -   Processing graph: graph_1000_2.txt
2025-04-13 17:45:11,526 - run_experiments - INFO -     Initial: 696, Goals: [999]
2025-04-13 17:45:11,529 - run_experiments - INFO -   Testing algorithm: BFS
2025-04-13 17:45:11,529 - run_experiments - INFO -   Running BFS for runtime measurement only...
2025-04-13 17:45:11,558 - run_experiments - INFO -     BFS: Runtime measurement: 28.88ms
2025-04-13 17:45:11,558 - run_experiments - INFO -   Running BFS WITH memory tracking...
2025-04-13 17:45:11,608 - run_experiments - INFO -     BFS: Found path of length 11 with cost 3084.33 in 49.75ms
2025-04-13 17:45:11,608 - run_experiments - INFO -   Testing algorithm: DFS
2025-04-13 17:45:11,608 - run_experiments - INFO -   Running DFS for runtime measurement only...
2025-04-13 17:45:11,647 - run_experiments - INFO -     DFS: Runtime measurement: 39.80ms
2025-04-13 17:45:11,647 - run_experiments - INFO -   Running DFS WITH memory tracking...
2025-04-13 17:45:11,740 - run_experiments - INFO -     DFS: Found path of length 794 with cost 181341.89 in 92.87ms
2025-04-13 17:45:11,741 - run_experiments - INFO -   Testing algorithm: A*
2025-04-13 17:45:11,741 - run_experiments - INFO -   Running A* for runtime measurement only...
2025-04-13 17:45:11,760 - run_experiments - INFO -     A*: Runtime measurement: 19.11ms
2025-04-13 17:45:11,760 - run_experiments - INFO -   Running A* WITH memory tracking...
2025-04-13 17:45:11,808 - run_experiments - INFO -     A*: Found path of length 15 with cost 2740.07 in 47.97ms
2025-04-13 17:45:11,809 - run_experiments - INFO -   Testing algorithm: Greedy
2025-04-13 17:45:11,809 - run_experiments - INFO -   Running Greedy for runtime measurement only...
2025-04-13 17:45:11,810 - run_experiments - INFO -     Greedy: Runtime measurement: 1.00ms
2025-04-13 17:45:11,810 - run_experiments - INFO -   Running Greedy WITH memory tracking...
2025-04-13 17:45:11,813 - run_experiments - INFO -     Greedy: Found path of length 12 with cost 3485.22 in 3.00ms
2025-04-13 17:45:11,813 - run_experiments - INFO -   Testing algorithm: UCS
2025-04-13 17:45:11,813 - run_experiments - INFO -   Running UCS for runtime measurement only...
2025-04-13 17:45:11,843 - run_experiments - INFO -     UCS: Runtime measurement: 29.27ms
2025-04-13 17:45:11,844 - run_experiments - INFO -   Running UCS WITH memory tracking...
2025-04-13 17:45:11,912 - run_experiments - INFO -     UCS: Found path of length 15 with cost 2740.07 in 68.54ms
2025-04-13 17:45:11,912 - run_experiments - INFO -   Testing algorithm: BULB
2025-04-13 17:45:11,912 - run_experiments - INFO -   Running BULB for runtime measurement only...
2025-04-13 17:45:11,939 - run_experiments - INFO -     BULB: Runtime measurement: 26.88ms
2025-04-13 17:45:11,939 - run_experiments - INFO -   Running BULB WITH memory tracking...
2025-04-13 17:45:12,008 - run_experiments - INFO -     BULB: Found path of length 15 with cost 2740.07 in 68.43ms
2025-04-13 17:45:12,008 - run_experiments - INFO -   Processing graph: graph_1000_3.txt
2025-04-13 17:45:12,052 - run_experiments - INFO -     Initial: 71, Goals: [437]
2025-04-13 17:45:12,055 - run_experiments - INFO -   Testing algorithm: BFS
2025-04-13 17:45:12,055 - run_experiments - INFO -   Running BFS for runtime measurement only...
2025-04-13 17:45:12,090 - run_experiments - INFO -     BFS: Runtime measurement: 35.54ms
2025-04-13 17:45:12,090 - run_experiments - INFO -   Running BFS WITH memory tracking...
2025-04-13 17:45:12,146 - run_experiments - INFO -     BFS: Found path of length 11 with cost 2811.59 in 55.69ms
2025-04-13 17:45:12,148 - run_experiments - INFO -   Testing algorithm: DFS
2025-04-13 17:45:12,148 - run_experiments - INFO -   Running DFS for runtime measurement only...
2025-04-13 17:45:12,200 - run_experiments - INFO -     DFS: Runtime measurement: 50.77ms
2025-04-13 17:45:12,200 - run_experiments - INFO -   Running DFS WITH memory tracking...
2025-04-13 17:45:12,311 - run_experiments - INFO -     DFS: Found path of length 600 with cost 140093.09 in 111.41ms
2025-04-13 17:45:12,312 - run_experiments - INFO -   Testing algorithm: A*
2025-04-13 17:45:12,312 - run_experiments - INFO -   Running A* for runtime measurement only...
2025-04-13 17:45:12,331 - run_experiments - INFO -     A*: Runtime measurement: 19.14ms
2025-04-13 17:45:12,331 - run_experiments - INFO -   Running A* WITH memory tracking...
2025-04-13 17:45:12,370 - run_experiments - INFO -     A*: Found path of length 12 with cost 2729.72 in 37.56ms
2025-04-13 17:45:12,370 - run_experiments - INFO -   Testing algorithm: Greedy
2025-04-13 17:45:12,370 - run_experiments - INFO -   Running Greedy for runtime measurement only...
2025-04-13 17:45:12,371 - run_experiments - INFO -     Greedy: Runtime measurement: 1.00ms
2025-04-13 17:45:12,371 - run_experiments - INFO -   Running Greedy WITH memory tracking...
2025-04-13 17:45:12,373 - run_experiments - INFO -     Greedy: Found path of length 11 with cost 3163.21 in 2.00ms
2025-04-13 17:45:12,374 - run_experiments - INFO -   Testing algorithm: UCS
2025-04-13 17:45:12,374 - run_experiments - INFO -   Running UCS for runtime measurement only...
2025-04-13 17:45:12,401 - run_experiments - INFO -     UCS: Runtime measurement: 27.49ms
2025-04-13 17:45:12,401 - run_experiments - INFO -   Running UCS WITH memory tracking...
2025-04-13 17:45:12,463 - run_experiments - INFO -     UCS: Found path of length 12 with cost 2729.72 in 61.52ms
2025-04-13 17:45:12,463 - run_experiments - INFO -   Testing algorithm: BULB
2025-04-13 17:45:12,464 - run_experiments - INFO -   Running BULB for runtime measurement only...
2025-04-13 17:45:12,484 - run_experiments - INFO -     BULB: Runtime measurement: 19.91ms
2025-04-13 17:45:12,484 - run_experiments - INFO -   Running BULB WITH memory tracking...
2025-04-13 17:45:12,538 - run_experiments - INFO -     BULB: Found path of length 12 with cost 2729.72 in 53.58ms
2025-04-13 17:45:12,538 - run_experiments - INFO - 
Processing graphs with 3000 nodes:
2025-04-13 17:45:12,539 - run_experiments - INFO -   Found 3 graph files in C:\Users\Admin\Desktop\COS30019---Intro-to-AI\Assignment_1\data\graphs\20250405_234841\nodes_3000
2025-04-13 17:45:12,539 - run_experiments - INFO -   Processing graph: graph_3000_1.txt
2025-04-13 17:45:12,689 - run_experiments - INFO -     Initial: 2675, Goals: [1232]
2025-04-13 17:45:12,696 - run_experiments - INFO -   Testing algorithm: BFS
2025-04-13 17:45:12,696 - run_experiments - INFO -   Running BFS for runtime measurement only...
2025-04-13 17:45:12,982 - run_experiments - INFO -     BFS: Runtime measurement: 286.13ms
2025-04-13 17:45:12,982 - run_experiments - INFO -   Running BFS WITH memory tracking...
2025-04-13 17:45:13,515 - run_experiments - INFO -     BFS: Found path of length 28 with cost 15626.50 in 532.56ms
2025-04-13 17:45:13,515 - run_experiments - INFO -   Testing algorithm: DFS
2025-04-13 17:45:13,515 - run_experiments - INFO -   Running DFS for runtime measurement only...
2025-04-13 17:45:13,695 - run_experiments - INFO -     DFS: Runtime measurement: 178.78ms
2025-04-13 17:45:13,696 - run_experiments - INFO -   Running DFS WITH memory tracking...
2025-04-13 17:45:14,083 - run_experiments - INFO -     DFS: Found path of length 2079 with cost 819000.61 in 384.57ms
2025-04-13 17:45:14,084 - run_experiments - INFO -   Testing algorithm: A*
2025-04-13 17:45:14,084 - run_experiments - INFO -   Running A* for runtime measurement only...
2025-04-13 17:45:14,185 - run_experiments - INFO -     A*: Runtime measurement: 100.94ms
2025-04-13 17:45:14,185 - run_experiments - INFO -   Running A* WITH memory tracking...
2025-04-13 17:45:14,430 - run_experiments - INFO -     A*: Found path of length 43 with cost 11345.65 in 245.66ms
2025-04-13 17:45:14,430 - run_experiments - INFO -   Testing algorithm: Greedy
2025-04-13 17:45:14,430 - run_experiments - INFO -   Running Greedy for runtime measurement only...
2025-04-13 17:45:14,434 - run_experiments - INFO -     Greedy: Runtime measurement: 3.50ms
2025-04-13 17:45:14,434 - run_experiments - INFO -   Running Greedy WITH memory tracking...
2025-04-13 17:45:14,441 - run_experiments - INFO -     Greedy: Found path of length 36 with cost 14797.46 in 6.94ms
2025-04-13 17:45:14,442 - run_experiments - INFO -   Testing algorithm: UCS
2025-04-13 17:45:14,442 - run_experiments - INFO -   Running UCS for runtime measurement only...
2025-04-13 17:45:14,578 - run_experiments - INFO -     UCS: Runtime measurement: 136.62ms
2025-04-13 17:45:14,580 - run_experiments - INFO -   Running UCS WITH memory tracking...
2025-04-13 17:45:14,873 - run_experiments - INFO -     UCS: Found path of length 43 with cost 11345.65 in 293.32ms
2025-04-13 17:45:14,874 - run_experiments - INFO -   Testing algorithm: BULB
2025-04-13 17:45:14,874 - run_experiments - INFO -   Running BULB for runtime measurement only...
2025-04-13 17:45:15,018 - run_experiments - INFO -     BULB: Runtime measurement: 143.66ms
2025-04-13 17:45:15,018 - run_experiments - INFO -   Running BULB WITH memory tracking...
2025-04-13 17:45:15,351 - run_experiments - INFO -     BULB: Found path of length 43 with cost 11345.65 in 333.53ms
2025-04-13 17:45:15,352 - run_experiments - INFO -   Processing graph: graph_3000_2.txt
2025-04-13 17:45:15,485 - run_experiments - INFO -     Initial: 257, Goals: [1843]
2025-04-13 17:45:15,490 - run_experiments - INFO -   Testing algorithm: BFS
2025-04-13 17:45:15,490 - run_experiments - INFO -   Running BFS for runtime measurement only...
2025-04-13 17:45:15,754 - run_experiments - INFO -     BFS: Runtime measurement: 264.12ms
2025-04-13 17:45:15,754 - run_experiments - INFO -   Running BFS WITH memory tracking...
2025-04-13 17:45:16,128 - run_experiments - INFO -     BFS: Found path of length 15 with cost 7832.28 in 371.15ms
2025-04-13 17:45:16,128 - run_experiments - INFO -   Testing algorithm: DFS
2025-04-13 17:45:16,128 - run_experiments - INFO -   Running DFS for runtime measurement only...
2025-04-13 17:45:16,209 - run_experiments - INFO -     DFS: Runtime measurement: 80.68ms
2025-04-13 17:45:16,210 - run_experiments - INFO -   Running DFS WITH memory tracking...
2025-04-13 17:45:16,425 - run_experiments - INFO -     DFS: Found path of length 1809 with cost 719548.21 in 213.76ms
2025-04-13 17:45:16,425 - run_experiments - INFO -   Testing algorithm: A*
2025-04-13 17:45:16,427 - run_experiments - INFO -   Running A* for runtime measurement only...
2025-04-13 17:45:16,455 - run_experiments - INFO -     A*: Runtime measurement: 28.18ms
2025-04-13 17:45:16,455 - run_experiments - INFO -   Running A* WITH memory tracking...
2025-04-13 17:45:16,525 - run_experiments - INFO -     A*: Found path of length 21 with cost 6021.17 in 70.46ms
2025-04-13 17:45:16,525 - run_experiments - INFO -   Testing algorithm: Greedy
2025-04-13 17:45:16,525 - run_experiments - INFO -   Running Greedy for runtime measurement only...
2025-04-13 17:45:16,527 - run_experiments - INFO -     Greedy: Runtime measurement: 2.00ms
2025-04-13 17:45:16,527 - run_experiments - INFO -   Running Greedy WITH memory tracking...
2025-04-13 17:45:16,531 - run_experiments - INFO -     Greedy: Found path of length 15 with cost 8239.39 in 3.40ms
2025-04-13 17:45:16,531 - run_experiments - INFO -   Testing algorithm: UCS
2025-04-13 17:45:16,532 - run_experiments - INFO -   Running UCS for runtime measurement only...
2025-04-13 17:45:16,640 - run_experiments - INFO -     UCS: Runtime measurement: 108.13ms
2025-04-13 17:45:16,640 - run_experiments - INFO -   Running UCS WITH memory tracking...
2025-04-13 17:45:16,852 - run_experiments - INFO -     UCS: Found path of length 21 with cost 6021.17 in 211.43ms
2025-04-13 17:45:16,853 - run_experiments - INFO -   Testing algorithm: BULB
2025-04-13 17:45:16,853 - run_experiments - INFO -   Running BULB for runtime measurement only...
2025-04-13 17:45:16,896 - run_experiments - INFO -     BULB: Runtime measurement: 43.82ms
2025-04-13 17:45:16,896 - run_experiments - INFO -   Running BULB WITH memory tracking...
2025-04-13 17:45:16,989 - run_experiments - INFO -     BULB: Found path of length 21 with cost 6021.17 in 92.20ms
2025-04-13 17:45:16,990 - run_experiments - INFO -   Processing graph: graph_3000_3.txt
2025-04-13 17:45:17,132 - run_experiments - INFO -     Initial: 647, Goals: [879]
2025-04-13 17:45:17,136 - run_experiments - INFO -   Testing algorithm: BFS
2025-04-13 17:45:17,137 - run_experiments - INFO -   Running BFS for runtime measurement only...
2025-04-13 17:45:17,205 - run_experiments - INFO -     BFS: Runtime measurement: 67.35ms
2025-04-13 17:45:17,205 - run_experiments - INFO -   Running BFS WITH memory tracking...
2025-04-13 17:45:17,314 - run_experiments - INFO -     BFS: Found path of length 12 with cost 6074.30 in 109.24ms
2025-04-13 17:45:17,314 - run_experiments - INFO -   Testing algorithm: DFS
2025-04-13 17:45:17,314 - run_experiments - INFO -   Running DFS for runtime measurement only...
2025-04-13 17:45:17,322 - run_experiments - INFO -     DFS: Runtime measurement: 7.21ms
2025-04-13 17:45:17,324 - run_experiments - INFO -   Running DFS WITH memory tracking...
2025-04-13 17:45:17,345 - run_experiments - INFO -     DFS: Found path of length 266 with cost 104782.74 in 21.16ms
2025-04-13 17:45:17,345 - run_experiments - INFO -   Testing algorithm: A*
2025-04-13 17:45:17,345 - run_experiments - INFO -   Running A* for runtime measurement only...
2025-04-13 17:45:17,363 - run_experiments - INFO -     A*: Runtime measurement: 17.90ms
2025-04-13 17:45:17,363 - run_experiments - INFO -   Running A* WITH memory tracking...
2025-04-13 17:45:17,412 - run_experiments - INFO -     A*: Found path of length 16 with cost 4847.18 in 48.92ms
2025-04-13 17:45:17,413 - run_experiments - INFO -   Testing algorithm: Greedy
2025-04-13 17:45:17,413 - run_experiments - INFO -   Running Greedy for runtime measurement only...
2025-04-13 17:45:17,414 - run_experiments - INFO -     Greedy: Runtime measurement: 0.99ms
2025-04-13 17:45:17,414 - run_experiments - INFO -   Running Greedy WITH memory tracking...
2025-04-13 17:45:17,416 - run_experiments - INFO -     Greedy: Found path of length 12 with cost 5717.21 in 2.69ms
2025-04-13 17:45:17,418 - run_experiments - INFO -   Testing algorithm: UCS
2025-04-13 17:45:17,418 - run_experiments - INFO -   Running UCS for runtime measurement only...
2025-04-13 17:45:17,462 - run_experiments - INFO -     UCS: Runtime measurement: 44.91ms
2025-04-13 17:45:17,462 - run_experiments - INFO -   Running UCS WITH memory tracking...
2025-04-13 17:45:17,553 - run_experiments - INFO -     UCS: Found path of length 16 with cost 4847.18 in 90.09ms
2025-04-13 17:45:17,553 - run_experiments - INFO -   Testing algorithm: BULB
2025-04-13 17:45:17,553 - run_experiments - INFO -   Running BULB for runtime measurement only...
2025-04-13 17:45:17,575 - run_experiments - INFO -     BULB: Runtime measurement: 22.29ms
2025-04-13 17:45:17,576 - run_experiments - INFO -   Running BULB WITH memory tracking...
2025-04-13 17:45:17,631 - run_experiments - INFO -     BULB: Found path of length 16 with cost 4847.18 in 55.08ms
2025-04-13 17:45:17,631 - run_experiments - INFO - 
Processing graphs with 5000 nodes:
2025-04-13 17:45:17,632 - run_experiments - INFO -   Found 3 graph files in C:\Users\Admin\Desktop\COS30019---Intro-to-AI\Assignment_1\data\graphs\20250405_234841\nodes_5000
2025-04-13 17:45:17,632 - run_experiments - INFO -   Processing graph: graph_5000_1.txt
2025-04-13 17:45:17,852 - run_experiments - INFO -     Initial: 4383, Goals: [1788]
2025-04-13 17:45:17,862 - run_experiments - INFO -   Testing algorithm: BFS
2025-04-13 17:45:17,862 - run_experiments - INFO -   Running BFS for runtime measurement only...
2025-04-13 17:45:18,417 - run_experiments - INFO -     BFS: Runtime measurement: 553.42ms
2025-04-13 17:45:18,417 - run_experiments - INFO -   Running BFS WITH memory tracking...
2025-04-13 17:45:19,192 - run_experiments - INFO -     BFS: Found path of length 25 with cost 17030.66 in 774.33ms
2025-04-13 17:45:19,192 - run_experiments - INFO -   Testing algorithm: DFS
2025-04-13 17:45:19,192 - run_experiments - INFO -   Running DFS for runtime measurement only...
2025-04-13 17:45:19,240 - run_experiments - INFO -     DFS: Runtime measurement: 47.23ms
2025-04-13 17:45:19,240 - run_experiments - INFO -   Running DFS WITH memory tracking...
2025-04-13 17:45:19,368 - run_experiments - INFO -     DFS: Found path of length 1378 with cost 685617.57 in 127.51ms
2025-04-13 17:45:19,368 - run_experiments - INFO -   Testing algorithm: A*
2025-04-13 17:45:19,368 - run_experiments - INFO -   Running A* for runtime measurement only...
2025-04-13 17:45:19,460 - run_experiments - INFO -     A*: Runtime measurement: 91.38ms
2025-04-13 17:45:19,460 - run_experiments - INFO -   Running A* WITH memory tracking...
2025-04-13 17:45:19,664 - run_experiments - INFO -     A*: Found path of length 32 with cost 12595.33 in 203.98ms
2025-04-13 17:45:19,664 - run_experiments - INFO -   Testing algorithm: Greedy
2025-04-13 17:45:19,664 - run_experiments - INFO -   Running Greedy for runtime measurement only...
2025-04-13 17:45:19,666 - run_experiments - INFO -     Greedy: Runtime measurement: 2.61ms
2025-04-13 17:45:19,666 - run_experiments - INFO -   Running Greedy WITH memory tracking...
2025-04-13 17:45:19,674 - run_experiments - INFO -     Greedy: Found path of length 28 with cost 16034.43 in 7.63ms
2025-04-13 17:45:19,674 - run_experiments - INFO -   Testing algorithm: UCS
2025-04-13 17:45:19,674 - run_experiments - INFO -   Running UCS for runtime measurement only...
2025-04-13 17:45:19,874 - run_experiments - INFO -     UCS: Runtime measurement: 199.69ms
2025-04-13 17:45:19,874 - run_experiments - INFO -   Running UCS WITH memory tracking...
2025-04-13 17:45:20,293 - run_experiments - INFO -     UCS: Found path of length 32 with cost 12595.33 in 419.07ms
2025-04-13 17:45:20,293 - run_experiments - INFO -   Testing algorithm: BULB
2025-04-13 17:45:20,293 - run_experiments - INFO -   Running BULB for runtime measurement only...
2025-04-13 17:45:20,418 - run_experiments - INFO -     BULB: Runtime measurement: 124.47ms
2025-04-13 17:45:20,418 - run_experiments - INFO -   Running BULB WITH memory tracking...
2025-04-13 17:45:20,714 - run_experiments - INFO -     BULB: Found path of length 32 with cost 12595.33 in 295.45ms
2025-04-13 17:45:20,715 - run_experiments - INFO -   Processing graph: graph_5000_2.txt
2025-04-13 17:45:20,985 - run_experiments - INFO -     Initial: 2727, Goals: [4214]
2025-04-13 17:45:20,995 - run_experiments - INFO -   Testing algorithm: BFS
2025-04-13 17:45:20,995 - run_experiments - INFO -   Running BFS for runtime measurement only...
2025-04-13 17:45:21,181 - run_experiments - INFO -     BFS: Runtime measurement: 186.17ms
2025-04-13 17:45:21,181 - run_experiments - INFO -   Running BFS WITH memory tracking...
2025-04-13 17:45:21,426 - run_experiments - INFO -     BFS: Found path of length 16 with cost 10388.76 in 243.49ms
2025-04-13 17:45:21,426 - run_experiments - INFO -   Testing algorithm: DFS
2025-04-13 17:45:21,426 - run_experiments - INFO -   Running DFS for runtime measurement only...
2025-04-13 17:45:21,664 - run_experiments - INFO -     DFS: Runtime measurement: 235.61ms
2025-04-13 17:45:21,664 - run_experiments - INFO -   Running DFS WITH memory tracking...
2025-04-13 17:45:22,249 - run_experiments - INFO -     DFS: Found path of length 3434 with cost 1727784.52 in 580.94ms
2025-04-13 17:45:22,250 - run_experiments - INFO -   Testing algorithm: A*
2025-04-13 17:45:22,250 - run_experiments - INFO -   Running A* for runtime measurement only...
2025-04-13 17:45:22,280 - run_experiments - INFO -     A*: Runtime measurement: 30.49ms
2025-04-13 17:45:22,280 - run_experiments - INFO -   Running A* WITH memory tracking...
2025-04-13 17:45:22,356 - run_experiments - INFO -     A*: Found path of length 23 with cost 8044.45 in 76.14ms
2025-04-13 17:45:22,356 - run_experiments - INFO -   Testing algorithm: Greedy
2025-04-13 17:45:22,356 - run_experiments - INFO -   Running Greedy for runtime measurement only...
2025-04-13 17:45:22,358 - run_experiments - INFO -     Greedy: Runtime measurement: 1.00ms
2025-04-13 17:45:22,358 - run_experiments - INFO -   Running Greedy WITH memory tracking...
2025-04-13 17:45:22,363 - run_experiments - INFO -     Greedy: Found path of length 17 with cost 10610.13 in 4.59ms
2025-04-13 17:45:22,363 - run_experiments - INFO -   Testing algorithm: UCS
2025-04-13 17:45:22,363 - run_experiments - INFO -   Running UCS for runtime measurement only...
2025-04-13 17:45:22,431 - run_experiments - INFO -     UCS: Runtime measurement: 67.58ms
2025-04-13 17:45:22,432 - run_experiments - INFO -   Running UCS WITH memory tracking...
2025-04-13 17:45:22,594 - run_experiments - INFO -     UCS: Found path of length 23 with cost 8044.45 in 162.80ms
2025-04-13 17:45:22,594 - run_experiments - INFO -   Testing algorithm: BULB
2025-04-13 17:45:22,595 - run_experiments - INFO -   Running BULB for runtime measurement only...
2025-04-13 17:45:22,641 - run_experiments - INFO -     BULB: Runtime measurement: 45.65ms
2025-04-13 17:45:22,641 - run_experiments - INFO -   Running BULB WITH memory tracking...
2025-04-13 17:45:22,770 - run_experiments - INFO -     BULB: Found path of length 23 with cost 8044.45 in 128.45ms
2025-04-13 17:45:22,770 - run_experiments - INFO -   Processing graph: graph_5000_3.txt
2025-04-13 17:45:23,020 - run_experiments - INFO -     Initial: 658, Goals: [2078]
2025-04-13 17:45:23,030 - run_experiments - INFO -   Testing algorithm: BFS
2025-04-13 17:45:23,030 - run_experiments - INFO -   Running BFS for runtime measurement only...
2025-04-13 17:45:23,352 - run_experiments - INFO -     BFS: Runtime measurement: 321.57ms
2025-04-13 17:45:23,352 - run_experiments - INFO -   Running BFS WITH memory tracking...
2025-04-13 17:45:23,763 - run_experiments - INFO -     BFS: Found path of length 14 with cost 9967.03 in 410.71ms
2025-04-13 17:45:23,763 - run_experiments - INFO -   Testing algorithm: DFS
2025-04-13 17:45:23,763 - run_experiments - INFO -   Running DFS for runtime measurement only...
2025-04-13 17:45:23,800 - run_experiments - INFO -     DFS: Runtime measurement: 35.01ms
2025-04-13 17:45:23,800 - run_experiments - INFO -   Running DFS WITH memory tracking...
2025-04-13 17:45:23,898 - run_experiments - INFO -     DFS: Found path of length 1060 with cost 524280.99 in 97.75ms
2025-04-13 17:45:23,898 - run_experiments - INFO -   Testing algorithm: A*
2025-04-13 17:45:23,898 - run_experiments - INFO -   Running A* for runtime measurement only...
2025-04-13 17:45:23,926 - run_experiments - INFO -     A*: Runtime measurement: 26.46ms
2025-04-13 17:45:23,926 - run_experiments - INFO -   Running A* WITH memory tracking...
2025-04-13 17:45:23,998 - run_experiments - INFO -     A*: Found path of length 22 with cost 7218.48 in 71.94ms
2025-04-13 17:45:23,998 - run_experiments - INFO -   Testing algorithm: Greedy
2025-04-13 17:45:23,998 - run_experiments - INFO -   Running Greedy for runtime measurement only...
2025-04-13 17:45:24,002 - run_experiments - INFO -     Greedy: Runtime measurement: 2.26ms
2025-04-13 17:45:24,002 - run_experiments - INFO -   Running Greedy WITH memory tracking...
2025-04-13 17:45:24,006 - run_experiments - INFO -     Greedy: Found path of length 17 with cost 9830.05 in 4.58ms
2025-04-13 17:45:24,006 - run_experiments - INFO -   Testing algorithm: UCS
2025-04-13 17:45:24,006 - run_experiments - INFO -   Running UCS for runtime measurement only...
2025-04-13 17:45:24,112 - run_experiments - INFO -     UCS: Runtime measurement: 104.52ms
2025-04-13 17:45:24,112 - run_experiments - INFO -   Running UCS WITH memory tracking...
2025-04-13 17:45:24,348 - run_experiments - INFO -     UCS: Found path of length 22 with cost 7218.48 in 236.42ms
2025-04-13 17:45:24,348 - run_experiments - INFO -   Testing algorithm: BULB
2025-04-13 17:45:24,348 - run_experiments - INFO -   Running BULB for runtime measurement only...
2025-04-13 17:45:24,383 - run_experiments - INFO -     BULB: Runtime measurement: 34.40ms
2025-04-13 17:45:24,384 - run_experiments - INFO -   Running BULB WITH memory tracking...
2025-04-13 17:45:24,471 - run_experiments - INFO -     BULB: Found path of length 22 with cost 7218.48 in 87.01ms
2025-04-13 17:45:24,471 - run_experiments - INFO - 
Processing graphs with 8000 nodes:
2025-04-13 17:45:24,472 - run_experiments - INFO -   Found 3 graph files in C:\Users\Admin\Desktop\COS30019---Intro-to-AI\Assignment_1\data\graphs\20250405_234841\nodes_8000
2025-04-13 17:45:24,472 - run_experiments - INFO -   Processing graph: graph_8000_1.txt
2025-04-13 17:45:24,836 - run_experiments - INFO -     Initial: 4708, Goals: [4205]
2025-04-13 17:45:24,852 - run_experiments - INFO -   Testing algorithm: BFS
2025-04-13 17:45:24,853 - run_experiments - INFO -   Running BFS for runtime measurement only...
2025-04-13 17:45:26,276 - run_experiments - INFO -     BFS: Runtime measurement: 1422.75ms
2025-04-13 17:45:26,276 - run_experiments - INFO -   Running BFS WITH memory tracking...
2025-04-13 17:45:28,042 - run_experiments - INFO -     BFS: Found path of length 23 with cost 19191.49 in 1766.00ms
2025-04-13 17:45:28,043 - run_experiments - INFO -   Testing algorithm: DFS
2025-04-13 17:45:28,043 - run_experiments - INFO -   Running DFS for runtime measurement only...
2025-04-13 17:45:28,104 - run_experiments - INFO -     DFS: Runtime measurement: 59.19ms
2025-04-13 17:45:28,104 - run_experiments - INFO -   Running DFS WITH memory tracking...
2025-04-13 17:45:28,244 - run_experiments - INFO -     DFS: Found path of length 1493 with cost 937608.17 in 138.93ms
2025-04-13 17:45:28,245 - run_experiments - INFO -   Testing algorithm: A*
2025-04-13 17:45:28,245 - run_experiments - INFO -   Running A* for runtime measurement only...
2025-04-13 17:45:28,309 - run_experiments - INFO -     A*: Runtime measurement: 63.90ms
2025-04-13 17:45:28,309 - run_experiments - INFO -   Running A* WITH memory tracking...
2025-04-13 17:45:28,469 - run_experiments - INFO -     A*: Found path of length 32 with cost 14674.89 in 159.84ms
2025-04-13 17:45:28,469 - run_experiments - INFO -   Testing algorithm: Greedy
2025-04-13 17:45:28,469 - run_experiments - INFO -   Running Greedy for runtime measurement only...
2025-04-13 17:45:28,471 - run_experiments - INFO -     Greedy: Runtime measurement: 2.32ms
2025-04-13 17:45:28,471 - run_experiments - INFO -   Running Greedy WITH memory tracking...
2025-04-13 17:45:28,477 - run_experiments - INFO -     Greedy: Found path of length 24 with cost 19587.83 in 5.15ms
2025-04-13 17:45:28,478 - run_experiments - INFO -   Testing algorithm: UCS
2025-04-13 17:45:28,478 - run_experiments - INFO -   Running UCS for runtime measurement only...
2025-04-13 17:45:28,762 - run_experiments - INFO -     UCS: Runtime measurement: 284.09ms
2025-04-13 17:45:28,762 - run_experiments - INFO -   Running UCS WITH memory tracking...
2025-04-13 17:45:29,399 - run_experiments - INFO -     UCS: Found path of length 32 with cost 14674.89 in 636.59ms
2025-04-13 17:45:29,399 - run_experiments - INFO -   Testing algorithm: BULB
2025-04-13 17:45:29,399 - run_experiments - INFO -   Running BULB for runtime measurement only...
2025-04-13 17:45:29,488 - run_experiments - INFO -     BULB: Runtime measurement: 89.51ms
2025-04-13 17:45:29,489 - run_experiments - INFO -   Running BULB WITH memory tracking...
2025-04-13 17:45:29,732 - run_experiments - INFO -     BULB: Found path of length 32 with cost 14674.89 in 242.54ms
2025-04-13 17:45:29,732 - run_experiments - INFO -   Processing graph: graph_8000_2.txt
2025-04-13 17:45:30,101 - run_experiments - INFO -     Initial: 5949, Goals: [7377]
2025-04-13 17:45:30,116 - run_experiments - INFO -   Testing algorithm: BFS
2025-04-13 17:45:30,116 - run_experiments - INFO -   Running BFS for runtime measurement only...
2025-04-13 17:45:30,685 - run_experiments - INFO -     BFS: Runtime measurement: 569.35ms
2025-04-13 17:45:30,685 - run_experiments - INFO -   Running BFS WITH memory tracking...
2025-04-13 17:45:31,409 - run_experiments - INFO -     BFS: Found path of length 21 with cost 17985.67 in 723.95ms
2025-04-13 17:45:31,410 - run_experiments - INFO -   Testing algorithm: DFS
2025-04-13 17:45:31,410 - run_experiments - INFO -   Running DFS for runtime measurement only...
2025-04-13 17:45:32,285 - run_experiments - INFO -     DFS: Runtime measurement: 872.34ms
2025-04-13 17:45:32,285 - run_experiments - INFO -   Running DFS WITH memory tracking...
2025-04-13 17:45:34,224 - run_experiments - INFO -     DFS: Found path of length 3187 with cost 2040119.57 in 1936.81ms
2025-04-13 17:45:34,226 - run_experiments - INFO -   Testing algorithm: A*
2025-04-13 17:45:34,226 - run_experiments - INFO -   Running A* for runtime measurement only...
2025-04-13 17:45:34,295 - run_experiments - INFO -     A*: Runtime measurement: 69.03ms
2025-04-13 17:45:34,296 - run_experiments - INFO -   Running A* WITH memory tracking...
2025-04-13 17:45:34,444 - run_experiments - INFO -     A*: Found path of length 31 with cost 15033.66 in 148.68ms
2025-04-13 17:45:34,444 - run_experiments - INFO -   Testing algorithm: Greedy
2025-04-13 17:45:34,446 - run_experiments - INFO -   Running Greedy for runtime measurement only...
2025-04-13 17:45:34,448 - run_experiments - INFO -     Greedy: Runtime measurement: 2.02ms
2025-04-13 17:45:34,448 - run_experiments - INFO -   Running Greedy WITH memory tracking...
2025-04-13 17:45:34,453 - run_experiments - INFO -     Greedy: Found path of length 23 with cost 19419.99 in 5.00ms
2025-04-13 17:45:34,453 - run_experiments - INFO -   Testing algorithm: UCS
2025-04-13 17:45:34,453 - run_experiments - INFO -   Running UCS for runtime measurement only...
2025-04-13 17:45:34,657 - run_experiments - INFO -     UCS: Runtime measurement: 202.35ms
2025-04-13 17:45:34,657 - run_experiments - INFO -   Running UCS WITH memory tracking...
2025-04-13 17:45:35,108 - run_experiments - INFO -     UCS: Found path of length 31 with cost 15033.66 in 451.12ms
2025-04-13 17:45:35,108 - run_experiments - INFO -   Testing algorithm: BULB
2025-04-13 17:45:35,108 - run_experiments - INFO -   Running BULB for runtime measurement only...
2025-04-13 17:45:35,192 - run_experiments - INFO -     BULB: Runtime measurement: 83.51ms
2025-04-13 17:45:35,192 - run_experiments - INFO -   Running BULB WITH memory tracking...
2025-04-13 17:45:35,404 - run_experiments - INFO -     BULB: Found path of length 31 with cost 15033.66 in 212.82ms
2025-04-13 17:45:35,405 - run_experiments - INFO -   Processing graph: graph_8000_3.txt
2025-04-13 17:45:35,756 - run_experiments - INFO -     Initial: 6307, Goals: [4039]
2025-04-13 17:45:35,772 - run_experiments - INFO -   Testing algorithm: BFS
2025-04-13 17:45:35,772 - run_experiments - INFO -   Running BFS for runtime measurement only...
2025-04-13 17:45:36,812 - run_experiments - INFO -     BFS: Runtime measurement: 1040.58ms
2025-04-13 17:45:36,812 - run_experiments - INFO -   Running BFS WITH memory tracking...
2025-04-13 17:45:38,222 - run_experiments - INFO -     BFS: Found path of length 37 with cost 30718.54 in 1409.72ms
2025-04-13 17:45:38,222 - run_experiments - INFO -   Testing algorithm: DFS
2025-04-13 17:45:38,222 - run_experiments - INFO -   Running DFS for runtime measurement only...
2025-04-13 17:45:38,403 - run_experiments - INFO -     DFS: Runtime measurement: 177.47ms
2025-04-13 17:45:38,404 - run_experiments - INFO -   Running DFS WITH memory tracking...
2025-04-13 17:45:38,819 - run_experiments - INFO -     DFS: Found path of length 4310 with cost 2771301.40 in 412.23ms
2025-04-13 17:45:38,822 - run_experiments - INFO -   Testing algorithm: A*
2025-04-13 17:45:38,822 - run_experiments - INFO -   Running A* for runtime measurement only...
2025-04-13 17:45:39,011 - run_experiments - INFO -     A*: Runtime measurement: 189.13ms
2025-04-13 17:45:39,011 - run_experiments - INFO -   Running A* WITH memory tracking...
2025-04-13 17:45:39,467 - run_experiments - INFO -     A*: Found path of length 51 with cost 24356.91 in 456.17ms
2025-04-13 17:45:39,467 - run_experiments - INFO -   Testing algorithm: Greedy
2025-04-13 17:45:39,467 - run_experiments - INFO -   Running Greedy for runtime measurement only...
2025-04-13 17:45:39,471 - run_experiments - INFO -     Greedy: Runtime measurement: 4.05ms
2025-04-13 17:45:39,471 - run_experiments - INFO -   Running Greedy WITH memory tracking...
2025-04-13 17:45:39,481 - run_experiments - INFO -     Greedy: Found path of length 43 with cost 31898.82 in 9.95ms
2025-04-13 17:45:39,481 - run_experiments - INFO -   Testing algorithm: UCS
2025-04-13 17:45:39,481 - run_experiments - INFO -   Running UCS for runtime measurement only...
2025-04-13 17:45:39,802 - run_experiments - INFO -     UCS: Runtime measurement: 320.84ms
2025-04-13 17:45:39,802 - run_experiments - INFO -   Running UCS WITH memory tracking...
2025-04-13 17:45:40,536 - run_experiments - INFO -     UCS: Found path of length 51 with cost 24356.91 in 733.94ms
2025-04-13 17:45:40,536 - run_experiments - INFO -   Testing algorithm: BULB
2025-04-13 17:45:40,536 - run_experiments - INFO -   Running BULB for runtime measurement only...
2025-04-13 17:45:40,855 - run_experiments - INFO -     BULB: Runtime measurement: 318.75ms
2025-04-13 17:45:40,855 - run_experiments - INFO -   Running BULB WITH memory tracking...
2025-04-13 17:45:41,555 - run_experiments - INFO -     BULB: Found path of length 51 with cost 24356.91 in 700.86ms
2025-04-13 17:45:41,555 - run_experiments - INFO - 
Processing graphs with 10000 nodes:
2025-04-13 17:45:41,555 - run_experiments - INFO -   Found 3 graph files in C:\Users\Admin\Desktop\COS30019---Intro-to-AI\Assignment_1\data\graphs\20250405_234841\nodes_10000
2025-04-13 17:45:41,555 - run_experiments - INFO -   Processing graph: graph_10000_1.txt
2025-04-13 17:45:42,015 - run_experiments - INFO -     Initial: 3702, Goals: [8273]
2025-04-13 17:45:42,033 - run_experiments - INFO -   Testing algorithm: BFS
2025-04-13 17:45:42,033 - run_experiments - INFO -   Running BFS for runtime measurement only...
2025-04-13 17:45:42,702 - run_experiments - INFO -     BFS: Runtime measurement: 669.11ms
2025-04-13 17:45:42,702 - run_experiments - INFO -   Running BFS WITH memory tracking...
2025-04-13 17:45:43,537 - run_experiments - INFO -     BFS: Found path of length 18 with cost 16710.54 in 835.22ms
2025-04-13 17:45:43,538 - run_experiments - INFO -   Testing algorithm: DFS
2025-04-13 17:45:43,538 - run_experiments - INFO -   Running DFS for runtime measurement only...
2025-04-13 17:45:44,553 - run_experiments - INFO -     DFS: Runtime measurement: 1011.32ms
2025-04-13 17:45:44,555 - run_experiments - INFO -   Running DFS WITH memory tracking...
2025-04-13 17:45:46,871 - run_experiments - INFO -     DFS: Found path of length 4576 with cost 3302567.92 in 2312.24ms
2025-04-13 17:45:46,872 - run_experiments - INFO -   Testing algorithm: A*
2025-04-13 17:45:46,872 - run_experiments - INFO -   Running A* for runtime measurement only...
2025-04-13 17:45:46,927 - run_experiments - INFO -     A*: Runtime measurement: 55.31ms
2025-04-13 17:45:46,927 - run_experiments - INFO -   Running A* WITH memory tracking...
2025-04-13 17:45:47,050 - run_experiments - INFO -     A*: Found path of length 27 with cost 13478.26 in 123.23ms
2025-04-13 17:45:47,050 - run_experiments - INFO -   Testing algorithm: Greedy
2025-04-13 17:45:47,052 - run_experiments - INFO -   Running Greedy for runtime measurement only...
2025-04-13 17:45:47,053 - run_experiments - INFO -     Greedy: Runtime measurement: 1.09ms
2025-04-13 17:45:47,053 - run_experiments - INFO -   Running Greedy WITH memory tracking...
2025-04-13 17:45:47,059 - run_experiments - INFO -     Greedy: Found path of length 21 with cost 16514.68 in 6.03ms
2025-04-13 17:45:47,060 - run_experiments - INFO -   Testing algorithm: UCS
2025-04-13 17:45:47,060 - run_experiments - INFO -   Running UCS for runtime measurement only...
2025-04-13 17:45:47,268 - run_experiments - INFO -     UCS: Runtime measurement: 208.12ms
2025-04-13 17:45:47,268 - run_experiments - INFO -   Running UCS WITH memory tracking...
2025-04-13 17:45:47,743 - run_experiments - INFO -     UCS: Found path of length 27 with cost 13478.26 in 475.27ms
2025-04-13 17:45:47,743 - run_experiments - INFO -   Testing algorithm: BULB
2025-04-13 17:45:47,743 - run_experiments - INFO -   Running BULB for runtime measurement only...
2025-04-13 17:45:47,812 - run_experiments - INFO -     BULB: Runtime measurement: 68.98ms
2025-04-13 17:45:47,812 - run_experiments - INFO -   Running BULB WITH memory tracking...
2025-04-13 17:45:47,983 - run_experiments - INFO -     BULB: Found path of length 27 with cost 13478.26 in 170.70ms
2025-04-13 17:45:47,983 - run_experiments - INFO -   Processing graph: graph_10000_2.txt
2025-04-13 17:45:48,445 - run_experiments - INFO -     Initial: 6145, Goals: [3199]
2025-04-13 17:45:48,464 - run_experiments - INFO -   Testing algorithm: BFS
2025-04-13 17:45:48,464 - run_experiments - INFO -   Running BFS for runtime measurement only...
2025-04-13 17:45:50,193 - run_experiments - INFO -     BFS: Runtime measurement: 1728.49ms
2025-04-13 17:45:50,193 - run_experiments - INFO -   Running BFS WITH memory tracking...
2025-04-13 17:45:52,495 - run_experiments - INFO -     BFS: Found path of length 51 with cost 49188.01 in 2302.46ms
2025-04-13 17:45:52,495 - run_experiments - INFO -   Testing algorithm: DFS
2025-04-13 17:45:52,495 - run_experiments - INFO -   Running DFS for runtime measurement only...
2025-04-13 17:45:52,539 - run_experiments - INFO -     DFS: Runtime measurement: 44.33ms
2025-04-13 17:45:52,539 - run_experiments - INFO -   Running DFS WITH memory tracking...
2025-04-13 17:45:52,635 - run_experiments - INFO -     DFS: Found path of length 916 with cost 677556.53 in 92.80ms
2025-04-13 17:45:52,635 - run_experiments - INFO -   Testing algorithm: A*
2025-04-13 17:45:52,635 - run_experiments - INFO -   Running A* for runtime measurement only...
2025-04-13 17:45:53,061 - run_experiments - INFO -     A*: Runtime measurement: 425.84ms
2025-04-13 17:45:53,062 - run_experiments - INFO -   Running A* WITH memory tracking...
2025-04-13 17:45:54,109 - run_experiments - INFO -     A*: Found path of length 73 with cost 39487.45 in 1046.26ms
2025-04-13 17:45:54,109 - run_experiments - INFO -   Testing algorithm: Greedy
2025-04-13 17:45:54,109 - run_experiments - INFO -   Running Greedy for runtime measurement only...
2025-04-13 17:45:54,114 - run_experiments - INFO -     Greedy: Runtime measurement: 5.45ms
2025-04-13 17:45:54,115 - run_experiments - INFO -   Running Greedy WITH memory tracking...
2025-04-13 17:45:54,130 - run_experiments - INFO -     Greedy: Found path of length 54 with cost 50088.22 in 15.45ms
2025-04-13 17:45:54,130 - run_experiments - INFO -   Testing algorithm: UCS
2025-04-13 17:45:54,131 - run_experiments - INFO -   Running UCS for runtime measurement only...
2025-04-13 17:45:54,683 - run_experiments - INFO -     UCS: Runtime measurement: 551.79ms
2025-04-13 17:45:54,683 - run_experiments - INFO -   Running UCS WITH memory tracking...
2025-04-13 17:45:55,856 - run_experiments - INFO -     UCS: Found path of length 73 with cost 39487.45 in 1172.74ms
2025-04-13 17:45:55,856 - run_experiments - INFO -   Testing algorithm: BULB
2025-04-13 17:45:55,856 - run_experiments - INFO -   Running BULB for runtime measurement only...
2025-04-13 17:45:56,495 - run_experiments - INFO -     BULB: Runtime measurement: 639.05ms
2025-04-13 17:45:56,495 - run_experiments - INFO -   Running BULB WITH memory tracking...
2025-04-13 17:45:58,097 - run_experiments - INFO -     BULB: Found path of length 73 with cost 39487.45 in 1601.30ms
2025-04-13 17:45:58,097 - run_experiments - INFO -   Processing graph: graph_10000_3.txt
2025-04-13 17:45:58,580 - run_experiments - INFO -     Initial: 352, Goals: [5330]
2025-04-13 17:45:58,602 - run_experiments - INFO -   Testing algorithm: BFS
2025-04-13 17:45:58,602 - run_experiments - INFO -   Running BFS for runtime measurement only...
2025-04-13 17:45:59,294 - run_experiments - INFO -     BFS: Runtime measurement: 692.04ms
2025-04-13 17:45:59,294 - run_experiments - INFO -   Running BFS WITH memory tracking...
2025-04-13 17:46:00,221 - run_experiments - INFO -     BFS: Found path of length 24 with cost 23319.14 in 926.49ms
2025-04-13 17:46:00,221 - run_experiments - INFO -   Testing algorithm: DFS
2025-04-13 17:46:00,221 - run_experiments - INFO -   Running DFS for runtime measurement only...
2025-04-13 17:46:00,343 - run_experiments - INFO -     DFS: Runtime measurement: 118.74ms
2025-04-13 17:46:00,344 - run_experiments - INFO -   Running DFS WITH memory tracking...
2025-04-13 17:46:00,648 - run_experiments - INFO -     DFS: Found path of length 3220 with cost 2273130.41 in 301.58ms
2025-04-13 17:46:00,648 - run_experiments - INFO -   Testing algorithm: A*
2025-04-13 17:46:00,649 - run_experiments - INFO -   Running A* for runtime measurement only...
2025-04-13 17:46:00,730 - run_experiments - INFO -     A*: Runtime measurement: 80.37ms
2025-04-13 17:46:00,730 - run_experiments - INFO -   Running A* WITH memory tracking...
2025-04-13 17:46:00,952 - run_experiments - INFO -     A*: Found path of length 35 with cost 17874.81 in 222.74ms
2025-04-13 17:46:00,952 - run_experiments - INFO -   Testing algorithm: Greedy
2025-04-13 17:46:00,952 - run_experiments - INFO -   Running Greedy for runtime measurement only...
2025-04-13 17:46:00,956 - run_experiments - INFO -     Greedy: Runtime measurement: 3.98ms
2025-04-13 17:46:00,956 - run_experiments - INFO -   Running Greedy WITH memory tracking...
2025-04-13 17:46:00,963 - run_experiments - INFO -     Greedy: Found path of length 26 with cost 22164.06 in 6.64ms
2025-04-13 17:46:00,963 - run_experiments - INFO -   Testing algorithm: UCS
2025-04-13 17:46:00,964 - run_experiments - INFO -   Running UCS for runtime measurement only...
2025-04-13 17:46:01,172 - run_experiments - INFO -     UCS: Runtime measurement: 207.82ms
2025-04-13 17:46:01,172 - run_experiments - INFO -   Running UCS WITH memory tracking...
2025-04-13 17:46:01,636 - run_experiments - INFO -     UCS: Found path of length 35 with cost 17874.81 in 464.32ms
2025-04-13 17:46:01,637 - run_experiments - INFO -   Testing algorithm: BULB
2025-04-13 17:46:01,637 - run_experiments - INFO -   Running BULB for runtime measurement only...
2025-04-13 17:46:01,764 - run_experiments - INFO -     BULB: Runtime measurement: 126.67ms
2025-04-13 17:46:01,764 - run_experiments - INFO -   Running BULB WITH memory tracking...
2025-04-13 17:46:02,084 - run_experiments - INFO -     BULB: Found path of length 35 with cost 17874.81 in 320.31ms
2025-04-13 17:46:02,084 - run_experiments - INFO - 
Saving results to C:\Users\Admin\Desktop\COS30019---Intro-to-AI\Assignment_1\data\results\20250413_174510\search_results.json
2025-04-13 17:46:02,089 - run_experiments - INFO - Results saved successfully
2025-04-13 17:46:02,089 - run_experiments - INFO - 
Experiments completed successfully!
2025-04-13 17:46:02,089 - run_experiments - INFO - Results checkpoint created: 20250413_174510
