2025-04-04 11:09:33,829 - analyze_results - INFO - Logs will be saved to: logs\20250404_104906\analyze_results.log
2025-04-04 11:09:33,829 - analyze_results - INFO - Analysis started at: 2025-04-04 11:09:33
2025-04-04 11:09:33,829 - analyze_results - INFO - Command line arguments: ['C:\\Users\\Admin\\Desktop\\COS30019---Intro-to-AI\\Assignment_1\\src\\experiment\\analyze_results.py', '--log-scale', '--metrics', 'path_cost', 'path_length', 'nodes_expanded', 'runtime_ms', '--log-dir', 'logs', '--timestamp', '20250404_104906']
2025-04-04 11:09:33,829 - analyze_results - INFO - Analysis base directory: C:\Users\Admin\Desktop\COS30019---Intro-to-AI\Assignment_1\data\analysis
2025-04-04 11:09:33,841 - analyze_results - INFO - Created analysis checkpoint directory: C:\Users\Admin\Desktop\COS30019---Intro-to-AI\Assignment_1\data\analysis\20250404_104906
2025-04-04 11:09:33,842 - analyze_results - INFO - Updated latest analysis checkpoint pointer to: 20250404_104906
2025-04-04 11:09:33,842 - analyze_results - INFO - Results base directory: C:\Users\Admin\Desktop\COS30019---Intro-to-AI\Assignment_1\data\results
2025-04-04 11:09:33,842 - analyze_results - INFO - Found most recent checkpoint directory: 20250404_104906
2025-04-04 11:09:33,842 - analyze_results - INFO - Using results checkpoint: 20250404_104906
2025-04-04 11:09:33,843 - analyze_results - INFO - Found results files: ['C:\\Users\\Admin\\Desktop\\COS30019---Intro-to-AI\\Assignment_1\\data\\results\\20250404_104906\\search_results.json']
2025-04-04 11:09:33,843 - analyze_results - INFO - Analysis results will be saved to checkpoint: 20250404_104906
2025-04-04 11:09:33,843 - analyze_results - INFO - Analyzing results file: C:\Users\Admin\Desktop\COS30019---Intro-to-AI\Assignment_1\data\results\20250404_104906\search_results.json
2025-04-04 11:09:33,853 - analyze_results - INFO - Successfully loaded results from C:\Users\Admin\Desktop\COS30019---Intro-to-AI\Assignment_1\data\results\20250404_104906\search_results.json
2025-04-04 11:09:33,853 - analyze_results - INFO - Results metadata: {'timestamp': '20250404_104906', 'graphs_checkpoint': '20250404_104906', 'node_counts': [1000, 3000, 5000, 8000, 10000], 'graphs_per_size': 3, 'timeout': 300}
2025-04-04 11:09:33,854 - analyze_results - INFO - Calculating means across graphs of the same size
2025-04-04 11:09:33,854 - analyze_results - INFO - Processing node count: 1000
2025-04-04 11:09:33,854 - analyze_results - INFO - Processing node count: 3000
2025-04-04 11:09:33,855 - analyze_results - INFO - Processing node count: 5000
2025-04-04 11:09:33,855 - analyze_results - INFO - Processing node count: 8000
2025-04-04 11:09:33,856 - analyze_results - INFO - Processing node count: 10000
2025-04-04 11:09:33,856 - analyze_results - INFO - Generating charts for metrics: ['path_cost', 'path_length', 'nodes_expanded', 'runtime_ms']
2025-04-04 11:09:33,856 - analyze_results - INFO - Using log scale: True
2025-04-04 11:09:33,857 - analyze_results - INFO - Generating chart for metric: path_cost
2025-04-04 11:09:34,833 - analyze_results - INFO - Saved chart: C:\Users\Admin\Desktop\COS30019---Intro-to-AI\Assignment_1\data\analysis\20250404_104906\chart_path_cost.png
2025-04-04 11:09:34,833 - analyze_results - INFO - Generating chart for metric: path_length
2025-04-04 11:09:35,561 - analyze_results - INFO - Saved chart: C:\Users\Admin\Desktop\COS30019---Intro-to-AI\Assignment_1\data\analysis\20250404_104906\chart_path_length.png
2025-04-04 11:09:35,561 - analyze_results - INFO - Generating chart for metric: nodes_expanded
2025-04-04 11:09:36,382 - analyze_results - INFO - Saved chart: C:\Users\Admin\Desktop\COS30019---Intro-to-AI\Assignment_1\data\analysis\20250404_104906\chart_nodes_expanded.png
2025-04-04 11:09:36,382 - analyze_results - INFO - Generating chart for metric: runtime_ms
2025-04-04 11:09:37,199 - analyze_results - INFO - Saved chart: C:\Users\Admin\Desktop\COS30019---Intro-to-AI\Assignment_1\data\analysis\20250404_104906\chart_runtime_ms.png
2025-04-04 11:09:37,199 - analyze_results - INFO - Generating success rate chart
2025-04-04 11:09:37,760 - analyze_results - INFO - Saved chart: C:\Users\Admin\Desktop\COS30019---Intro-to-AI\Assignment_1\data\analysis\20250404_104906\chart_success_rate.png
2025-04-04 11:09:37,762 - analyze_results - INFO - Saved means to: C:\Users\Admin\Desktop\COS30019---Intro-to-AI\Assignment_1\data\analysis\20250404_104906\means.json
2025-04-04 11:09:37,763 - analyze_results - INFO - Saved source info to: C:\Users\Admin\Desktop\COS30019---Intro-to-AI\Assignment_1\data\analysis\20250404_104906\source_info.json
2025-04-04 11:09:37,763 - analyze_results - INFO - 
Analysis completed successfully!
2025-04-04 11:09:37,763 - analyze_results - INFO - Analysis checkpoint created: 20250404_104906
