2025-04-04 10:49:06,622 - generate_graphs - INFO - Logs will be saved to: logs\20250404_104906\generate_graphs.log
2025-04-04 10:49:06,622 - generate_graphs - INFO - Graph generation started at: 2025-04-04 10:49:06
2025-04-04 10:49:06,622 - generate_graphs - INFO - Command line arguments: ['C:\\Users\\Admin\\Desktop\\COS30019---Intro-to-AI\\Assignment_1\\src\\experiment\\generate_graphs.py', '--node-counts', '1000', '3000', '5000', '8000', '10000', '--graphs-per-size', '3', '--min-edges', '10', '--max-edges', '20', '--log-dir', 'logs', '--timestamp', '20250404_104906']
2025-04-04 10:49:06,624 - generate_graphs - INFO - Created checkpoint directory: C:\Users\Admin\Desktop\COS30019---Intro-to-AI\Assignment_1\data\graphs\20250404_104906
2025-04-04 10:49:06,624 - generate_graphs - INFO - Generating graphs with parameters:
2025-04-04 10:49:06,624 - generate_graphs - INFO -   Node counts: [1000, 3000, 5000, 8000, 10000]
2025-04-04 10:49:06,624 - generate_graphs - INFO -   Graphs per size: 3
2025-04-04 10:49:06,624 - generate_graphs - INFO -   Edge range: 10-20 per node
2025-04-04 10:49:06,624 - generate_graphs - INFO -   Output directory: C:\Users\Admin\Desktop\COS30019---Intro-to-AI\Assignment_1\data\graphs\20250404_104906
2025-04-04 10:49:06,625 - generate_graphs - INFO -   Checkpoint timestamp: 20250404_104906
2025-04-04 10:49:06,625 - generate_graphs - INFO - Processing node count: 1000
2025-04-04 10:49:06,625 - generate_graphs - INFO -   Generating graph 1/3 with seed None
2025-04-04 10:49:06,625 - generate_graphs - INFO - Generating graph with 1000 nodes, 10-20 edges per node...
2025-04-04 10:49:08,495 - generate_graphs - INFO -   Generation completed in 1.87 seconds
2025-04-04 10:49:08,496 - generate_graphs - INFO -   Saving graph to C:\Users\Admin\Desktop\COS30019---Intro-to-AI\Assignment_1\data\graphs\20250404_104906\nodes_1000\graph_1000_1.txt
2025-04-04 10:49:08,541 - generate_graphs - INFO -   Graph saved successfully
2025-04-04 10:49:08,541 - generate_graphs - INFO -   Generating graph 2/3 with seed None
2025-04-04 10:49:08,541 - generate_graphs - INFO - Generating graph with 1000 nodes, 10-20 edges per node...
2025-04-04 10:49:10,377 - generate_graphs - INFO -   Generation completed in 1.83 seconds
2025-04-04 10:49:10,380 - generate_graphs - INFO -   Saving graph to C:\Users\Admin\Desktop\COS30019---Intro-to-AI\Assignment_1\data\graphs\20250404_104906\nodes_1000\graph_1000_2.txt
2025-04-04 10:49:10,430 - generate_graphs - INFO -   Graph saved successfully
2025-04-04 10:49:10,430 - generate_graphs - INFO -   Generating graph 3/3 with seed None
2025-04-04 10:49:10,430 - generate_graphs - INFO - Generating graph with 1000 nodes, 10-20 edges per node...
2025-04-04 10:49:12,223 - generate_graphs - INFO -   Generation completed in 1.79 seconds
2025-04-04 10:49:12,226 - generate_graphs - INFO -   Saving graph to C:\Users\Admin\Desktop\COS30019---Intro-to-AI\Assignment_1\data\graphs\20250404_104906\nodes_1000\graph_1000_3.txt
2025-04-04 10:49:12,282 - generate_graphs - INFO -   Graph saved successfully
2025-04-04 10:49:12,283 - generate_graphs - INFO - Processing node count: 3000
2025-04-04 10:49:12,283 - generate_graphs - INFO -   Generating graph 1/3 with seed None
2025-04-04 10:49:12,283 - generate_graphs - INFO - Generating graph with 3000 nodes, 10-20 edges per node...
2025-04-04 10:49:28,817 - generate_graphs - INFO -   Generation completed in 16.53 seconds
2025-04-04 10:49:28,822 - generate_graphs - INFO -   Saving graph to C:\Users\Admin\Desktop\COS30019---Intro-to-AI\Assignment_1\data\graphs\20250404_104906\nodes_3000\graph_3000_1.txt
2025-04-04 10:49:28,956 - generate_graphs - INFO -   Graph saved successfully
2025-04-04 10:49:28,956 - generate_graphs - INFO -   Generating graph 2/3 with seed None
2025-04-04 10:49:28,956 - generate_graphs - INFO - Generating graph with 3000 nodes, 10-20 edges per node...
2025-04-04 10:49:46,028 - generate_graphs - INFO -   Generation completed in 17.07 seconds
2025-04-04 10:49:46,034 - generate_graphs - INFO -   Saving graph to C:\Users\Admin\Desktop\COS30019---Intro-to-AI\Assignment_1\data\graphs\20250404_104906\nodes_3000\graph_3000_2.txt
2025-04-04 10:49:46,172 - generate_graphs - INFO -   Graph saved successfully
2025-04-04 10:49:46,172 - generate_graphs - INFO -   Generating graph 3/3 with seed None
2025-04-04 10:49:46,172 - generate_graphs - INFO - Generating graph with 3000 nodes, 10-20 edges per node...
2025-04-04 10:50:03,232 - generate_graphs - INFO -   Generation completed in 17.06 seconds
2025-04-04 10:50:03,240 - generate_graphs - INFO -   Saving graph to C:\Users\Admin\Desktop\COS30019---Intro-to-AI\Assignment_1\data\graphs\20250404_104906\nodes_3000\graph_3000_3.txt
2025-04-04 10:50:03,378 - generate_graphs - INFO -   Graph saved successfully
2025-04-04 10:50:03,379 - generate_graphs - INFO - Processing node count: 5000
2025-04-04 10:50:03,379 - generate_graphs - INFO -   Generating graph 1/3 with seed None
2025-04-04 10:50:03,379 - generate_graphs - INFO - Generating graph with 5000 nodes, 10-20 edges per node...
2025-04-04 10:50:50,980 - generate_graphs - INFO -   Generation completed in 47.60 seconds
2025-04-04 10:50:50,991 - generate_graphs - INFO -   Saving graph to C:\Users\Admin\Desktop\COS30019---Intro-to-AI\Assignment_1\data\graphs\20250404_104906\nodes_5000\graph_5000_1.txt
2025-04-04 10:50:51,213 - generate_graphs - INFO -   Graph saved successfully
2025-04-04 10:50:51,213 - generate_graphs - INFO -   Generating graph 2/3 with seed None
2025-04-04 10:50:51,213 - generate_graphs - INFO - Generating graph with 5000 nodes, 10-20 edges per node...
2025-04-04 10:51:36,953 - generate_graphs - INFO -   Generation completed in 45.74 seconds
2025-04-04 10:51:36,964 - generate_graphs - INFO -   Saving graph to C:\Users\Admin\Desktop\COS30019---Intro-to-AI\Assignment_1\data\graphs\20250404_104906\nodes_5000\graph_5000_2.txt
2025-04-04 10:51:37,187 - generate_graphs - INFO -   Graph saved successfully
2025-04-04 10:51:37,188 - generate_graphs - INFO -   Generating graph 3/3 with seed None
2025-04-04 10:51:37,188 - generate_graphs - INFO - Generating graph with 5000 nodes, 10-20 edges per node...
2025-04-04 10:52:22,769 - generate_graphs - INFO -   Generation completed in 45.58 seconds
2025-04-04 10:52:22,780 - generate_graphs - INFO -   Saving graph to C:\Users\Admin\Desktop\COS30019---Intro-to-AI\Assignment_1\data\graphs\20250404_104906\nodes_5000\graph_5000_3.txt
2025-04-04 10:52:23,015 - generate_graphs - INFO -   Graph saved successfully
2025-04-04 10:52:23,015 - generate_graphs - INFO - Processing node count: 8000
2025-04-04 10:52:23,015 - generate_graphs - INFO -   Generating graph 1/3 with seed None
2025-04-04 10:52:23,015 - generate_graphs - INFO - Generating graph with 8000 nodes, 10-20 edges per node...
2025-04-04 10:54:29,817 - generate_graphs - INFO -   Generation completed in 126.80 seconds
2025-04-04 10:54:29,834 - generate_graphs - INFO -   Saving graph to C:\Users\Admin\Desktop\COS30019---Intro-to-AI\Assignment_1\data\graphs\20250404_104906\nodes_8000\graph_8000_1.txt
2025-04-04 10:54:30,209 - generate_graphs - INFO -   Graph saved successfully
2025-04-04 10:54:30,210 - generate_graphs - INFO -   Generating graph 2/3 with seed None
2025-04-04 10:54:30,210 - generate_graphs - INFO - Generating graph with 8000 nodes, 10-20 edges per node...
2025-04-04 10:56:33,718 - generate_graphs - INFO -   Generation completed in 123.51 seconds
2025-04-04 10:56:33,737 - generate_graphs - INFO -   Saving graph to C:\Users\Admin\Desktop\COS30019---Intro-to-AI\Assignment_1\data\graphs\20250404_104906\nodes_8000\graph_8000_2.txt
2025-04-04 10:56:34,119 - generate_graphs - INFO -   Graph saved successfully
2025-04-04 10:56:34,119 - generate_graphs - INFO -   Generating graph 3/3 with seed None
2025-04-04 10:56:34,120 - generate_graphs - INFO - Generating graph with 8000 nodes, 10-20 edges per node...
2025-04-04 10:58:42,288 - generate_graphs - INFO -   Generation completed in 128.17 seconds
2025-04-04 10:58:42,306 - generate_graphs - INFO -   Saving graph to C:\Users\Admin\Desktop\COS30019---Intro-to-AI\Assignment_1\data\graphs\20250404_104906\nodes_8000\graph_8000_3.txt
2025-04-04 10:58:42,683 - generate_graphs - INFO -   Graph saved successfully
2025-04-04 10:58:42,683 - generate_graphs - INFO - Processing node count: 10000
2025-04-04 10:58:42,683 - generate_graphs - INFO -   Generating graph 1/3 with seed None
2025-04-04 10:58:42,683 - generate_graphs - INFO - Generating graph with 10000 nodes, 10-20 edges per node...
2025-04-04 11:01:53,575 - generate_graphs - INFO -   Generation completed in 190.89 seconds
2025-04-04 11:01:53,597 - generate_graphs - INFO -   Saving graph to C:\Users\Admin\Desktop\COS30019---Intro-to-AI\Assignment_1\data\graphs\20250404_104906\nodes_10000\graph_10000_1.txt
2025-04-04 11:01:54,063 - generate_graphs - INFO -   Graph saved successfully
2025-04-04 11:01:54,063 - generate_graphs - INFO -   Generating graph 2/3 with seed None
2025-04-04 11:01:54,063 - generate_graphs - INFO - Generating graph with 10000 nodes, 10-20 edges per node...
2025-04-04 11:05:13,602 - generate_graphs - INFO -   Generation completed in 199.54 seconds
2025-04-04 11:05:13,625 - generate_graphs - INFO -   Saving graph to C:\Users\Admin\Desktop\COS30019---Intro-to-AI\Assignment_1\data\graphs\20250404_104906\nodes_10000\graph_10000_2.txt
2025-04-04 11:05:14,109 - generate_graphs - INFO -   Graph saved successfully
2025-04-04 11:05:14,110 - generate_graphs - INFO -   Generating graph 3/3 with seed None
2025-04-04 11:05:14,110 - generate_graphs - INFO - Generating graph with 10000 nodes, 10-20 edges per node...
2025-04-04 11:08:24,160 - generate_graphs - INFO -   Generation completed in 190.05 seconds
2025-04-04 11:08:24,183 - generate_graphs - INFO -   Saving graph to C:\Users\Admin\Desktop\COS30019---Intro-to-AI\Assignment_1\data\graphs\20250404_104906\nodes_10000\graph_10000_3.txt
2025-04-04 11:08:24,655 - generate_graphs - INFO -   Graph saved successfully
2025-04-04 11:08:24,655 - generate_graphs - INFO - 
All graphs generated successfully!
2025-04-04 11:08:24,655 - generate_graphs - INFO - Checkpoint created: 20250404_104906
