2025-04-04 11:08:24,803 - run_experiments - INFO - Logs will be saved to: logs\20250404_104906\run_experiments.log
2025-04-04 11:08:24,803 - run_experiments - INFO - Experiment run started at: 2025-04-04 11:08:24
2025-04-04 11:08:24,803 - run_experiments - INFO - Command line arguments: ['C:\\Users\\Admin\\Desktop\\COS30019---Intro-to-AI\\Assignment_1\\src\\experiment\\run_experiments.py', '--timeout', '300', '--node-counts', '1000', '3000', '5000', '8000', '10000', '--graphs-per-size', '3', '--log-dir', 'logs', '--timestamp', '20250404_104906']
2025-04-04 11:08:24,804 - run_experiments - INFO - Results base directory: C:\Users\Admin\Desktop\COS30019---Intro-to-AI\Assignment_1\data\results
2025-04-04 11:08:24,804 - run_experiments - INFO - Created results checkpoint directory: C:\Users\Admin\Desktop\COS30019---Intro-to-AI\Assignment_1\data\results\20250404_104906
2025-04-04 11:08:24,805 - run_experiments - INFO - Graphs base directory: C:\Users\Admin\Desktop\COS30019---Intro-to-AI\Assignment_1\data\graphs
2025-04-04 11:08:24,805 - run_experiments - INFO - Found most recent checkpoint directory: 20250404_104906
2025-04-04 11:08:24,805 - run_experiments - INFO - Using graph checkpoint: 20250404_104906
2025-04-04 11:08:24,805 - run_experiments - INFO - Results will be saved to checkpoint: 20250404_104906
2025-04-04 11:08:24,805 - run_experiments - INFO - Using all node counts: [1000, 3000, 5000, 8000, 10000]
2025-04-04 11:08:24,805 - run_experiments - INFO - Using search algorithms: ['BFS', 'DFS', 'A*', 'Greedy', 'UCS', 'BULB']
2025-04-04 11:08:24,805 - run_experiments - INFO - 
Processing graphs with 1000 nodes:
2025-04-04 11:08:24,806 - run_experiments - INFO -   Found 3 graph files in C:\Users\Admin\Desktop\COS30019---Intro-to-AI\Assignment_1\data\graphs\20250404_104906\nodes_1000
2025-04-04 11:08:24,806 - run_experiments - INFO -   Processing graph: graph_1000_1.txt
2025-04-04 11:08:24,845 - run_experiments - INFO -     Initial: 744, Goals: [458, 619, 701]
2025-04-04 11:08:24,846 - run_experiments - INFO -   Running BFS...
2025-04-04 11:08:24,870 - run_experiments - INFO -     BFS: Found path of length 10 with cost 3274.22 in 24.00ms
2025-04-04 11:08:24,870 - run_experiments - INFO -   Running DFS...
2025-04-04 11:08:25,244 - run_experiments - INFO -     DFS: Found path of length 104 with cost 23967.12 in 374.45ms
2025-04-04 11:08:25,244 - run_experiments - INFO -   Running A*...
2025-04-04 11:08:25,266 - run_experiments - INFO -     A*: Found path of length 14 with cost 2445.52 in 22.19ms
2025-04-04 11:08:25,266 - run_experiments - INFO -   Running Greedy...
2025-04-04 11:08:25,268 - run_experiments - INFO -     Greedy: Found path of length 12 with cost 3044.14 in 1.53ms
2025-04-04 11:08:25,268 - run_experiments - INFO -   Running UCS...
2025-04-04 11:08:25,290 - run_experiments - INFO -     UCS: Found path of length 14 with cost 2445.52 in 22.01ms
2025-04-04 11:08:25,290 - run_experiments - INFO -   Running BULB...
2025-04-04 11:08:25,327 - run_experiments - INFO -     BULB: Found path of length 14 with cost 2445.52 in 37.38ms
2025-04-04 11:08:25,327 - run_experiments - INFO -   Processing graph: graph_1000_2.txt
2025-04-04 11:08:25,364 - run_experiments - INFO -     Initial: 647, Goals: [281, 720, 587]
2025-04-04 11:08:25,366 - run_experiments - INFO -   Running BFS...
2025-04-04 11:08:25,383 - run_experiments - INFO -     BFS: Found path of length 7 with cost 1679.67 in 17.00ms
2025-04-04 11:08:25,383 - run_experiments - INFO -   Running DFS...
2025-04-04 11:08:25,408 - run_experiments - INFO -     DFS: Found path of length 47 with cost 10903.52 in 24.80ms
2025-04-04 11:08:25,408 - run_experiments - INFO -   Running A*...
2025-04-04 11:08:25,414 - run_experiments - INFO -     A*: Found path of length 9 with cost 1493.40 in 6.00ms
2025-04-04 11:08:25,414 - run_experiments - INFO -   Running Greedy...
2025-04-04 11:08:25,415 - run_experiments - INFO -     Greedy: Found path of length 8 with cost 1745.40 in 1.00ms
2025-04-04 11:08:25,415 - run_experiments - INFO -   Running UCS...
2025-04-04 11:08:25,432 - run_experiments - INFO -     UCS: Found path of length 9 with cost 1493.40 in 17.03ms
2025-04-04 11:08:25,432 - run_experiments - INFO -   Running BULB...
2025-04-04 11:08:25,440 - run_experiments - INFO -     BULB: Found path of length 9 with cost 1493.40 in 8.00ms
2025-04-04 11:08:25,440 - run_experiments - INFO -   Processing graph: graph_1000_3.txt
2025-04-04 11:08:25,478 - run_experiments - INFO -     Initial: 870, Goals: [543, 240, 911]
2025-04-04 11:08:25,479 - run_experiments - INFO -   Running BFS...
2025-04-04 11:08:25,495 - run_experiments - INFO -     BFS: Found path of length 8 with cost 2374.07 in 15.51ms
2025-04-04 11:08:25,495 - run_experiments - INFO -   Running DFS...
2025-04-04 11:08:25,514 - run_experiments - INFO -     DFS: Found path of length 42 with cost 10990.04 in 19.36ms
2025-04-04 11:08:25,514 - run_experiments - INFO -   Running A*...
2025-04-04 11:08:25,524 - run_experiments - INFO -     A*: Found path of length 13 with cost 1913.20 in 10.00ms
2025-04-04 11:08:25,524 - run_experiments - INFO -   Running Greedy...
2025-04-04 11:08:25,525 - run_experiments - INFO -     Greedy: Found path of length 10 with cost 2450.83 in 1.00ms
2025-04-04 11:08:25,525 - run_experiments - INFO -   Running UCS...
2025-04-04 11:08:25,542 - run_experiments - INFO -     UCS: Found path of length 13 with cost 1913.20 in 16.52ms
2025-04-04 11:08:25,542 - run_experiments - INFO -   Running BULB...
2025-04-04 11:08:25,557 - run_experiments - INFO -     BULB: Found path of length 13 with cost 1913.20 in 14.38ms
2025-04-04 11:08:25,557 - run_experiments - INFO - 
Processing graphs with 3000 nodes:
2025-04-04 11:08:25,557 - run_experiments - INFO -   Found 3 graph files in C:\Users\Admin\Desktop\COS30019---Intro-to-AI\Assignment_1\data\graphs\20250404_104906\nodes_3000
2025-04-04 11:08:25,558 - run_experiments - INFO -   Processing graph: graph_3000_1.txt
2025-04-04 11:08:25,668 - run_experiments - INFO -     Initial: 287, Goals: [2851, 1827, 501]
2025-04-04 11:08:25,673 - run_experiments - INFO -   Running BFS...
2025-04-04 11:08:25,903 - run_experiments - INFO -     BFS: Found path of length 14 with cost 7874.92 in 230.17ms
2025-04-04 11:08:25,903 - run_experiments - INFO -   Running DFS...
2025-04-04 11:08:27,691 - run_experiments - INFO -     DFS: Found path of length 277 with cost 118641.64 in 1788.00ms
2025-04-04 11:08:27,692 - run_experiments - INFO -   Running A*...
2025-04-04 11:08:27,746 - run_experiments - INFO -     A*: Found path of length 22 with cost 5755.80 in 54.11ms
2025-04-04 11:08:27,746 - run_experiments - INFO -   Running Greedy...
2025-04-04 11:08:27,748 - run_experiments - INFO -     Greedy: Found path of length 16 with cost 7355.12 in 2.00ms
2025-04-04 11:08:27,748 - run_experiments - INFO -   Running UCS...
2025-04-04 11:08:27,834 - run_experiments - INFO -     UCS: Found path of length 22 with cost 5755.80 in 85.94ms
2025-04-04 11:08:27,834 - run_experiments - INFO -   Running BULB...
2025-04-04 11:08:27,917 - run_experiments - INFO -     BULB: Found path of length 22 with cost 5755.80 in 83.43ms
2025-04-04 11:08:27,917 - run_experiments - INFO -   Processing graph: graph_3000_2.txt
2025-04-04 11:08:28,029 - run_experiments - INFO -     Initial: 285, Goals: [219, 2176, 1061]
2025-04-04 11:08:28,034 - run_experiments - INFO -   Running BFS...
2025-04-04 11:08:28,185 - run_experiments - INFO -     BFS: Found path of length 12 with cost 6445.56 in 151.41ms
2025-04-04 11:08:28,185 - run_experiments - INFO -   Running DFS...
2025-04-04 11:08:29,019 - run_experiments - INFO -     DFS: Found path of length 225 with cost 95403.98 in 833.61ms
2025-04-04 11:08:29,019 - run_experiments - INFO -   Running A*...
2025-04-04 11:08:29,032 - run_experiments - INFO -     A*: Found path of length 14 with cost 4041.84 in 12.00ms
2025-04-04 11:08:29,033 - run_experiments - INFO -   Running Greedy...
2025-04-04 11:08:29,034 - run_experiments - INFO -     Greedy: Found path of length 12 with cost 4846.30 in 1.00ms
2025-04-04 11:08:29,034 - run_experiments - INFO -   Running UCS...
2025-04-04 11:08:29,079 - run_experiments - INFO -     UCS: Found path of length 14 with cost 4041.84 in 45.66ms
2025-04-04 11:08:29,079 - run_experiments - INFO -   Running BULB...
2025-04-04 11:08:29,098 - run_experiments - INFO -     BULB: Found path of length 14 with cost 4041.84 in 18.70ms
2025-04-04 11:08:29,098 - run_experiments - INFO -   Processing graph: graph_3000_3.txt
2025-04-04 11:08:29,213 - run_experiments - INFO -     Initial: 1038, Goals: [1347, 26, 923]
2025-04-04 11:08:29,217 - run_experiments - INFO -   Running BFS...
2025-04-04 11:08:29,287 - run_experiments - INFO -     BFS: Found path of length 11 with cost 5530.04 in 70.01ms
2025-04-04 11:08:29,288 - run_experiments - INFO -   Running DFS...
2025-04-04 11:08:29,994 - run_experiments - INFO -     DFS: Found path of length 120 with cost 54464.50 in 706.03ms
2025-04-04 11:08:29,994 - run_experiments - INFO -   Running A*...
2025-04-04 11:08:30,014 - run_experiments - INFO -     A*: Found path of length 16 with cost 4621.99 in 20.40ms
2025-04-04 11:08:30,014 - run_experiments - INFO -   Running Greedy...
2025-04-04 11:08:30,016 - run_experiments - INFO -     Greedy: Found path of length 12 with cost 5188.95 in 2.00ms
2025-04-04 11:08:30,016 - run_experiments - INFO -   Running UCS...
2025-04-04 11:08:30,058 - run_experiments - INFO -     UCS: Found path of length 16 with cost 4621.99 in 41.21ms
2025-04-04 11:08:30,059 - run_experiments - INFO -   Running BULB...
2025-04-04 11:08:30,089 - run_experiments - INFO -     BULB: Found path of length 16 with cost 4621.99 in 30.19ms
2025-04-04 11:08:30,089 - run_experiments - INFO - 
Processing graphs with 5000 nodes:
2025-04-04 11:08:30,090 - run_experiments - INFO -   Found 3 graph files in C:\Users\Admin\Desktop\COS30019---Intro-to-AI\Assignment_1\data\graphs\20250404_104906\nodes_5000
2025-04-04 11:08:30,090 - run_experiments - INFO -   Processing graph: graph_5000_1.txt
2025-04-04 11:08:30,275 - run_experiments - INFO -     Initial: 2986, Goals: [4235, 1117, 1228]
2025-04-04 11:08:30,283 - run_experiments - INFO -   Running BFS...
2025-04-04 11:08:30,562 - run_experiments - INFO -     BFS: Found path of length 19 with cost 14463.77 in 277.32ms
2025-04-04 11:08:30,562 - run_experiments - INFO -   Running DFS...
2025-04-04 11:08:33,842 - run_experiments - INFO -     DFS: Found path of length 263 with cost 144508.89 in 3278.93ms
2025-04-04 11:08:33,842 - run_experiments - INFO -   Running A*...
2025-04-04 11:08:33,904 - run_experiments - INFO -     A*: Found path of length 27 with cost 10752.54 in 62.54ms
2025-04-04 11:08:33,904 - run_experiments - INFO -   Running Greedy...
2025-04-04 11:08:33,907 - run_experiments - INFO -     Greedy: Found path of length 23 with cost 13920.18 in 3.00ms
2025-04-04 11:08:33,907 - run_experiments - INFO -   Running UCS...
2025-04-04 11:08:34,020 - run_experiments - INFO -     UCS: Found path of length 27 with cost 10752.54 in 113.03ms
2025-04-04 11:08:34,020 - run_experiments - INFO -   Running BULB...
2025-04-04 11:08:34,124 - run_experiments - INFO -     BULB: Found path of length 27 with cost 10752.54 in 102.40ms
2025-04-04 11:08:34,124 - run_experiments - INFO -   Processing graph: graph_5000_2.txt
2025-04-04 11:08:34,318 - run_experiments - INFO -     Initial: 4552, Goals: [1218, 1380, 4345]
2025-04-04 11:08:34,325 - run_experiments - INFO -   Running BFS...
2025-04-04 11:08:34,574 - run_experiments - INFO -     BFS: Found path of length 22 with cost 14060.26 in 248.73ms
2025-04-04 11:08:34,574 - run_experiments - INFO -   Running DFS...
2025-04-04 11:08:36,661 - run_experiments - INFO -     DFS: Found path of length 380 with cost 219116.06 in 2086.58ms
2025-04-04 11:08:36,662 - run_experiments - INFO -   Running A*...
2025-04-04 11:08:36,746 - run_experiments - INFO -     A*: Found path of length 34 with cost 11332.69 in 83.97ms
2025-04-04 11:08:36,747 - run_experiments - INFO -   Running Greedy...
2025-04-04 11:08:36,750 - run_experiments - INFO -     Greedy: Found path of length 24 with cost 15520.54 in 2.81ms
2025-04-04 11:08:36,750 - run_experiments - INFO -   Running UCS...
2025-04-04 11:08:36,856 - run_experiments - INFO -     UCS: Found path of length 34 with cost 11332.69 in 105.86ms
2025-04-04 11:08:36,857 - run_experiments - INFO -   Running BULB...
2025-04-04 11:08:37,007 - run_experiments - INFO -     BULB: Found path of length 34 with cost 11332.69 in 150.78ms
2025-04-04 11:08:37,007 - run_experiments - INFO -   Processing graph: graph_5000_3.txt
2025-04-04 11:08:37,202 - run_experiments - INFO -     Initial: 3555, Goals: [4983, 2393, 4357]
2025-04-04 11:08:37,210 - run_experiments - INFO -   Running BFS...
2025-04-04 11:08:37,466 - run_experiments - INFO -     BFS: Found path of length 19 with cost 11425.14 in 256.14ms
2025-04-04 11:08:37,467 - run_experiments - INFO -   Running DFS...
2025-04-04 11:08:45,754 - run_experiments - INFO -     DFS: Found path of length 276 with cost 154251.69 in 8287.38ms
2025-04-04 11:08:45,755 - run_experiments - INFO -   Running A*...
2025-04-04 11:08:45,821 - run_experiments - INFO -     A*: Found path of length 28 with cost 9821.24 in 65.78ms
2025-04-04 11:08:45,821 - run_experiments - INFO -   Running Greedy...
2025-04-04 11:08:45,823 - run_experiments - INFO -     Greedy: Found path of length 19 with cost 12166.32 in 2.00ms
2025-04-04 11:08:45,823 - run_experiments - INFO -   Running UCS...
2025-04-04 11:08:45,930 - run_experiments - INFO -     UCS: Found path of length 28 with cost 9821.24 in 106.77ms
2025-04-04 11:08:45,930 - run_experiments - INFO -   Running BULB...
2025-04-04 11:08:46,042 - run_experiments - INFO -     BULB: Found path of length 28 with cost 9821.24 in 112.51ms
2025-04-04 11:08:46,042 - run_experiments - INFO - 
Processing graphs with 8000 nodes:
2025-04-04 11:08:46,043 - run_experiments - INFO -   Found 3 graph files in C:\Users\Admin\Desktop\COS30019---Intro-to-AI\Assignment_1\data\graphs\20250404_104906\nodes_8000
2025-04-04 11:08:46,043 - run_experiments - INFO -   Processing graph: graph_8000_1.txt
2025-04-04 11:08:46,351 - run_experiments - INFO -     Initial: 238, Goals: [426, 3440, 379]
2025-04-04 11:08:46,363 - run_experiments - INFO -   Running BFS...
2025-04-04 11:08:47,345 - run_experiments - INFO -     BFS: Found path of length 25 with cost 24342.70 in 982.27ms
2025-04-04 11:08:47,346 - run_experiments - INFO -   Running DFS...
2025-04-04 11:08:55,348 - run_experiments - INFO -     DFS: Found path of length 604 with cost 421945.78 in 8001.90ms
2025-04-04 11:08:55,348 - run_experiments - INFO -   Running A*...
2025-04-04 11:08:55,448 - run_experiments - INFO -     A*: Found path of length 36 with cost 17871.18 in 99.67ms
2025-04-04 11:08:55,448 - run_experiments - INFO -   Running Greedy...
2025-04-04 11:08:55,451 - run_experiments - INFO -     Greedy: Found path of length 27 with cost 23469.37 in 3.02ms
2025-04-04 11:08:55,451 - run_experiments - INFO -   Running UCS...
2025-04-04 11:08:55,701 - run_experiments - INFO -     UCS: Found path of length 36 with cost 17871.18 in 249.30ms
2025-04-04 11:08:55,701 - run_experiments - INFO -   Running BULB...
2025-04-04 11:08:55,877 - run_experiments - INFO -     BULB: Found path of length 36 with cost 17871.18 in 174.50ms
2025-04-04 11:08:55,877 - run_experiments - INFO -   Processing graph: graph_8000_2.txt
2025-04-04 11:08:56,189 - run_experiments - INFO -     Initial: 1357, Goals: [827, 5038, 4114]
2025-04-04 11:08:56,202 - run_experiments - INFO -   Running BFS...
2025-04-04 11:08:56,827 - run_experiments - INFO -     BFS: Found path of length 27 with cost 24071.87 in 624.64ms
2025-04-04 11:08:56,827 - run_experiments - INFO -   Running DFS...
2025-04-04 11:09:03,123 - run_experiments - INFO -     DFS: Found path of length 442 with cost 310633.51 in 6295.81ms
2025-04-04 11:09:03,123 - run_experiments - INFO -   Running A*...
2025-04-04 11:09:03,249 - run_experiments - INFO -     A*: Found path of length 39 with cost 18111.64 in 125.28ms
2025-04-04 11:09:03,249 - run_experiments - INFO -   Running Greedy...
2025-04-04 11:09:03,252 - run_experiments - INFO -     Greedy: Found path of length 28 with cost 22332.91 in 3.00ms
2025-04-04 11:09:03,252 - run_experiments - INFO -   Running UCS...
2025-04-04 11:09:03,445 - run_experiments - INFO -     UCS: Found path of length 39 with cost 18111.64 in 193.61ms
2025-04-04 11:09:03,445 - run_experiments - INFO -   Running BULB...
2025-04-04 11:09:03,668 - run_experiments - INFO -     BULB: Found path of length 39 with cost 18111.64 in 222.80ms
2025-04-04 11:09:03,668 - run_experiments - INFO -   Processing graph: graph_8000_3.txt
2025-04-04 11:09:03,975 - run_experiments - INFO -     Initial: 2943, Goals: [3954, 6993, 4402]
2025-04-04 11:09:03,987 - run_experiments - INFO -   Running BFS...
2025-04-04 11:09:04,332 - run_experiments - INFO -     BFS: Found path of length 22 with cost 18414.51 in 345.18ms
2025-04-04 11:09:04,332 - run_experiments - INFO -   Running DFS...
2025-04-04 11:09:04,602 - run_experiments - INFO -     DFS: Found path of length 81 with cost 64127.83 in 270.47ms
2025-04-04 11:09:04,602 - run_experiments - INFO -   Running A*...
2025-04-04 11:09:04,668 - run_experiments - INFO -     A*: Found path of length 34 with cost 14102.34 in 65.48ms
2025-04-04 11:09:04,668 - run_experiments - INFO -   Running Greedy...
2025-04-04 11:09:04,671 - run_experiments - INFO -     Greedy: Found path of length 24 with cost 17324.70 in 2.00ms
2025-04-04 11:09:04,671 - run_experiments - INFO -   Running UCS...
2025-04-04 11:09:04,791 - run_experiments - INFO -     UCS: Found path of length 34 with cost 14102.34 in 119.53ms
2025-04-04 11:09:04,791 - run_experiments - INFO -   Running BULB...
2025-04-04 11:09:04,903 - run_experiments - INFO -     BULB: Found path of length 34 with cost 14102.34 in 111.38ms
2025-04-04 11:09:04,903 - run_experiments - INFO - 
Processing graphs with 10000 nodes:
2025-04-04 11:09:04,904 - run_experiments - INFO -   Found 3 graph files in C:\Users\Admin\Desktop\COS30019---Intro-to-AI\Assignment_1\data\graphs\20250404_104906\nodes_10000
2025-04-04 11:09:04,904 - run_experiments - INFO -   Processing graph: graph_10000_1.txt
2025-04-04 11:09:05,286 - run_experiments - INFO -     Initial: 8434, Goals: [8797, 8379, 5632]
2025-04-04 11:09:05,302 - run_experiments - INFO -   Running BFS...
2025-04-04 11:09:05,881 - run_experiments - INFO -     BFS: Found path of length 26 with cost 25444.96 in 579.04ms
2025-04-04 11:09:05,881 - run_experiments - INFO -   Running DFS...
2025-04-04 11:09:15,285 - run_experiments - INFO -     DFS: Found path of length 707 with cost 547039.09 in 9403.68ms
2025-04-04 11:09:15,285 - run_experiments - INFO -   Running A*...
2025-04-04 11:09:15,383 - run_experiments - INFO -     A*: Found path of length 38 with cost 19088.36 in 98.20ms
2025-04-04 11:09:15,383 - run_experiments - INFO -   Running Greedy...
2025-04-04 11:09:15,387 - run_experiments - INFO -     Greedy: Found path of length 30 with cost 23877.00 in 4.00ms
2025-04-04 11:09:15,387 - run_experiments - INFO -   Running UCS...
2025-04-04 11:09:15,571 - run_experiments - INFO -     UCS: Found path of length 38 with cost 19088.36 in 183.30ms
2025-04-04 11:09:15,571 - run_experiments - INFO -   Running BULB...
2025-04-04 11:09:15,744 - run_experiments - INFO -     BULB: Found path of length 38 with cost 19088.36 in 173.45ms
2025-04-04 11:09:15,744 - run_experiments - INFO -   Processing graph: graph_10000_2.txt
2025-04-04 11:09:16,135 - run_experiments - INFO -     Initial: 333, Goals: [4930, 307, 1354]
2025-04-04 11:09:16,158 - run_experiments - INFO -   Running BFS...
2025-04-04 11:09:17,278 - run_experiments - INFO -     BFS: Found path of length 21 with cost 20007.61 in 1118.37ms
2025-04-04 11:09:17,278 - run_experiments - INFO -   Running DFS...
2025-04-04 11:09:20,812 - run_experiments - INFO -     DFS: Found path of length 565 with cost 439456.66 in 3534.26ms
2025-04-04 11:09:20,813 - run_experiments - INFO -   Running A*...
2025-04-04 11:09:20,908 - run_experiments - INFO -     A*: Found path of length 25 with cost 15432.71 in 94.96ms
2025-04-04 11:09:20,908 - run_experiments - INFO -   Running Greedy...
2025-04-04 11:09:20,911 - run_experiments - INFO -     Greedy: Found path of length 22 with cost 18082.67 in 2.00ms
2025-04-04 11:09:20,911 - run_experiments - INFO -   Running UCS...
2025-04-04 11:09:21,130 - run_experiments - INFO -     UCS: Found path of length 25 with cost 15432.71 in 218.97ms
2025-04-04 11:09:21,130 - run_experiments - INFO -   Running BULB...
2025-04-04 11:09:21,299 - run_experiments - INFO -     BULB: Found path of length 25 with cost 15432.71 in 168.93ms
2025-04-04 11:09:21,299 - run_experiments - INFO -   Processing graph: graph_10000_3.txt
2025-04-04 11:09:21,696 - run_experiments - INFO -     Initial: 7946, Goals: [3876, 8815, 4173]
2025-04-04 11:09:21,712 - run_experiments - INFO -   Running BFS...
2025-04-04 11:09:22,189 - run_experiments - INFO -     BFS: Found path of length 16 with cost 16213.77 in 477.12ms
2025-04-04 11:09:22,189 - run_experiments - INFO -   Running DFS...
2025-04-04 11:09:32,823 - run_experiments - INFO -     DFS: Found path of length 372 with cost 291354.49 in 10633.11ms
2025-04-04 11:09:32,823 - run_experiments - INFO -   Running A*...
2025-04-04 11:09:32,860 - run_experiments - INFO -     A*: Found path of length 22 with cost 11980.92 in 36.69ms
2025-04-04 11:09:32,861 - run_experiments - INFO -   Running Greedy...
2025-04-04 11:09:32,862 - run_experiments - INFO -     Greedy: Found path of length 17 with cost 14724.01 in 1.00ms
2025-04-04 11:09:32,862 - run_experiments - INFO -   Running UCS...
2025-04-04 11:09:32,996 - run_experiments - INFO -     UCS: Found path of length 22 with cost 11980.92 in 134.19ms
2025-04-04 11:09:32,996 - run_experiments - INFO -   Running BULB...
2025-04-04 11:09:33,060 - run_experiments - INFO -     BULB: Found path of length 22 with cost 11980.92 in 63.71ms
2025-04-04 11:09:33,060 - run_experiments - INFO - 
Saving results to C:\Users\Admin\Desktop\COS30019---Intro-to-AI\Assignment_1\data\results\20250404_104906\search_results.json
2025-04-04 11:09:33,066 - run_experiments - INFO - Results saved successfully
2025-04-04 11:09:33,066 - run_experiments - INFO - 
Experiments completed successfully!
2025-04-04 11:09:33,067 - run_experiments - INFO - Results checkpoint created: 20250404_104906
