2025-04-13 17:34:22,651 - run_experiments - INFO - Logs will be saved to: logs\20250413_173422\run_experiments.log
2025-04-13 17:34:22,652 - run_experiments - INFO - Experiment run started at: 2025-04-13 17:34:22
2025-04-13 17:34:22,652 - run_experiments - INFO - Command line arguments: ['C:\\Users\\Admin\\Desktop\\COS30019---Intro-to-AI\\Assignment_1\\src\\experiment\\run_experiments.py', '--node-counts', '1000', '3000', '5000', '8000', '10000', '--graphs-per-size', '3', '--log-dir', 'logs', '--timestamp', '20250413_173422']
2025-04-13 17:34:22,652 - run_experiments - INFO - Results base directory: C:\Users\Admin\Desktop\COS30019---Intro-to-AI\Assignment_1\data\results
2025-04-13 17:34:22,653 - run_experiments - INFO - Created results checkpoint directory: C:\Users\Admin\Desktop\COS30019---Intro-to-AI\Assignment_1\data\results\20250413_173422
2025-04-13 17:34:22,653 - run_experiments - INFO - Graphs base directory: C:\Users\Admin\Desktop\COS30019---Intro-to-AI\Assignment_1\data\graphs
2025-04-13 17:34:22,653 - run_experiments - INFO - Found most recent checkpoint directory: 20250405_234841
2025-04-13 17:34:22,653 - run_experiments - INFO - Using graph checkpoint: 20250405_234841
2025-04-13 17:34:22,653 - run_experiments - INFO - Results will be saved to checkpoint: 20250413_173422
2025-04-13 17:34:22,653 - run_experiments - INFO - Using all node counts: [1000, 3000, 5000, 8000, 10000]
2025-04-13 17:34:22,653 - run_experiments - INFO - Using search algorithms: ['BFS', 'DFS', 'A*', 'Greedy', 'UCS', 'BULB']
2025-04-13 17:34:22,653 - run_experiments - INFO - 
Processing graphs with 1000 nodes:
2025-04-13 17:34:22,655 - run_experiments - INFO -   Found 3 graph files in C:\Users\Admin\Desktop\COS30019---Intro-to-AI\Assignment_1\data\graphs\20250405_234841\nodes_1000
2025-04-13 17:34:22,655 - run_experiments - INFO -   Processing graph: graph_1000_1.txt
2025-04-13 17:34:22,715 - run_experiments - INFO -     Initial: 668, Goals: [835]
2025-04-13 17:34:22,717 - run_experiments - INFO -   Testing algorithm: BFS
2025-04-13 17:34:22,717 - run_experiments - INFO -   Running BFS for runtime measurement only...
2025-04-13 17:34:23,181 - run_experiments - INFO -     BFS: Runtime measurement: 464.58ms
2025-04-13 17:34:23,181 - run_experiments - INFO -   Running BFS WITH memory tracking...
2025-04-13 17:34:24,224 - run_experiments - INFO -     BFS: Found path of length 8 with cost 1792.58 in 1042.74ms
2025-04-13 17:34:24,224 - run_experiments - INFO -   Testing algorithm: DFS
2025-04-13 17:34:24,224 - run_experiments - INFO -   Running DFS for runtime measurement only...
2025-04-13 17:34:24,248 - run_experiments - INFO -     DFS: Runtime measurement: 23.95ms
2025-04-13 17:34:24,249 - run_experiments - INFO -   Running DFS WITH memory tracking...
2025-04-13 17:34:24,306 - run_experiments - INFO -     DFS: Found path of length 740 with cost 169993.01 in 56.45ms
2025-04-13 17:34:24,306 - run_experiments - INFO -   Testing algorithm: A*
2025-04-13 17:34:24,306 - run_experiments - INFO -   Running A* for runtime measurement only...
2025-04-13 17:34:24,314 - run_experiments - INFO -     A*: Runtime measurement: 7.18ms
2025-04-13 17:34:24,314 - run_experiments - INFO -   Running A* WITH memory tracking...
2025-04-13 17:34:24,329 - run_experiments - INFO -     A*: Found path of length 12 with cost 1621.95 in 15.19ms
2025-04-13 17:34:24,330 - run_experiments - INFO -   Testing algorithm: Greedy
2025-04-13 17:34:24,330 - run_experiments - INFO -   Running Greedy for runtime measurement only...
2025-04-13 17:34:24,330 - run_experiments - INFO -     Greedy: Runtime measurement: 0.00ms
2025-04-13 17:34:24,331 - run_experiments - INFO -   Running Greedy WITH memory tracking...
2025-04-13 17:34:24,332 - run_experiments - INFO -     Greedy: Found path of length 9 with cost 2338.35 in 1.14ms
2025-04-13 17:34:24,332 - run_experiments - INFO -   Testing algorithm: UCS
2025-04-13 17:34:24,332 - run_experiments - INFO -   Running UCS for runtime measurement only...
2025-04-13 17:34:24,355 - run_experiments - INFO -     UCS: Runtime measurement: 22.94ms
2025-04-13 17:34:24,355 - run_experiments - INFO -   Running UCS WITH memory tracking...
2025-04-13 17:34:24,400 - run_experiments - INFO -     UCS: Found path of length 12 with cost 1621.95 in 45.18ms
2025-04-13 17:34:24,400 - run_experiments - INFO -   Testing algorithm: BULB
2025-04-13 17:34:24,400 - run_experiments - INFO -   Running BULB for runtime measurement only...
2025-04-13 17:34:24,409 - run_experiments - INFO -     BULB: Runtime measurement: 9.32ms
2025-04-13 17:34:24,409 - run_experiments - INFO -   Running BULB WITH memory tracking...
2025-04-13 17:34:24,430 - run_experiments - INFO -     BULB: Found path of length 12 with cost 1621.95 in 20.13ms
2025-04-13 17:34:24,430 - run_experiments - INFO -   Processing graph: graph_1000_2.txt
2025-04-13 17:34:24,504 - run_experiments - INFO -     Initial: 696, Goals: [999]
2025-04-13 17:34:24,506 - run_experiments - INFO -   Testing algorithm: BFS
2025-04-13 17:34:24,506 - run_experiments - INFO -   Running BFS for runtime measurement only...
2025-04-13 17:34:28,424 - run_experiments - INFO -     BFS: Runtime measurement: 3917.79ms
2025-04-13 17:34:28,424 - run_experiments - INFO -   Running BFS WITH memory tracking...
2025-04-13 17:34:37,244 - run_experiments - INFO -     BFS: Found path of length 11 with cost 3084.33 in 8820.48ms
2025-04-13 17:34:37,246 - run_experiments - INFO -   Testing algorithm: DFS
2025-04-13 17:34:37,246 - run_experiments - INFO -   Running DFS for runtime measurement only...
2025-04-13 17:34:37,277 - run_experiments - INFO -     DFS: Runtime measurement: 30.98ms
2025-04-13 17:34:37,278 - run_experiments - INFO -   Running DFS WITH memory tracking...
2025-04-13 17:34:37,352 - run_experiments - INFO -     DFS: Found path of length 794 with cost 181341.89 in 74.25ms
2025-04-13 17:34:37,353 - run_experiments - INFO -   Testing algorithm: A*
2025-04-13 17:34:37,353 - run_experiments - INFO -   Running A* for runtime measurement only...
2025-04-13 17:34:37,369 - run_experiments - INFO -     A*: Runtime measurement: 16.55ms
2025-04-13 17:34:37,369 - run_experiments - INFO -   Running A* WITH memory tracking...
2025-04-13 17:34:37,409 - run_experiments - INFO -     A*: Found path of length 15 with cost 2740.07 in 39.70ms
2025-04-13 17:34:37,409 - run_experiments - INFO -   Testing algorithm: Greedy
2025-04-13 17:34:37,410 - run_experiments - INFO -   Running Greedy for runtime measurement only...
2025-04-13 17:34:37,411 - run_experiments - INFO -     Greedy: Runtime measurement: 1.00ms
2025-04-13 17:34:37,411 - run_experiments - INFO -   Running Greedy WITH memory tracking...
2025-04-13 17:34:37,413 - run_experiments - INFO -     Greedy: Found path of length 12 with cost 3485.22 in 2.00ms
2025-04-13 17:34:37,413 - run_experiments - INFO -   Testing algorithm: UCS
2025-04-13 17:34:37,414 - run_experiments - INFO -   Running UCS for runtime measurement only...
2025-04-13 17:34:37,438 - run_experiments - INFO -     UCS: Runtime measurement: 24.39ms
2025-04-13 17:34:37,438 - run_experiments - INFO -   Running UCS WITH memory tracking...
2025-04-13 17:34:37,493 - run_experiments - INFO -     UCS: Found path of length 15 with cost 2740.07 in 54.47ms
2025-04-13 17:34:37,493 - run_experiments - INFO -   Testing algorithm: BULB
2025-04-13 17:34:37,493 - run_experiments - INFO -   Running BULB for runtime measurement only...
2025-04-13 17:34:37,515 - run_experiments - INFO -     BULB: Runtime measurement: 22.32ms
2025-04-13 17:34:37,515 - run_experiments - INFO -   Running BULB WITH memory tracking...
2025-04-13 17:34:37,567 - run_experiments - INFO -     BULB: Found path of length 15 with cost 2740.07 in 51.46ms
2025-04-13 17:34:37,568 - run_experiments - INFO -   Processing graph: graph_1000_3.txt
2025-04-13 17:34:37,631 - run_experiments - INFO -     Initial: 71, Goals: [437]
2025-04-13 17:34:37,633 - run_experiments - INFO -   Testing algorithm: BFS
2025-04-13 17:34:37,633 - run_experiments - INFO -   Running BFS for runtime measurement only...
2025-04-13 17:34:48,115 - run_experiments - INFO -     BFS: Runtime measurement: 10482.00ms
2025-04-13 17:34:48,116 - run_experiments - INFO -   Running BFS WITH memory tracking...
2025-04-13 17:35:11,583 - run_experiments - INFO -     BFS: Found path of length 11 with cost 2811.59 in 23466.80ms
2025-04-13 17:35:11,583 - run_experiments - INFO -   Testing algorithm: DFS
2025-04-13 17:35:11,583 - run_experiments - INFO -   Running DFS for runtime measurement only...
2025-04-13 17:35:11,629 - run_experiments - INFO -     DFS: Runtime measurement: 45.75ms
2025-04-13 17:35:11,630 - run_experiments - INFO -   Running DFS WITH memory tracking...
2025-04-13 17:35:11,722 - run_experiments - INFO -     DFS: Found path of length 600 with cost 140093.09 in 92.00ms
2025-04-13 17:35:11,723 - run_experiments - INFO -   Testing algorithm: A*
2025-04-13 17:35:11,723 - run_experiments - INFO -   Running A* for runtime measurement only...
2025-04-13 17:35:11,737 - run_experiments - INFO -     A*: Runtime measurement: 14.00ms
2025-04-13 17:35:11,737 - run_experiments - INFO -   Running A* WITH memory tracking...
2025-04-13 17:35:11,776 - run_experiments - INFO -     A*: Found path of length 12 with cost 2729.72 in 38.00ms
2025-04-13 17:35:11,776 - run_experiments - INFO -   Testing algorithm: Greedy
2025-04-13 17:35:11,776 - run_experiments - INFO -   Running Greedy for runtime measurement only...
2025-04-13 17:35:11,778 - run_experiments - INFO -     Greedy: Runtime measurement: 2.32ms
2025-04-13 17:35:11,778 - run_experiments - INFO -   Running Greedy WITH memory tracking...
2025-04-13 17:35:11,780 - run_experiments - INFO -     Greedy: Found path of length 11 with cost 3163.21 in 2.23ms
2025-04-13 17:35:11,780 - run_experiments - INFO -   Testing algorithm: UCS
2025-04-13 17:35:11,781 - run_experiments - INFO -   Running UCS for runtime measurement only...
2025-04-13 17:35:11,813 - run_experiments - INFO -     UCS: Runtime measurement: 31.87ms
2025-04-13 17:35:11,813 - run_experiments - INFO -   Running UCS WITH memory tracking...
2025-04-13 17:35:11,887 - run_experiments - INFO -     UCS: Found path of length 12 with cost 2729.72 in 74.25ms
2025-04-13 17:35:11,887 - run_experiments - INFO -   Testing algorithm: BULB
2025-04-13 17:35:11,887 - run_experiments - INFO -   Running BULB for runtime measurement only...
2025-04-13 17:35:11,909 - run_experiments - INFO -     BULB: Runtime measurement: 20.04ms
2025-04-13 17:35:11,909 - run_experiments - INFO -   Running BULB WITH memory tracking...
2025-04-13 17:35:11,957 - run_experiments - INFO -     BULB: Found path of length 12 with cost 2729.72 in 48.52ms
2025-04-13 17:35:11,957 - run_experiments - INFO - 
Processing graphs with 3000 nodes:
2025-04-13 17:35:11,957 - run_experiments - INFO -   Found 3 graph files in C:\Users\Admin\Desktop\COS30019---Intro-to-AI\Assignment_1\data\graphs\20250405_234841\nodes_3000
2025-04-13 17:35:11,958 - run_experiments - INFO -   Processing graph: graph_3000_1.txt
2025-04-13 17:35:12,090 - run_experiments - INFO -     Initial: 2675, Goals: [1232]
2025-04-13 17:35:12,094 - run_experiments - INFO -   Testing algorithm: BFS
2025-04-13 17:35:12,094 - run_experiments - INFO -   Running BFS for runtime measurement only...
