2025-04-03 22:54:37,980 - analyze_results - INFO - Analysis started at: 2025-04-03 22:54:37
2025-04-03 22:54:37,980 - analyze_results - INFO - Command line arguments: ['C:\\Users\\Admin\\Desktop\\COS30019---Intro-to-AI\\Assignment_1\\src\\experiment\\analyze_results.py', '--log-scale', '--metrics', 'path_cost', 'path_length', 'nodes_expanded', 'runtime_ms', '--log-dir', 'logs', '--timestamp', '20250403_225437']
2025-04-03 22:54:37,980 - analyze_results - INFO - Analysis base directory: C:\Users\Admin\Desktop\COS30019---Intro-to-AI\Assignment_1\data\analysis
2025-04-03 22:54:37,981 - analyze_results - INFO - Created analysis checkpoint directory: C:\Users\Admin\Desktop\COS30019---Intro-to-AI\Assignment_1\data\analysis\20250403_225437
2025-04-03 22:54:37,981 - analyze_results - INFO - Updated latest analysis checkpoint pointer to: 20250403_225437
2025-04-03 22:54:37,981 - analyze_results - INFO - Results base directory: C:\Users\Admin\Desktop\COS30019---Intro-to-AI\Assignment_1\data\results
2025-04-03 22:54:37,982 - analyze_results - INFO - Found latest checkpoint marker: 20250403_224346
2025-04-03 22:54:37,982 - analyze_results - INFO - Using results checkpoint: 20250403_224346
2025-04-03 22:54:37,983 - analyze_results - INFO - Found results files: ['C:\\Users\\Admin\\Desktop\\COS30019---Intro-to-AI\\Assignment_1\\data\\results\\20250403_224346\\search_results.json']
2025-04-03 22:54:37,983 - analyze_results - INFO - Analysis results will be saved to checkpoint: 20250403_225437
2025-04-03 22:54:37,983 - analyze_results - INFO - Analyzing results file: C:\Users\Admin\Desktop\COS30019---Intro-to-AI\Assignment_1\data\results\20250403_224346\search_results.json
2025-04-03 22:54:37,983 - analyze_results - INFO - Successfully loaded results from C:\Users\Admin\Desktop\COS30019---Intro-to-AI\Assignment_1\data\results\20250403_224346\search_results.json
2025-04-03 22:54:37,983 - analyze_results - INFO - Results metadata: {'timestamp': '20250403_224346', 'graphs_checkpoint': '20250403_224036', 'node_counts': [1000, 3000, 5000, 8000, 10000], 'graphs_per_size': 3, 'timeout': 300}
2025-04-03 22:54:37,983 - analyze_results - INFO - Calculating means across graphs of the same size
2025-04-03 22:54:37,983 - analyze_results - INFO - Processing node count: 1000
2025-04-03 22:54:37,984 - analyze_results - INFO - Processing node count: 3000
2025-04-03 22:54:37,985 - analyze_results - INFO - Processing node count: 5000
2025-04-03 22:54:37,985 - analyze_results - INFO - Processing node count: 8000
2025-04-03 22:54:37,985 - analyze_results - INFO - Processing node count: 10000
2025-04-03 22:54:37,986 - analyze_results - INFO - Generating charts for metrics: ['path_cost', 'path_length', 'nodes_expanded', 'runtime_ms']
2025-04-03 22:54:37,986 - analyze_results - INFO - Using log scale: True
2025-04-03 22:54:37,986 - analyze_results - INFO - Generating chart for metric: path_cost
2025-04-03 22:54:39,076 - analyze_results - INFO - Saved chart: C:\Users\Admin\Desktop\COS30019---Intro-to-AI\Assignment_1\data\analysis\20250403_225437\chart_path_cost.png
2025-04-03 22:54:39,076 - analyze_results - INFO - Generating chart for metric: path_length
2025-04-03 22:54:39,877 - analyze_results - INFO - Saved chart: C:\Users\Admin\Desktop\COS30019---Intro-to-AI\Assignment_1\data\analysis\20250403_225437\chart_path_length.png
2025-04-03 22:54:39,877 - analyze_results - INFO - Generating chart for metric: nodes_expanded
2025-04-03 22:54:40,794 - analyze_results - INFO - Saved chart: C:\Users\Admin\Desktop\COS30019---Intro-to-AI\Assignment_1\data\analysis\20250403_225437\chart_nodes_expanded.png
2025-04-03 22:54:40,794 - analyze_results - INFO - Generating chart for metric: runtime_ms
2025-04-03 22:54:41,710 - analyze_results - INFO - Saved chart: C:\Users\Admin\Desktop\COS30019---Intro-to-AI\Assignment_1\data\analysis\20250403_225437\chart_runtime_ms.png
2025-04-03 22:54:41,710 - analyze_results - INFO - Generating success rate chart
2025-04-03 22:54:42,298 - analyze_results - INFO - Saved chart: C:\Users\Admin\Desktop\COS30019---Intro-to-AI\Assignment_1\data\analysis\20250403_225437\chart_success_rate.png
2025-04-03 22:54:42,301 - analyze_results - INFO - Saved means to: C:\Users\Admin\Desktop\COS30019---Intro-to-AI\Assignment_1\data\analysis\20250403_225437\means.json
2025-04-03 22:54:42,301 - analyze_results - INFO - Saved source info to: C:\Users\Admin\Desktop\COS30019---Intro-to-AI\Assignment_1\data\analysis\20250403_225437\source_info.json
2025-04-03 22:54:42,301 - analyze_results - INFO - 
Analysis completed successfully!
2025-04-03 22:54:42,301 - analyze_results - INFO - Analysis checkpoint created: 20250403_225437
