2025-04-03 22:53:00,633 - run_experiments - INFO - Experiment run started at: 2025-04-03 22:53:00
2025-04-03 22:53:00,633 - run_experiments - INFO - Command line arguments: ['C:\\Users\\Admin\\Desktop\\COS30019---Intro-to-AI\\Assignment_1\\src\\experiment\\run_experiments.py', '--timeout', '300', '--node-counts', '1000', '3000', '5000', '8000', '10000', '--graphs-per-size', '3', '--log-dir', 'logs', '--timestamp', '20250403_225300']
2025-04-03 22:53:00,634 - run_experiments - INFO - Results base directory: C:\Users\Admin\Desktop\COS30019---Intro-to-AI\Assignment_1\data\results
2025-04-03 22:53:00,634 - run_experiments - INFO - Created results checkpoint directory: C:\Users\Admin\Desktop\COS30019---Intro-to-AI\Assignment_1\data\results\20250403_225300
2025-04-03 22:53:00,635 - run_experiments - INFO - Updated latest results checkpoint pointer to: 20250403_225300
2025-04-03 22:53:00,635 - run_experiments - INFO - Graphs base directory: C:\Users\Admin\Desktop\COS30019---Intro-to-AI\Assignment_1\data\graphs
2025-04-03 22:53:00,635 - run_experiments - INFO - No latest checkpoint marker, finding most recent directory
2025-04-03 22:53:00,635 - run_experiments - INFO - Found most recent checkpoint directory: 20250403_224036
2025-04-03 22:53:00,636 - run_experiments - INFO - Using graph checkpoint: 20250403_224036
2025-04-03 22:53:00,636 - run_experiments - INFO - Results will be saved to checkpoint: 20250403_225300
2025-04-03 22:53:00,636 - run_experiments - INFO - Using all node counts: [1000, 3000, 5000, 8000, 10000]
2025-04-03 22:53:00,636 - run_experiments - INFO - Using search algorithms: ['BFS', 'DFS', 'A*', 'Greedy', 'UCS', 'BULB']
2025-04-03 22:53:00,636 - run_experiments - INFO - 
Processing graphs with 1000 nodes:
2025-04-03 22:53:00,636 - run_experiments - INFO -   Found 3 graph files in C:\Users\Admin\Desktop\COS30019---Intro-to-AI\Assignment_1\data\graphs\20250403_224036\nodes_1000
2025-04-03 22:53:00,636 - run_experiments - INFO -   Processing graph: graph_1000_1.txt
2025-04-03 22:53:00,676 - run_experiments - INFO -     Initial: 195, Goals: [216, 138, 355]
2025-04-03 22:53:00,677 - run_experiments - INFO -   Running BFS...
2025-04-03 22:53:00,704 - run_experiments - INFO -     BFS: Found path of length 8 with cost 2042.23 in 26.92ms
2025-04-03 22:53:00,704 - run_experiments - INFO -   Running DFS...
2025-04-03 22:53:00,856 - run_experiments - INFO -     DFS: Found path of length 76 with cost 17941.07 in 152.22ms
2025-04-03 22:53:00,856 - run_experiments - INFO -   Running A*...
2025-04-03 22:53:00,863 - run_experiments - INFO -     A*: Found path of length 10 with cost 1722.78 in 7.02ms
2025-04-03 22:53:00,863 - run_experiments - INFO -   Running Greedy...
2025-04-03 22:53:00,864 - run_experiments - INFO -     Greedy: Found path of length 9 with cost 2082.22 in 0.00ms
2025-04-03 22:53:00,864 - run_experiments - INFO -   Running UCS...
2025-04-03 22:53:00,885 - run_experiments - INFO -     UCS: Found path of length 10 with cost 1722.78 in 20.11ms
2025-04-03 22:53:00,885 - run_experiments - INFO -   Running BULB...
2025-04-03 22:53:00,897 - run_experiments - INFO -     BULB: Found path of length 10 with cost 1722.78 in 11.62ms
2025-04-03 22:53:00,897 - run_experiments - INFO -   Processing graph: graph_1000_2.txt
2025-04-03 22:53:00,935 - run_experiments - INFO -     Initial: 850, Goals: [369, 746, 649]
2025-04-03 22:53:00,936 - run_experiments - INFO -   Running BFS...
2025-04-03 22:53:00,951 - run_experiments - INFO -     BFS: Found path of length 7 with cost 1770.42 in 15.37ms
2025-04-03 22:53:00,952 - run_experiments - INFO -   Running DFS...
2025-04-03 22:53:01,422 - run_experiments - INFO -     DFS: Found path of length 68 with cost 16876.42 in 469.07ms
2025-04-03 22:53:01,422 - run_experiments - INFO -   Running A*...
2025-04-03 22:53:01,428 - run_experiments - INFO -     A*: Found path of length 10 with cost 1414.43 in 6.01ms
2025-04-03 22:53:01,428 - run_experiments - INFO -   Running Greedy...
2025-04-03 22:53:01,429 - run_experiments - INFO -     Greedy: Found path of length 8 with cost 1969.66 in 1.04ms
2025-04-03 22:53:01,429 - run_experiments - INFO -   Running UCS...
2025-04-03 22:53:01,443 - run_experiments - INFO -     UCS: Found path of length 10 with cost 1414.43 in 14.08ms
2025-04-03 22:53:01,444 - run_experiments - INFO -   Running BULB...
2025-04-03 22:53:01,450 - run_experiments - INFO -     BULB: Found path of length 10 with cost 1414.43 in 6.75ms
2025-04-03 22:53:01,450 - run_experiments - INFO -   Processing graph: graph_1000_3.txt
2025-04-03 22:53:01,490 - run_experiments - INFO -     Initial: 661, Goals: [587, 996, 810]
2025-04-03 22:53:01,491 - run_experiments - INFO -   Running BFS...
2025-04-03 22:53:01,507 - run_experiments - INFO -     BFS: Found path of length 7 with cost 1719.29 in 13.77ms
2025-04-03 22:53:01,507 - run_experiments - INFO -   Running DFS...
2025-04-03 22:53:01,707 - run_experiments - INFO -     DFS: Found path of length 113 with cost 28520.03 in 199.33ms
2025-04-03 22:53:01,707 - run_experiments - INFO -   Running A*...
2025-04-03 22:53:01,713 - run_experiments - INFO -     A*: Found path of length 9 with cost 1380.05 in 6.24ms
2025-04-03 22:53:01,713 - run_experiments - INFO -   Running Greedy...
2025-04-03 22:53:01,714 - run_experiments - INFO -     Greedy: Found path of length 7 with cost 1686.29 in 1.24ms
2025-04-03 22:53:01,714 - run_experiments - INFO -   Running UCS...
2025-04-03 22:53:01,728 - run_experiments - INFO -     UCS: Found path of length 9 with cost 1380.05 in 14.10ms
2025-04-03 22:53:01,728 - run_experiments - INFO -   Running BULB...
2025-04-03 22:53:01,738 - run_experiments - INFO -     BULB: Found path of length 9 with cost 1380.05 in 9.65ms
2025-04-03 22:53:01,738 - run_experiments - INFO - 
Processing graphs with 3000 nodes:
2025-04-03 22:53:01,739 - run_experiments - INFO -   Found 3 graph files in C:\Users\Admin\Desktop\COS30019---Intro-to-AI\Assignment_1\data\graphs\20250403_224036\nodes_3000
2025-04-03 22:53:01,739 - run_experiments - INFO -   Processing graph: graph_3000_1.txt
2025-04-03 22:53:01,853 - run_experiments - INFO -     Initial: 1695, Goals: [158, 1149, 1321]
2025-04-03 22:53:01,857 - run_experiments - INFO -   Running BFS...
2025-04-03 22:53:01,959 - run_experiments - INFO -     BFS: Found path of length 13 with cost 6659.73 in 101.53ms
2025-04-03 22:53:01,959 - run_experiments - INFO -   Running DFS...
2025-04-03 22:53:05,549 - run_experiments - INFO -     DFS: Found path of length 163 with cost 68312.28 in 3589.04ms
2025-04-03 22:53:05,549 - run_experiments - INFO -   Running A*...
2025-04-03 22:53:05,577 - run_experiments - INFO -     A*: Found path of length 19 with cost 5163.70 in 27.51ms
2025-04-03 22:53:05,578 - run_experiments - INFO -   Running Greedy...
2025-04-03 22:53:05,578 - run_experiments - INFO -     Greedy: Found path of length 15 with cost 5797.65 in 0.51ms
2025-04-03 22:53:05,578 - run_experiments - INFO -   Running UCS...
2025-04-03 22:53:05,630 - run_experiments - INFO -     UCS: Found path of length 19 with cost 5163.70 in 52.27ms
2025-04-03 22:53:05,632 - run_experiments - INFO -   Running BULB...
2025-04-03 22:53:05,679 - run_experiments - INFO -     BULB: Found path of length 19 with cost 5163.70 in 46.94ms
2025-04-03 22:53:05,679 - run_experiments - INFO -   Processing graph: graph_3000_2.txt
2025-04-03 22:53:05,793 - run_experiments - INFO -     Initial: 1690, Goals: [1119, 2673, 2394]
2025-04-03 22:53:05,797 - run_experiments - INFO -   Running BFS...
2025-04-03 22:53:05,898 - run_experiments - INFO -     BFS: Found path of length 10 with cost 4663.82 in 100.32ms
2025-04-03 22:53:05,898 - run_experiments - INFO -   Running DFS...
2025-04-03 22:53:06,103 - run_experiments - INFO -     DFS: Found path of length 122 with cost 51852.49 in 205.03ms
2025-04-03 22:53:06,103 - run_experiments - INFO -   Running A*...
2025-04-03 22:53:06,115 - run_experiments - INFO -     A*: Found path of length 14 with cost 3827.03 in 12.05ms
2025-04-03 22:53:06,115 - run_experiments - INFO -   Running Greedy...
2025-04-03 22:53:06,117 - run_experiments - INFO -     Greedy: Found path of length 12 with cost 4374.09 in 1.00ms
2025-04-03 22:53:06,117 - run_experiments - INFO -   Running UCS...
2025-04-03 22:53:06,160 - run_experiments - INFO -     UCS: Found path of length 14 with cost 3827.03 in 43.63ms
2025-04-03 22:53:06,162 - run_experiments - INFO -   Running BULB...
2025-04-03 22:53:06,179 - run_experiments - INFO -     BULB: Found path of length 14 with cost 3827.03 in 17.33ms
2025-04-03 22:53:06,179 - run_experiments - INFO -   Processing graph: graph_3000_3.txt
2025-04-03 22:53:06,294 - run_experiments - INFO -     Initial: 727, Goals: [222, 2486, 585]
2025-04-03 22:53:06,299 - run_experiments - INFO -   Running BFS...
2025-04-03 22:53:06,383 - run_experiments - INFO -     BFS: Found path of length 10 with cost 4954.13 in 84.10ms
2025-04-03 22:53:06,383 - run_experiments - INFO -   Running DFS...
2025-04-03 22:53:06,420 - run_experiments - INFO -     DFS: Found path of length 73 with cost 30396.84 in 36.61ms
2025-04-03 22:53:06,420 - run_experiments - INFO -   Running A*...
2025-04-03 22:53:06,431 - run_experiments - INFO -     A*: Found path of length 12 with cost 3671.04 in 11.03ms
2025-04-03 22:53:06,431 - run_experiments - INFO -   Running Greedy...
2025-04-03 22:53:06,432 - run_experiments - INFO -     Greedy: Found path of length 12 with cost 4560.69 in 1.52ms
2025-04-03 22:53:06,433 - run_experiments - INFO -   Running UCS...
2025-04-03 22:53:06,472 - run_experiments - INFO -     UCS: Found path of length 12 with cost 3671.04 in 38.85ms
2025-04-03 22:53:06,472 - run_experiments - INFO -   Running BULB...
2025-04-03 22:53:06,489 - run_experiments - INFO -     BULB: Found path of length 12 with cost 3671.04 in 16.88ms
2025-04-03 22:53:06,489 - run_experiments - INFO - 
Processing graphs with 5000 nodes:
2025-04-03 22:53:06,490 - run_experiments - INFO -   Found 3 graph files in C:\Users\Admin\Desktop\COS30019---Intro-to-AI\Assignment_1\data\graphs\20250403_224036\nodes_5000
2025-04-03 22:53:06,490 - run_experiments - INFO -   Processing graph: graph_5000_1.txt
2025-04-03 22:53:06,679 - run_experiments - INFO -     Initial: 4689, Goals: [3691, 3424, 3225]
2025-04-03 22:53:06,686 - run_experiments - INFO -   Running BFS...
2025-04-03 22:53:06,957 - run_experiments - INFO -     BFS: Found path of length 24 with cost 15627.70 in 270.83ms
2025-04-03 22:53:06,957 - run_experiments - INFO -   Running DFS...
2025-04-03 22:53:15,923 - run_experiments - INFO -     DFS: Found path of length 275 with cost 151826.57 in 8965.04ms
2025-04-03 22:53:15,923 - run_experiments - INFO -   Running A*...
2025-04-03 22:53:16,011 - run_experiments - INFO -     A*: Found path of length 34 with cost 12303.79 in 87.39ms
2025-04-03 22:53:16,011 - run_experiments - INFO -   Running Greedy...
2025-04-03 22:53:16,014 - run_experiments - INFO -     Greedy: Found path of length 25 with cost 15917.08 in 3.21ms
2025-04-03 22:53:16,014 - run_experiments - INFO -   Running UCS...
2025-04-03 22:53:16,131 - run_experiments - INFO -     UCS: Found path of length 34 with cost 12303.79 in 116.05ms
2025-04-03 22:53:16,131 - run_experiments - INFO -   Running BULB...
2025-04-03 22:53:16,292 - run_experiments - INFO -     BULB: Found path of length 34 with cost 12303.79 in 161.82ms
2025-04-03 22:53:16,292 - run_experiments - INFO -   Processing graph: graph_5000_2.txt
2025-04-03 22:53:16,480 - run_experiments - INFO -     Initial: 2673, Goals: [2401, 1502, 1492]
2025-04-03 22:53:16,489 - run_experiments - INFO -   Running BFS...
2025-04-03 22:53:17,015 - run_experiments - INFO -     BFS: Found path of length 19 with cost 13421.82 in 526.33ms
2025-04-03 22:53:17,015 - run_experiments - INFO -   Running DFS...
2025-04-03 22:53:17,418 - run_experiments - INFO -     DFS: Found path of length 211 with cost 112488.27 in 402.82ms
2025-04-03 22:53:17,418 - run_experiments - INFO -   Running A*...
2025-04-03 22:53:17,501 - run_experiments - INFO -     A*: Found path of length 25 with cost 9665.47 in 83.15ms
2025-04-03 22:53:17,501 - run_experiments - INFO -   Running Greedy...
2025-04-03 22:53:17,504 - run_experiments - INFO -     Greedy: Found path of length 23 with cost 11944.35 in 3.00ms
2025-04-03 22:53:17,504 - run_experiments - INFO -   Running UCS...
2025-04-03 22:53:17,655 - run_experiments - INFO -     UCS: Found path of length 25 with cost 9665.47 in 150.61ms
2025-04-03 22:53:17,655 - run_experiments - INFO -   Running BULB...
2025-04-03 22:53:17,796 - run_experiments - INFO -     BULB: Found path of length 25 with cost 9665.47 in 141.23ms
2025-04-03 22:53:17,796 - run_experiments - INFO -   Processing graph: graph_5000_3.txt
2025-04-03 22:53:17,988 - run_experiments - INFO -     Initial: 4955, Goals: [4339, 2706, 2243]
2025-04-03 22:53:17,996 - run_experiments - INFO -   Running BFS...
2025-04-03 22:53:18,277 - run_experiments - INFO -     BFS: Found path of length 22 with cost 14837.52 in 281.36ms
2025-04-03 22:53:18,278 - run_experiments - INFO -   Running DFS...
2025-04-03 22:53:26,556 - run_experiments - INFO -     DFS: Found path of length 218 with cost 123452.14 in 8278.23ms
2025-04-03 22:53:26,556 - run_experiments - INFO -   Running A*...
2025-04-03 22:53:26,614 - run_experiments - INFO -     A*: Found path of length 30 with cost 11179.94 in 57.37ms
2025-04-03 22:53:26,614 - run_experiments - INFO -   Running Greedy...
2025-04-03 22:53:26,617 - run_experiments - INFO -     Greedy: Found path of length 23 with cost 13637.14 in 3.22ms
2025-04-03 22:53:26,617 - run_experiments - INFO -   Running UCS...
2025-04-03 22:53:26,737 - run_experiments - INFO -     UCS: Found path of length 30 with cost 11179.94 in 120.30ms
2025-04-03 22:53:26,737 - run_experiments - INFO -   Running BULB...
2025-04-03 22:53:26,838 - run_experiments - INFO -     BULB: Found path of length 30 with cost 11179.94 in 101.35ms
2025-04-03 22:53:26,839 - run_experiments - INFO - 
Processing graphs with 8000 nodes:
2025-04-03 22:53:26,839 - run_experiments - INFO -   Found 3 graph files in C:\Users\Admin\Desktop\COS30019---Intro-to-AI\Assignment_1\data\graphs\20250403_224036\nodes_8000
2025-04-03 22:53:26,839 - run_experiments - INFO -   Processing graph: graph_8000_1.txt
2025-04-03 22:53:27,165 - run_experiments - INFO -     Initial: 7453, Goals: [2355, 429, 4416]
2025-04-03 22:53:27,182 - run_experiments - INFO -   Running BFS...
2025-04-03 22:53:27,539 - run_experiments - INFO -     BFS: Found path of length 16 with cost 13773.12 in 355.89ms
2025-04-03 22:53:27,539 - run_experiments - INFO -   Running DFS...
2025-04-03 22:53:28,755 - run_experiments - INFO -     DFS: Found path of length 364 with cost 248286.65 in 1215.65ms
2025-04-03 22:53:28,755 - run_experiments - INFO -   Running A*...
2025-04-03 22:53:28,789 - run_experiments - INFO -     A*: Found path of length 23 with cost 10346.57 in 34.04ms
2025-04-03 22:53:28,789 - run_experiments - INFO -   Running Greedy...
2025-04-03 22:53:28,791 - run_experiments - INFO -     Greedy: Found path of length 18 with cost 13231.75 in 2.00ms
2025-04-03 22:53:28,791 - run_experiments - INFO -   Running UCS...
2025-04-03 22:53:28,900 - run_experiments - INFO -     UCS: Found path of length 23 with cost 10346.57 in 109.29ms
2025-04-03 22:53:28,900 - run_experiments - INFO -   Running BULB...
2025-04-03 22:53:28,952 - run_experiments - INFO -     BULB: Found path of length 23 with cost 10346.57 in 52.19ms
2025-04-03 22:53:28,952 - run_experiments - INFO -   Processing graph: graph_8000_2.txt
2025-04-03 22:53:29,258 - run_experiments - INFO -     Initial: 985, Goals: [1798, 3218, 4548]
2025-04-03 22:53:29,268 - run_experiments - INFO -   Running BFS...
2025-04-03 22:53:29,626 - run_experiments - INFO -     BFS: Found path of length 18 with cost 15247.08 in 357.84ms
2025-04-03 22:53:29,626 - run_experiments - INFO -   Running DFS...
2025-04-03 22:53:30,626 - run_experiments - INFO -     DFS: Found path of length 263 with cost 183652.65 in 999.35ms
2025-04-03 22:53:30,626 - run_experiments - INFO -   Running A*...
2025-04-03 22:53:30,682 - run_experiments - INFO -     A*: Found path of length 25 with cost 12067.52 in 56.39ms
2025-04-03 22:53:30,682 - run_experiments - INFO -   Running Greedy...
2025-04-03 22:53:30,684 - run_experiments - INFO -     Greedy: Found path of length 20 with cost 14911.64 in 2.00ms
2025-04-03 22:53:30,685 - run_experiments - INFO -   Running UCS...
2025-04-03 22:53:30,808 - run_experiments - INFO -     UCS: Found path of length 25 with cost 12067.52 in 122.54ms
2025-04-03 22:53:30,809 - run_experiments - INFO -   Running BULB...
2025-04-03 22:53:30,904 - run_experiments - INFO -     BULB: Found path of length 25 with cost 12067.52 in 95.69ms
2025-04-03 22:53:30,904 - run_experiments - INFO -   Processing graph: graph_8000_3.txt
2025-04-03 22:53:31,211 - run_experiments - INFO -     Initial: 7431, Goals: [7585, 3411, 39]
2025-04-03 22:53:31,223 - run_experiments - INFO -   Running BFS...
2025-04-03 22:53:31,640 - run_experiments - INFO -     BFS: Found path of length 32 with cost 26099.61 in 416.67ms
2025-04-03 22:53:31,640 - run_experiments - INFO -   Running DFS...
